43.0 APEX_CODE,FINEST;APEX_PROFILING,INFO;CALLOUT,INFO;DB,INFO;NBA,INFO;SYSTEM,DEBUG;VALIDATION,INFO;VISUALFORCE,INFO;WAVE,INFO;WORKFLOW,INFO
00:39:40.0 (81807)|USER_INFO|[EXTERNAL]|0050O0000072vcM|himanshu232@hotmail.com|Greenwich Mean Time|GMT+01:00
00:39:40.0 (143725)|EXECUTION_STARTED
00:39:40.0 (149544)|CODE_UNIT_STARTED|[EXTERNAL]|Aura
00:39:40.0 (1210438)|CODE_UNIT_STARTED|[EXTERNAL]|01p0O00000BMBHd|HotFoodBrandController.getBrands()
00:39:40.0 (1363230)|HEAP_ALLOCATE|[72]|Bytes:3
00:39:40.0 (1421281)|HEAP_ALLOCATE|[77]|Bytes:152
00:39:40.0 (1438381)|HEAP_ALLOCATE|[342]|Bytes:408
00:39:40.0 (1454933)|HEAP_ALLOCATE|[355]|Bytes:408
00:39:40.0 (1467297)|HEAP_ALLOCATE|[467]|Bytes:48
00:39:40.0 (1492464)|HEAP_ALLOCATE|[139]|Bytes:6
00:39:40.0 (1548528)|HEAP_ALLOCATE|[EXTERNAL]|Bytes:1
00:39:40.0 (1561751)|METHOD_ENTRY|[1]|01p0O00000BMBHd|HotFoodBrandController.HotFoodBrandController()
00:39:40.0 (1568472)|STATEMENT_EXECUTE|[1]
00:39:40.0 (1574140)|STATEMENT_EXECUTE|[1]
00:39:40.0 (1579143)|METHOD_EXIT|[1]|HotFoodBrandController
00:39:40.0 (1592441)|SYSTEM_MODE_ENTER|false
00:39:40.0 (1601150)|STATEMENT_EXECUTE|[3]
00:39:40.0 (1603037)|STATEMENT_EXECUTE|[5]
00:39:40.0 (1606583)|HEAP_ALLOCATE|[5]|Bytes:66
00:39:40.0 (1632843)|HEAP_ALLOCATE|[5]|Bytes:4
00:39:40.0 (1672156)|HEAP_ALLOCATE|[50]|Bytes:5
00:39:40.0 (1694901)|HEAP_ALLOCATE|[56]|Bytes:5
00:39:40.0 (1709829)|HEAP_ALLOCATE|[64]|Bytes:7
00:39:40.0 (2005415)|SOQL_EXECUTE_BEGIN|[5]|Aggregations:0|SELECT Id, name FROM HotFoodBrand__c ORDER BY name ASC NULLS FIRST
00:39:40.0 (3782629)|SOQL_EXECUTE_END|[5]|Rows:8
00:39:40.0 (3806039)|HEAP_ALLOCATE|[5]|Bytes:36
00:39:40.0 (3832712)|HEAP_ALLOCATE|[5]|Bytes:389
00:39:40.0 (3926911)|HEAP_ALLOCATE|[5]|Bytes:36
00:39:40.0 (3941937)|SYSTEM_MODE_EXIT|false
00:39:40.3 (3966307)|CUMULATIVE_LIMIT_USAGE
00:39:40.3 (3966307)|LIMIT_USAGE_FOR_NS|(default)|
  Number of SOQL queries: 1 out of 100
  Number of query rows: 8 out of 50000
  Number of SOSL queries: 0 out of 20
  Number of DML statements: 0 out of 150
  Number of DML rows: 0 out of 10000
  Maximum CPU time: 0 out of 10000
  Maximum heap size: 0 out of 6000000
  Number of callouts: 0 out of 100
  Number of Email Invocations: 0 out of 10
  Number of future calls: 0 out of 50
  Number of queueable jobs added to the queue: 0 out of 50
  Number of Mobile Apex push calls: 0 out of 10

00:39:40.3 (3966307)|CUMULATIVE_LIMIT_USAGE_END

00:39:40.0 (4005647)|CODE_UNIT_FINISHED|HotFoodBrandController.getBrands()
00:39:40.0 (4091582)|CODE_UNIT_FINISHED|Aura
00:39:40.0 (5089724)|EXECUTION_FINISHED
