43.0 APEX_CODE,FINEST;APEX_PROFILING,INFO;CALLOUT,INFO;DB,INFO;NBA,INFO;SYSTEM,DEBUG;VALIDATION,INFO;VISUALFORCE,INFO;WAVE,INFO;WORKFLOW,INFO
01:23:23.0 (84355)|USER_INFO|[EXTERNAL]|0050O0000072vcM|himanshu232@hotmail.com|Greenwich Mean Time|GMT+01:00
01:23:23.0 (147296)|EXECUTION_STARTED
01:23:23.0 (154138)|CODE_UNIT_STARTED|[EXTERNAL]|Aura
01:23:23.0 (808206)|HEAP_ALLOCATE|[72]|Bytes:3
01:23:23.0 (863417)|HEAP_ALLOCATE|[77]|Bytes:152
01:23:23.0 (880095)|HEAP_ALLOCATE|[342]|Bytes:408
01:23:23.0 (896362)|HEAP_ALLOCATE|[355]|Bytes:408
01:23:23.0 (909076)|HEAP_ALLOCATE|[467]|Bytes:48
01:23:23.0 (931175)|HEAP_ALLOCATE|[139]|Bytes:6
01:23:23.0 (950594)|HEAP_ALLOCATE|[EXTERNAL]|Bytes:1
01:23:23.0 (957972)|HEAP_ALLOCATE|[EXTERNAL]|Bytes:1
01:23:23.0 (1672513)|CODE_UNIT_STARTED|[EXTERNAL]|01p0O00000BMBHd|HotFoodBrandController.findByBrandName(String)
01:23:23.0 (1769923)|HEAP_ALLOCATE|[EXTERNAL]|Bytes:3
01:23:23.0 (1783326)|METHOD_ENTRY|[1]|01p0O00000BMBHd|HotFoodBrandController.HotFoodBrandController()
01:23:23.0 (1790383)|STATEMENT_EXECUTE|[1]
01:23:23.0 (1795917)|STATEMENT_EXECUTE|[1]
01:23:23.0 (1801090)|METHOD_EXIT|[1]|HotFoodBrandController
01:23:23.0 (1806524)|HEAP_ALLOCATE|[EXTERNAL]|Bytes:1
01:23:23.0 (1816947)|SYSTEM_MODE_ENTER|false
01:23:23.0 (1825033)|VARIABLE_SCOPE_BEGIN|[9]|searchKey|String|false|false
01:23:23.0 (1848314)|VARIABLE_ASSIGNMENT|[9]|searchKey|"z"
01:23:23.0 (1858632)|STATEMENT_EXECUTE|[9]
01:23:23.0 (1860630)|STATEMENT_EXECUTE|[10]
01:23:23.0 (1864511)|HEAP_ALLOCATE|[10]|Bytes:1
01:23:23.0 (1878690)|HEAP_ALLOCATE|[10]|Bytes:3
01:23:23.0 (1886064)|VARIABLE_SCOPE_BEGIN|[10]|brandname|String|false|false
01:23:23.0 (1898037)|VARIABLE_ASSIGNMENT|[10]|brandname|"%z%"
01:23:23.0 (1902462)|STATEMENT_EXECUTE|[11]
01:23:23.0 (1904994)|HEAP_ALLOCATE|[11]|Bytes:61
01:23:23.0 (1933199)|HEAP_ALLOCATE|[11]|Bytes:4
01:23:23.0 (1949991)|HEAP_ALLOCATE|[11]|Bytes:7
01:23:23.0 (1992903)|HEAP_ALLOCATE|[50]|Bytes:5
01:23:23.0 (2016014)|HEAP_ALLOCATE|[56]|Bytes:5
01:23:23.0 (2024589)|HEAP_ALLOCATE|[64]|Bytes:7
01:23:23.0 (2348667)|SOQL_EXECUTE_BEGIN|[11]|Aggregations:0|SELECT id, name FROM HotFoodBrand__c WHERE name LIKE :tmpVar1
01:23:23.0 (7945814)|SOQL_EXECUTE_END|[11]|Rows:2
01:23:23.0 (7977608)|HEAP_ALLOCATE|[11]|Bytes:12
01:23:23.0 (7996764)|HEAP_ALLOCATE|[11]|Bytes:85
01:23:23.0 (8101794)|HEAP_ALLOCATE|[11]|Bytes:12
01:23:23.0 (8122405)|SYSTEM_MODE_EXIT|false
01:23:23.8 (8150573)|CUMULATIVE_LIMIT_USAGE
01:23:23.8 (8150573)|LIMIT_USAGE_FOR_NS|(default)|
  Number of SOQL queries: 1 out of 100
  Number of query rows: 2 out of 50000
  Number of SOSL queries: 0 out of 20
  Number of DML statements: 0 out of 150
  Number of DML rows: 0 out of 10000
  Maximum CPU time: 0 out of 10000
  Maximum heap size: 0 out of 6000000
  Number of callouts: 0 out of 100
  Number of Email Invocations: 0 out of 10
  Number of future calls: 0 out of 50
  Number of queueable jobs added to the queue: 0 out of 50
  Number of Mobile Apex push calls: 0 out of 10

01:23:23.8 (8150573)|CUMULATIVE_LIMIT_USAGE_END

01:23:23.0 (8195979)|CODE_UNIT_FINISHED|HotFoodBrandController.findByBrandName(String)
01:23:23.0 (8281488)|CODE_UNIT_FINISHED|Aura
01:23:23.0 (9416171)|EXECUTION_FINISHED
