43.0 APEX_CODE,FINEST;APEX_PROFILING,INFO;CALLOUT,INFO;DB,INFO;NBA,INFO;SYSTEM,DEBUG;VALIDATION,INFO;VISUALFORCE,INFO;WAVE,INFO;WORKFLOW,INFO
00:59:20.0 (85595)|USER_INFO|[EXTERNAL]|0050O0000072vcM|himanshu232@hotmail.com|Greenwich Mean Time|GMT+01:00
00:59:20.0 (147559)|EXECUTION_STARTED
00:59:20.0 (153626)|CODE_UNIT_STARTED|[EXTERNAL]|Aura
00:59:20.0 (1163096)|CODE_UNIT_STARTED|[EXTERNAL]|01p0O00000BMBHd|HotFoodBrandController.getBrands()
00:59:20.0 (1318900)|HEAP_ALLOCATE|[72]|Bytes:3
00:59:20.0 (1373924)|HEAP_ALLOCATE|[77]|Bytes:152
00:59:20.0 (1389930)|HEAP_ALLOCATE|[342]|Bytes:408
00:59:20.0 (1406172)|HEAP_ALLOCATE|[355]|Bytes:408
00:59:20.0 (1417966)|HEAP_ALLOCATE|[467]|Bytes:48
00:59:20.0 (1442928)|HEAP_ALLOCATE|[139]|Bytes:6
00:59:20.0 (1460472)|HEAP_ALLOCATE|[EXTERNAL]|Bytes:3
00:59:20.0 (1471490)|METHOD_ENTRY|[1]|01p0O00000BMBHd|HotFoodBrandController.HotFoodBrandController()
00:59:20.0 (1478299)|STATEMENT_EXECUTE|[1]
00:59:20.0 (1483668)|STATEMENT_EXECUTE|[1]
00:59:20.0 (1488016)|METHOD_EXIT|[1]|HotFoodBrandController
00:59:20.0 (1500591)|SYSTEM_MODE_ENTER|false
00:59:20.0 (1509928)|STATEMENT_EXECUTE|[3]
00:59:20.0 (1511811)|STATEMENT_EXECUTE|[4]
00:59:20.0 (1515016)|HEAP_ALLOCATE|[4]|Bytes:66
00:59:20.0 (1536177)|HEAP_ALLOCATE|[4]|Bytes:4
00:59:20.0 (1573651)|HEAP_ALLOCATE|[50]|Bytes:5
00:59:20.0 (1596781)|HEAP_ALLOCATE|[56]|Bytes:5
00:59:20.0 (1605456)|HEAP_ALLOCATE|[64]|Bytes:7
00:59:20.0 (1864437)|SOQL_EXECUTE_BEGIN|[4]|Aggregations:0|SELECT Id, name FROM HotFoodBrand__c ORDER BY name ASC NULLS FIRST
00:59:20.0 (11213058)|SOQL_EXECUTE_END|[4]|Rows:8
00:59:20.0 (11235602)|HEAP_ALLOCATE|[4]|Bytes:36
00:59:20.0 (11261119)|HEAP_ALLOCATE|[4]|Bytes:389
00:59:20.0 (11299921)|HEAP_ALLOCATE|[4]|Bytes:36
00:59:20.0 (11315829)|SYSTEM_MODE_EXIT|false
00:59:20.11 (11341087)|CUMULATIVE_LIMIT_USAGE
00:59:20.11 (11341087)|LIMIT_USAGE_FOR_NS|(default)|
  Number of SOQL queries: 1 out of 100
  Number of query rows: 8 out of 50000
  Number of SOSL queries: 0 out of 20
  Number of DML statements: 0 out of 150
  Number of DML rows: 0 out of 10000
  Maximum CPU time: 0 out of 10000
  Maximum heap size: 0 out of 6000000
  Number of callouts: 0 out of 100
  Number of Email Invocations: 0 out of 10
  Number of future calls: 0 out of 50
  Number of queueable jobs added to the queue: 0 out of 50
  Number of Mobile Apex push calls: 0 out of 10

00:59:20.11 (11341087)|CUMULATIVE_LIMIT_USAGE_END

00:59:20.0 (11381612)|CODE_UNIT_FINISHED|HotFoodBrandController.getBrands()
00:59:20.0 (11469290)|CODE_UNIT_FINISHED|Aura
00:59:20.0 (12600071)|EXECUTION_FINISHED
