36.0 APEX_CODE,FINEST;APEX_PROFILING,INFO;CALLOUT,INFO;DB,INFO;NBA,INFO;SYSTEM,DEBUG;VALIDATION,INFO;VISUALFORCE,INFO;WAVE,INFO;WORKFLOW,INFO
20:51:31.1 (1142715)|USER_INFO|[EXTERNAL]|0050O0000072vcM|himanshu232@hotmail.com|Greenwich Mean Time|GMT+01:00
20:51:31.1 (1276934)|EXECUTION_STARTED
20:51:31.1 (1300751)|CODE_UNIT_STARTED|[EXTERNAL]|01p0O00000BMBGp|HFO_HotFoodBrandTriggerTest.updateHotFoodBrandName()
20:51:31.1 (2678071)|HEAP_ALLOCATE|[72]|Bytes:3
20:51:31.1 (2803760)|HEAP_ALLOCATE|[77]|Bytes:152
20:51:31.1 (2840395)|HEAP_ALLOCATE|[342]|Bytes:408
20:51:31.1 (2878459)|HEAP_ALLOCATE|[355]|Bytes:408
20:51:31.1 (2910683)|HEAP_ALLOCATE|[467]|Bytes:48
20:51:31.1 (2966450)|HEAP_ALLOCATE|[139]|Bytes:6
20:51:31.1 (3000059)|HEAP_ALLOCATE|[EXTERNAL]|Bytes:17
20:51:31.1 (3084433)|METHOD_ENTRY|[9]|01p0O00000BMBGp|HFO_HotFoodBrandTriggerTest.HFO_HotFoodBrandTriggerTest()
20:51:31.1 (3099511)|STATEMENT_EXECUTE|[9]
20:51:31.1 (3109528)|STATEMENT_EXECUTE|[9]
20:51:31.1 (3138459)|METHOD_EXIT|[9]|HFO_HotFoodBrandTriggerTest
20:51:31.1 (3213706)|HEAP_ALLOCATE|[50]|Bytes:5
20:51:31.1 (3263837)|HEAP_ALLOCATE|[56]|Bytes:5
20:51:31.1 (3281718)|HEAP_ALLOCATE|[64]|Bytes:7
20:51:31.1 (3370597)|STATEMENT_EXECUTE|[12]
20:51:31.1 (3376297)|STATEMENT_EXECUTE|[14]
20:51:31.1 (3508213)|HEAP_ALLOCATE|[14]|Bytes:4
20:51:31.1 (3699353)|VARIABLE_SCOPE_BEGIN|[14]|hfb|HotFoodBrand__c|true|false
20:51:31.1 (3760380)|VARIABLE_ASSIGNMENT|[14]|hfb|{}|0x7dd33a07
20:51:31.1 (3774630)|STATEMENT_EXECUTE|[15]
20:51:31.1 (3783200)|HEAP_ALLOCATE|[15]|Bytes:10
20:51:31.1 (5066276)|VARIABLE_ASSIGNMENT|[15]|this.Name|"Test Brand"|0x7dd33a07
20:51:31.1 (5088048)|STATEMENT_EXECUTE|[16]
20:51:31.1 (5155683)|HEAP_ALLOCATE|[16]|Bytes:8
20:51:31.1 (5201146)|DML_BEGIN|[16]|Op:Insert|Type:HotFoodBrand__c|Rows:1
20:51:31.1 (5312380)|HEAP_ALLOCATE|[EXTERNAL]|Bytes:8
20:51:31.1 (40917307)|DML_END|[16]
20:51:31.1 (40957320)|STATEMENT_EXECUTE|[17]
20:51:31.1 (40972711)|HEAP_ALLOCATE|[17]|Bytes:13
20:51:31.1 (41122734)|VARIABLE_ASSIGNMENT|[17]|this.Name|"My Test Brand"|0x7dd33a07
20:51:31.1 (41144002)|STATEMENT_EXECUTE|[18]
20:51:31.1 (41229635)|HEAP_ALLOCATE|[18]|Bytes:8
20:51:31.1 (41261982)|DML_BEGIN|[18]|Op:Update|Type:HotFoodBrand__c|Rows:1
20:51:31.1 (41336278)|HEAP_ALLOCATE|[EXTERNAL]|Bytes:8
20:51:31.1 (110465965)|CODE_UNIT_STARTED|[EXTERNAL]|01q0O000000ScpE|HFO_HotFoodBrandTrigger on HotFoodBrand trigger event BeforeUpdate|__sfdc_trigger/HFO_HotFoodBrandTrigger
20:51:31.1 (110550423)|HEAP_ALLOCATE|[EXTERNAL]|Bytes:8
20:51:31.1 (110614123)|HEAP_ALLOCATE|[EXTERNAL]|Bytes:8
20:51:31.1 (110816780)|HEAP_ALLOCATE|[EXTERNAL]|Bytes:4
20:51:31.1 (110843838)|VARIABLE_SCOPE_BEGIN|[7]|this|HFO_HotFoodBrandTrigger|true|false
20:51:31.1 (110942819)|VARIABLE_ASSIGNMENT|[7]|this|{}|0x118fc16c
20:51:31.1 (111059874)|HEAP_ALLOCATE|[EXTERNAL]|Bytes:4
20:51:31.1 (111111033)|VARIABLE_SCOPE_BEGIN|[7]|this|HFO_HotFoodBrandTrigger|true|false
20:51:31.1 (111161351)|VARIABLE_ASSIGNMENT|[7]|this|{}|0x118fc16c
20:51:31.1 (111186927)|STATEMENT_EXECUTE|[7]
20:51:31.1 (111193959)|STATEMENT_EXECUTE|[8]
20:51:31.1 (116546785)|VARIABLE_SCOPE_BEGIN|[9]|HFO_HotFoodBrandTriggerHandler.TriggerDisabled|Boolean|false|true
20:51:31.1 (120639880)|HEAP_ALLOCATE|[8]|Bytes:23
20:51:31.1 (120666047)|HEAP_ALLOCATE|[8]|Bytes:5
20:51:31.1 (120735493)|METHOD_ENTRY|[7]|01p0O00000BMBGa|HFO_HotFoodBrandTriggerHandler.HFO_HotFoodBrandTriggerHandler()
20:51:31.1 (120749934)|STATEMENT_EXECUTE|[7]
20:51:31.1 (120758537)|STATEMENT_EXECUTE|[7]
20:51:31.1 (120762398)|STATEMENT_EXECUTE|[9]
20:51:31.1 (120783132)|HEAP_ALLOCATE|[9]|Bytes:5
20:51:31.1 (120811328)|VARIABLE_ASSIGNMENT|[9]|HFO_HotFoodBrandTriggerHandler.TriggerDisabled|false
20:51:31.1 (120832202)|METHOD_EXIT|[7]|HFO_HotFoodBrandTriggerHandler
20:51:31.1 (120859576)|HEAP_ALLOCATE|[8]|Bytes:4
20:51:31.1 (120894824)|CONSTRUCTOR_ENTRY|[8]|01p0O00000BMBGa|<init>()|HFO_HotFoodBrandTriggerHandler
20:51:31.1 (120943337)|VARIABLE_SCOPE_BEGIN|[7]|this|HFO_HotFoodBrandTriggerHandler|true|false
20:51:31.1 (120985669)|VARIABLE_ASSIGNMENT|[7]|this|{}|0x5c8550f3
20:51:31.1 (121008375)|HEAP_ALLOCATE|[EXTERNAL]|Bytes:6
20:51:31.1 (121450158)|STATEMENT_EXECUTE|[7]
20:51:31.1 (121473034)|CONSTRUCTOR_EXIT|[8]|01p0O00000BMBGa|<init>()|HFO_HotFoodBrandTriggerHandler
20:51:31.1 (123397708)|HEAP_ALLOCATE|[8]|Bytes:2
20:51:31.1 (123442690)|METHOD_ENTRY|[7]|01p0O00000BMBGQ|HFO_TriggerDispatcher.HFO_TriggerDispatcher()
20:51:31.1 (123457150)|STATEMENT_EXECUTE|[7]
20:51:31.1 (123465943)|STATEMENT_EXECUTE|[7]
20:51:31.1 (123476159)|METHOD_EXIT|[7]|HFO_TriggerDispatcher
20:51:31.1 (123523469)|METHOD_ENTRY|[8]|01p0O00000BMBGQ|HFO_TriggerDispatcher.Run(HFO_ITriggerHandler)
20:51:31.1 (123540676)|VARIABLE_SCOPE_BEGIN|[13]|handler|HFO_ITriggerHandler|true|false
20:51:31.1 (123581693)|VARIABLE_ASSIGNMENT|[13]|handler|{}|0x5c8550f3
20:51:31.1 (123618636)|STATEMENT_EXECUTE|[13]
20:51:31.1 (123654751)|METHOD_ENTRY|[15]|01p0O00000BMBGa|HFO_HotFoodBrandTriggerHandler.IsDisabled()
20:51:31.1 (123712097)|VARIABLE_SCOPE_BEGIN|[50]|this|HFO_HotFoodBrandTriggerHandler|true|false
20:51:31.1 (123744741)|VARIABLE_ASSIGNMENT|[50]|this|{}|0x5c8550f3
20:51:31.1 (123768061)|STATEMENT_EXECUTE|[50]
20:51:31.1 (123772123)|STATEMENT_EXECUTE|[55]
20:51:31.1 (123786059)|METHOD_EXIT|[15]|01p0O00000BMBGa|HFO_HotFoodBrandTriggerHandler.IsDisabled()
20:51:31.1 (123800953)|STATEMENT_EXECUTE|[16]
20:51:31.1 (123809363)|METHOD_EXIT|[8]|01p0O00000BMBGQ|HFO_TriggerDispatcher.Run(HFO_ITriggerHandler)
20:51:31.123 (123826312)|CUMULATIVE_LIMIT_USAGE
20:51:31.123 (123826312)|LIMIT_USAGE_FOR_NS|(default)|
  Number of SOQL queries: 0 out of 100
  Number of query rows: 0 out of 50000
  Number of SOSL queries: 0 out of 20
  Number of DML statements: 2 out of 150
  Number of DML rows: 2 out of 10000
  Maximum CPU time: 0 out of 10000
  Maximum heap size: 0 out of 6000000
  Number of callouts: 0 out of 100
  Number of Email Invocations: 0 out of 10
  Number of future calls: 0 out of 50
  Number of queueable jobs added to the queue: 0 out of 50
  Number of Mobile Apex push calls: 0 out of 10

20:51:31.123 (123826312)|CUMULATIVE_LIMIT_USAGE_END

20:51:31.1 (124918515)|CODE_UNIT_FINISHED|HFO_HotFoodBrandTrigger on HotFoodBrand trigger event BeforeUpdate|__sfdc_trigger/HFO_HotFoodBrandTrigger
20:51:31.1 (135625154)|DML_END|[18]
20:51:31.1 (135654631)|STATEMENT_EXECUTE|[19]
20:51:31.1 (135667303)|HEAP_ALLOCATE|[19]|Bytes:42
20:51:31.1 (135835510)|HEAP_ALLOCATE|[19]|Bytes:18
20:51:31.1 (135875914)|HEAP_ALLOCATE|[19]|Bytes:60
20:51:31.1 (135918346)|USER_DEBUG|[19]|DEBUG|Test HotFoodBrand record has been created a010O00002EWKuFQAX
20:51:31.135 (135947196)|CUMULATIVE_LIMIT_USAGE
20:51:31.135 (135947196)|LIMIT_USAGE_FOR_NS|(default)|
  Number of SOQL queries: 0 out of 100
  Number of query rows: 0 out of 50000
  Number of SOSL queries: 0 out of 20
  Number of DML statements: 2 out of 150
  Number of DML rows: 2 out of 10000
  Maximum CPU time: 0 out of 10000
  Maximum heap size: 0 out of 6000000
  Number of callouts: 0 out of 100
  Number of Email Invocations: 0 out of 10
  Number of future calls: 0 out of 50
  Number of queueable jobs added to the queue: 0 out of 50
  Number of Mobile Apex push calls: 0 out of 10

20:51:31.135 (135947196)|CUMULATIVE_LIMIT_USAGE_END

20:51:31.1 (135997724)|CODE_UNIT_FINISHED|HFO_HotFoodBrandTriggerTest.updateHotFoodBrandName()
20:51:31.1 (136930244)|EXECUTION_FINISHED
