36.0 APEX_CODE,FINEST;APEX_PROFILING,INFO;CALLOUT,INFO;DB,INFO;NBA,INFO;SYSTEM,DEBUG;VALIDATION,INFO;VISUALFORCE,INFO;WAVE,INFO;WORKFLOW,INFO
21:14:50.0 (649166)|USER_INFO|[EXTERNAL]|0050O0000072vcM|himanshu232@hotmail.com|Greenwich Mean Time|GMT+01:00
21:14:50.0 (725536)|EXECUTION_STARTED
21:14:50.0 (734878)|CODE_UNIT_STARTED|[EXTERNAL]|01p0O00000BMBGp|HFO_HotFoodBrandTriggerTest.updateHotFoodBrandName()
21:14:50.0 (933134)|HEAP_ALLOCATE|[72]|Bytes:3
21:14:50.0 (992440)|HEAP_ALLOCATE|[77]|Bytes:152
21:14:50.0 (1009352)|HEAP_ALLOCATE|[342]|Bytes:408
21:14:50.0 (1026866)|HEAP_ALLOCATE|[355]|Bytes:408
21:14:50.0 (1040990)|HEAP_ALLOCATE|[467]|Bytes:48
21:14:50.0 (1068795)|HEAP_ALLOCATE|[139]|Bytes:6
21:14:50.0 (1084587)|HEAP_ALLOCATE|[EXTERNAL]|Bytes:41
21:14:50.0 (1126721)|METHOD_ENTRY|[9]|01p0O00000BMBGp|HFO_HotFoodBrandTriggerTest.HFO_HotFoodBrandTriggerTest()
21:14:50.0 (1134572)|STATEMENT_EXECUTE|[9]
21:14:50.0 (1149112)|STATEMENT_EXECUTE|[9]
21:14:50.0 (1161893)|METHOD_EXIT|[9]|HFO_HotFoodBrandTriggerTest
21:14:50.0 (1273925)|HEAP_ALLOCATE|[50]|Bytes:5
21:14:50.0 (1297267)|HEAP_ALLOCATE|[56]|Bytes:5
21:14:50.0 (1307114)|HEAP_ALLOCATE|[64]|Bytes:7
21:14:50.0 (1344862)|STATEMENT_EXECUTE|[12]
21:14:50.0 (1347597)|STATEMENT_EXECUTE|[14]
21:14:50.0 (1393348)|HEAP_ALLOCATE|[14]|Bytes:4
21:14:50.0 (1491990)|VARIABLE_SCOPE_BEGIN|[14]|hfb|HotFoodBrand__c|true|false
21:14:50.0 (1631042)|VARIABLE_ASSIGNMENT|[14]|hfb|{}|0x63c67c2d
21:14:50.0 (1637931)|STATEMENT_EXECUTE|[15]
21:14:50.0 (1641313)|HEAP_ALLOCATE|[15]|Bytes:10
21:14:50.0 (1699051)|VARIABLE_ASSIGNMENT|[15]|this.Name|"Test Brand"|0x63c67c2d
21:14:50.0 (1706583)|STATEMENT_EXECUTE|[16]
21:14:50.0 (1734776)|HEAP_ALLOCATE|[16]|Bytes:8
21:14:50.0 (1751808)|DML_BEGIN|[16]|Op:Insert|Type:HotFoodBrand__c|Rows:1
21:14:50.0 (1781063)|HEAP_ALLOCATE|[EXTERNAL]|Bytes:8
21:14:50.0 (31913755)|DML_END|[16]
21:14:50.0 (31933447)|STATEMENT_EXECUTE|[20]
21:14:50.0 (31981969)|HEAP_ALLOCATE|[20]|Bytes:4
21:14:50.0 (32090457)|VARIABLE_SCOPE_BEGIN|[20]|newAcc1|Account|true|false
21:14:50.0 (32118751)|VARIABLE_ASSIGNMENT|[20]|newAcc1|{}|0x114e32dc
21:14:50.0 (32126287)|STATEMENT_EXECUTE|[21]
21:14:50.0 (32132518)|HEAP_ALLOCATE|[21]|Bytes:20
21:14:50.0 (32197653)|VARIABLE_ASSIGNMENT|[21]|this.Name|"Test account street1"|0x114e32dc
21:14:50.0 (32205490)|STATEMENT_EXECUTE|[22]
21:14:50.0 (32267346)|VARIABLE_ASSIGNMENT|[22]|this.Brand_Name__c|"a010O00002EWKujQAH"|0x114e32dc
21:14:50.0 (32274546)|STATEMENT_EXECUTE|[23]
21:14:50.0 (32300954)|HEAP_ALLOCATE|[23]|Bytes:8
21:14:50.0 (32319045)|DML_BEGIN|[23]|Op:Insert|Type:Account|Rows:1
21:14:50.0 (32352581)|HEAP_ALLOCATE|[EXTERNAL]|Bytes:8
21:14:50.0 (45710012)|CODE_UNIT_STARTED|[EXTERNAL]|DuplicateDetector
21:14:50.0 (45731577)|DUPLICATE_DETECTION_BEGIN
21:14:50.0 (45774968)|DUPLICATE_DETECTION_RULE_INVOCATION|DuplicateRuleId:0Bm0O000001ZJEo|DuplicateRuleName:Standard Account Duplicate Rule|DmlType:INSERT
21:14:50.0 (68435070)|DUPLICATE_DETECTION_MATCH_INVOCATION_DETAILS|EntityType:Account|ActionTaken:Allow_[Alert,Report]|DuplicateRecordIds:
21:14:50.0 (68471471)|DUPLICATE_DETECTION_MATCH_INVOCATION_SUMMARY|EntityType:Account|NumRecordsToBeSaved:1|NumRecordsToBeSavedWithDuplicates:0|NumDuplicateRecordsFound:0
21:14:50.0 (82256810)|DUPLICATE_DETECTION_END
21:14:50.0 (82267186)|CODE_UNIT_FINISHED|DuplicateDetector
21:14:50.0 (109494444)|DML_END|[23]
21:14:50.0 (109520503)|STATEMENT_EXECUTE|[25]
21:14:50.0 (109545303)|HEAP_ALLOCATE|[25]|Bytes:4
21:14:50.0 (109598067)|VARIABLE_SCOPE_BEGIN|[25]|newAcc2|Account|true|false
21:14:50.0 (109626532)|VARIABLE_ASSIGNMENT|[25]|newAcc2|{}|0x77b6823f
21:14:50.0 (109633347)|STATEMENT_EXECUTE|[26]
21:14:50.0 (109638336)|HEAP_ALLOCATE|[26]|Bytes:21
21:14:50.0 (109695181)|VARIABLE_ASSIGNMENT|[26]|this.Name|"Test account street1 (1 more) ..."|0x77b6823f
21:14:50.0 (109702888)|STATEMENT_EXECUTE|[27]
21:14:50.0 (109749883)|VARIABLE_ASSIGNMENT|[27]|this.Brand_Name__c|"a010O00002EWKujQAH"|0x77b6823f
21:14:50.0 (109756770)|STATEMENT_EXECUTE|[28]
21:14:50.0 (109784445)|HEAP_ALLOCATE|[28]|Bytes:8
21:14:50.0 (109803263)|DML_BEGIN|[28]|Op:Insert|Type:Account|Rows:1
21:14:50.0 (109836383)|HEAP_ALLOCATE|[EXTERNAL]|Bytes:8
21:14:50.0 (112370829)|CODE_UNIT_STARTED|[EXTERNAL]|DuplicateDetector
21:14:50.0 (112387586)|DUPLICATE_DETECTION_BEGIN
21:14:50.0 (112428748)|DUPLICATE_DETECTION_RULE_INVOCATION|DuplicateRuleId:0Bm0O000001ZJEo|DuplicateRuleName:Standard Account Duplicate Rule|DmlType:INSERT
21:14:50.0 (121427452)|DUPLICATE_DETECTION_MATCH_INVOCATION_DETAILS|EntityType:Account|ActionTaken:Allow_[Alert,Report]|DuplicateRecordIds:
21:14:50.0 (121447476)|DUPLICATE_DETECTION_MATCH_INVOCATION_SUMMARY|EntityType:Account|NumRecordsToBeSaved:1|NumRecordsToBeSavedWithDuplicates:0|NumDuplicateRecordsFound:0
21:14:50.0 (121559222)|DUPLICATE_DETECTION_END
21:14:50.0 (121567414)|CODE_UNIT_FINISHED|DuplicateDetector
21:14:50.0 (135051316)|DML_END|[28]
21:14:50.0 (135074156)|STATEMENT_EXECUTE|[31]
21:14:50.0 (135081567)|HEAP_ALLOCATE|[31]|Bytes:13
21:14:50.0 (135155512)|VARIABLE_ASSIGNMENT|[31]|this.Name|"My Test Brand"|0x63c67c2d
21:14:50.0 (135163782)|STATEMENT_EXECUTE|[32]
21:14:50.0 (135201721)|HEAP_ALLOCATE|[32]|Bytes:8
21:14:50.0 (135219506)|DML_BEGIN|[32]|Op:Update|Type:HotFoodBrand__c|Rows:1
21:14:50.0 (135253496)|HEAP_ALLOCATE|[EXTERNAL]|Bytes:8
21:14:50.0 (141092290)|CODE_UNIT_STARTED|[EXTERNAL]|01q0O000000ScpE|HFO_HotFoodBrandTrigger on HotFoodBrand trigger event BeforeUpdate|__sfdc_trigger/HFO_HotFoodBrandTrigger
21:14:50.0 (141133406)|HEAP_ALLOCATE|[EXTERNAL]|Bytes:8
21:14:50.0 (141159469)|HEAP_ALLOCATE|[EXTERNAL]|Bytes:8
21:14:50.0 (141265296)|HEAP_ALLOCATE|[EXTERNAL]|Bytes:5
21:14:50.0 (141337436)|HEAP_ALLOCATE|[EXTERNAL]|Bytes:8
21:14:50.0 (141349594)|VARIABLE_SCOPE_BEGIN|[7]|this|HFO_HotFoodBrandTrigger|true|false
21:14:50.0 (141418997)|VARIABLE_ASSIGNMENT|[7]|this|{}|0x73ef2d13
21:14:50.0 (141478642)|HEAP_ALLOCATE|[EXTERNAL]|Bytes:8
21:14:50.0 (141488337)|VARIABLE_SCOPE_BEGIN|[7]|this|HFO_HotFoodBrandTrigger|true|false
21:14:50.0 (141504287)|VARIABLE_ASSIGNMENT|[7]|this|{}|0x73ef2d13
21:14:50.0 (141512227)|STATEMENT_EXECUTE|[7]
21:14:50.0 (141514303)|STATEMENT_EXECUTE|[11]
21:14:50.0 (141526396)|HEAP_ALLOCATE|[11]|Bytes:4
21:14:50.0 (141664571)|HEAP_ALLOCATE|[EXTERNAL]|Bytes:4
21:14:50.0 (141679547)|VARIABLE_ASSIGNMENT|[11]|this.accountsWithBrands|[]|0x73ef2d13
21:14:50.0 (141909095)|HEAP_ALLOCATE|[14]|Bytes:5
21:14:50.0 (141942087)|HEAP_ALLOCATE|[14]|Bytes:4
21:14:50.0 (141958889)|VARIABLE_SCOPE_BEGIN|[14]|hotfood|HotFoodBrand__c|true|false
21:14:50.0 (142138045)|VARIABLE_ASSIGNMENT|[14]|hotfood|{"LastModifiedDate":"2018-09-01T20:14:50.000Z","IsDeleted":false,"OwnerId":"0050O0000072vcMQAQ","CreatedById":"0050O0000072vcMQAQ","CreatedDate":"2018-09-01T20:14:50.000Z","Id":"a010O00002EWKujQAH","LastModifiedById":"0050O0000072vcMQAQ","Name":"My Test Brand","SystemModstamp":"2018-09-01T20:14:50.000Z"}|0x2ded9f9e
21:14:50.0 (142151956)|STATEMENT_EXECUTE|[14]
21:14:50.0 (142154019)|STATEMENT_EXECUTE|[16]
21:14:50.0 (142175795)|VARIABLE_SCOPE_BEGIN|[16]|hotFoodBrandName|String|false|false
21:14:50.0 (142188345)|VARIABLE_ASSIGNMENT|[16]|hotFoodBrandName|"My Test Brand"
21:14:50.0 (142193047)|STATEMENT_EXECUTE|[17]
21:14:50.0 (142196376)|HEAP_ALLOCATE|[17]|Bytes:18
21:14:50.0 (142218283)|HEAP_ALLOCATE|[17]|Bytes:31
21:14:50.0 (142253565)|USER_DEBUG|[17]|DEBUG|HotFoodBrandName :My Test Brand
21:14:50.0 (142263523)|STATEMENT_EXECUTE|[20]
21:14:50.0 (142266646)|HEAP_ALLOCATE|[20]|Bytes:53
21:14:50.0 (142282022)|HEAP_ALLOCATE|[20]|Bytes:4
21:14:50.0 (142292656)|HEAP_ALLOCATE|[20]|Bytes:7
21:14:50.0 (142487409)|SOQL_EXECUTE_BEGIN|[20]|Aggregations:0|SELECT Id FROM Account WHERE Brand_Name__c = :tmpVar1
21:14:50.0 (195356567)|SOQL_EXECUTE_END|[20]|Rows:2
21:14:50.0 (195391217)|HEAP_ALLOCATE|[20]|Bytes:12
21:14:50.0 (195409498)|HEAP_ALLOCATE|[20]|Bytes:58
21:14:50.0 (195454615)|HEAP_ALLOCATE|[20]|Bytes:12
21:14:50.0 (195525307)|VARIABLE_ASSIGNMENT|[20]|this.accountsWithBrands|[{"Id":"0010O000026q4gsQAA"},{"Id":"0010O000026q4gtQAA"}]|0x73ef2d13
21:14:50.0 (195535057)|STATEMENT_EXECUTE|[21]
21:14:50.0 (195541877)|HEAP_ALLOCATE|[21]|Bytes:32
21:14:50.0 (195655142)|HEAP_ALLOCATE|[21]|Bytes:66
21:14:50.0 (195680685)|HEAP_ALLOCATE|[21]|Bytes:98
21:14:50.0 (195695939)|USER_DEBUG|[21]|DEBUG|Accounts Related to the Brands :(Account:{Id=0010O000026q4gsQAA}, Account:{Id=0010O000026q4gtQAA})
21:14:50.0 (195722819)|HEAP_ALLOCATE|[14]|Bytes:5
21:14:50.0 (195744604)|VARIABLE_ASSIGNMENT|[14]|hotfood|null|
21:14:50.195 (195758044)|CUMULATIVE_LIMIT_USAGE
21:14:50.195 (195758044)|LIMIT_USAGE_FOR_NS|(default)|
  Number of SOQL queries: 1 out of 100
  Number of query rows: 2 out of 50000
  Number of SOSL queries: 0 out of 20
  Number of DML statements: 4 out of 150
  Number of DML rows: 4 out of 10000
  Maximum CPU time: 0 out of 10000
  Maximum heap size: 0 out of 6000000
  Number of callouts: 0 out of 100
  Number of Email Invocations: 0 out of 10
  Number of future calls: 0 out of 50
  Number of queueable jobs added to the queue: 0 out of 50
  Number of Mobile Apex push calls: 0 out of 10

21:14:50.195 (195758044)|CUMULATIVE_LIMIT_USAGE_END

21:14:50.0 (196597926)|CODE_UNIT_FINISHED|HFO_HotFoodBrandTrigger on HotFoodBrand trigger event BeforeUpdate|__sfdc_trigger/HFO_HotFoodBrandTrigger
21:14:50.0 (207237578)|DML_END|[32]
21:14:50.0 (207254744)|STATEMENT_EXECUTE|[33]
21:14:50.0 (207260773)|HEAP_ALLOCATE|[33]|Bytes:42
21:14:50.0 (207324436)|HEAP_ALLOCATE|[33]|Bytes:18
21:14:50.0 (207340577)|HEAP_ALLOCATE|[33]|Bytes:60
21:14:50.0 (207354221)|USER_DEBUG|[33]|DEBUG|Test HotFoodBrand record has been created a010O00002EWKujQAH
21:14:50.207 (207369452)|CUMULATIVE_LIMIT_USAGE
21:14:50.207 (207369452)|LIMIT_USAGE_FOR_NS|(default)|
  Number of SOQL queries: 1 out of 100
  Number of query rows: 2 out of 50000
  Number of SOSL queries: 0 out of 20
  Number of DML statements: 4 out of 150
  Number of DML rows: 4 out of 10000
  Maximum CPU time: 0 out of 10000
  Maximum heap size: 0 out of 6000000
  Number of callouts: 0 out of 100
  Number of Email Invocations: 0 out of 10
  Number of future calls: 0 out of 50
  Number of queueable jobs added to the queue: 0 out of 50
  Number of Mobile Apex push calls: 0 out of 10

21:14:50.207 (207369452)|CUMULATIVE_LIMIT_USAGE_END

21:14:50.0 (207404264)|CODE_UNIT_FINISHED|HFO_HotFoodBrandTriggerTest.updateHotFoodBrandName()
21:14:50.0 (208480546)|EXECUTION_FINISHED
21:14:50.336 (336561277)|USER_INFO|[EXTERNAL]|0050O0000072vcM|himanshu232@hotmail.com|Greenwich Mean Time|GMT+01:00
21:14:50.336 (336597088)|EXECUTION_STARTED
21:14:50.336 (336603499)|CODE_UNIT_STARTED|[EXTERNAL]|DuplicateDetector
21:14:50.336 (336620169)|DUPLICATE_DETECTION_BEGIN
21:14:50.336 (336681535)|DUPLICATE_DETECTION_RULE_INVOCATION|DuplicateRuleId:0Bm0O000001ZJEo|DuplicateRuleName:Standard Account Duplicate Rule|DmlType:INSERT
21:14:50.336 (346185854)|DUPLICATE_DETECTION_END
21:14:50.336 (346197321)|CODE_UNIT_FINISHED|DuplicateDetector
21:14:50.336 (347055308)|EXECUTION_FINISHED
