43.0 APEX_CODE,FINEST;APEX_PROFILING,INFO;CALLOUT,INFO;DB,INFO;NBA,INFO;SYSTEM,DEBUG;VALIDATION,INFO;VISUALFORCE,INFO;WAVE,INFO;WORKFLOW,INFO
01:20:56.0 (401442)|USER_INFO|[EXTERNAL]|0050O0000072vcM|himanshu232@hotmail.com|Greenwich Mean Time|GMT+01:00
01:20:56.0 (458480)|EXECUTION_STARTED
01:20:56.0 (464291)|CODE_UNIT_STARTED|[EXTERNAL]|Aura
01:20:56.0 (1989543)|CODE_UNIT_STARTED|[EXTERNAL]|01p0O00000BMBHd|HotFoodBrandController.getBrands()
01:20:56.0 (2185133)|HEAP_ALLOCATE|[72]|Bytes:3
01:20:56.0 (2254141)|HEAP_ALLOCATE|[77]|Bytes:152
01:20:56.0 (2271173)|HEAP_ALLOCATE|[342]|Bytes:408
01:20:56.0 (2286852)|HEAP_ALLOCATE|[355]|Bytes:408
01:20:56.0 (2299517)|HEAP_ALLOCATE|[467]|Bytes:48
01:20:56.0 (2326249)|HEAP_ALLOCATE|[139]|Bytes:6
01:20:56.0 (2391220)|HEAP_ALLOCATE|[EXTERNAL]|Bytes:3
01:20:56.0 (2434256)|METHOD_ENTRY|[1]|01p0O00000BMBHd|HotFoodBrandController.HotFoodBrandController()
01:20:56.0 (2442722)|STATEMENT_EXECUTE|[1]
01:20:56.0 (2448566)|STATEMENT_EXECUTE|[1]
01:20:56.0 (2460678)|METHOD_EXIT|[1]|HotFoodBrandController
01:20:56.0 (2474523)|SYSTEM_MODE_ENTER|false
01:20:56.0 (2599494)|STATEMENT_EXECUTE|[3]
01:20:56.0 (2601516)|STATEMENT_EXECUTE|[4]
01:20:56.0 (2613827)|HEAP_ALLOCATE|[4]|Bytes:66
01:20:56.0 (2640989)|HEAP_ALLOCATE|[4]|Bytes:4
01:20:56.0 (2690418)|HEAP_ALLOCATE|[50]|Bytes:5
01:20:56.0 (2714482)|HEAP_ALLOCATE|[56]|Bytes:5
01:20:56.0 (2722291)|HEAP_ALLOCATE|[64]|Bytes:7
01:20:56.0 (3021253)|SOQL_EXECUTE_BEGIN|[4]|Aggregations:0|SELECT Id, name FROM HotFoodBrand__c ORDER BY name ASC NULLS FIRST
01:20:56.0 (5137910)|SOQL_EXECUTE_END|[4]|Rows:8
01:20:56.0 (5162219)|HEAP_ALLOCATE|[4]|Bytes:36
01:20:56.0 (5187856)|HEAP_ALLOCATE|[4]|Bytes:389
01:20:56.0 (5279828)|HEAP_ALLOCATE|[4]|Bytes:36
01:20:56.0 (5308846)|SYSTEM_MODE_EXIT|false
01:20:56.5 (5336159)|CUMULATIVE_LIMIT_USAGE
01:20:56.5 (5336159)|LIMIT_USAGE_FOR_NS|(default)|
  Number of SOQL queries: 1 out of 100
  Number of query rows: 8 out of 50000
  Number of SOSL queries: 0 out of 20
  Number of DML statements: 0 out of 150
  Number of DML rows: 0 out of 10000
  Maximum CPU time: 0 out of 10000
  Maximum heap size: 0 out of 6000000
  Number of callouts: 0 out of 100
  Number of Email Invocations: 0 out of 10
  Number of future calls: 0 out of 50
  Number of queueable jobs added to the queue: 0 out of 50
  Number of Mobile Apex push calls: 0 out of 10

01:20:56.5 (5336159)|CUMULATIVE_LIMIT_USAGE_END

01:20:56.0 (5376176)|CODE_UNIT_FINISHED|HotFoodBrandController.getBrands()
01:20:56.0 (5471892)|CODE_UNIT_FINISHED|Aura
01:20:56.0 (6562295)|EXECUTION_FINISHED
