43.0 APEX_CODE,FINEST;APEX_PROFILING,INFO;CALLOUT,INFO;DB,INFO;NBA,INFO;SYSTEM,DEBUG;VALIDATION,INFO;VISUALFORCE,INFO;WAVE,INFO;WORKFLOW,INFO
01:21:19.0 (89911)|USER_INFO|[EXTERNAL]|0050O0000072vcM|himanshu232@hotmail.com|Greenwich Mean Time|GMT+01:00
01:21:19.0 (150126)|EXECUTION_STARTED
01:21:19.0 (155875)|CODE_UNIT_STARTED|[EXTERNAL]|Aura
01:21:19.0 (783828)|HEAP_ALLOCATE|[72]|Bytes:3
01:21:19.0 (842815)|HEAP_ALLOCATE|[77]|Bytes:152
01:21:19.0 (859879)|HEAP_ALLOCATE|[342]|Bytes:408
01:21:19.0 (875912)|HEAP_ALLOCATE|[355]|Bytes:408
01:21:19.0 (888686)|HEAP_ALLOCATE|[467]|Bytes:48
01:21:19.0 (911218)|HEAP_ALLOCATE|[139]|Bytes:6
01:21:19.0 (948003)|HEAP_ALLOCATE|[EXTERNAL]|Bytes:1
01:21:19.0 (972518)|HEAP_ALLOCATE|[EXTERNAL]|Bytes:1
01:21:19.0 (1724098)|CODE_UNIT_STARTED|[EXTERNAL]|01p0O00000BMBHd|HotFoodBrandController.findByBrandName(String)
01:21:19.0 (1848279)|HEAP_ALLOCATE|[EXTERNAL]|Bytes:3
01:21:19.0 (1867125)|METHOD_ENTRY|[1]|01p0O00000BMBHd|HotFoodBrandController.HotFoodBrandController()
01:21:19.0 (1877670)|STATEMENT_EXECUTE|[1]
01:21:19.0 (1886447)|STATEMENT_EXECUTE|[1]
01:21:19.0 (1893920)|METHOD_EXIT|[1]|HotFoodBrandController
01:21:19.0 (1901811)|HEAP_ALLOCATE|[EXTERNAL]|Bytes:1
01:21:19.0 (1915998)|SYSTEM_MODE_ENTER|false
01:21:19.0 (1925815)|VARIABLE_SCOPE_BEGIN|[9]|searchKey|String|false|false
01:21:19.0 (1955406)|VARIABLE_ASSIGNMENT|[9]|searchKey|"z"
01:21:19.0 (1969483)|STATEMENT_EXECUTE|[9]
01:21:19.0 (1972101)|STATEMENT_EXECUTE|[10]
01:21:19.0 (1977637)|HEAP_ALLOCATE|[10]|Bytes:1
01:21:19.0 (1998209)|HEAP_ALLOCATE|[10]|Bytes:3
01:21:19.0 (2009928)|VARIABLE_SCOPE_BEGIN|[10]|brandname|String|false|false
01:21:19.0 (2029653)|VARIABLE_ASSIGNMENT|[10]|brandname|"%z%"
01:21:19.0 (2037365)|STATEMENT_EXECUTE|[11]
01:21:19.0 (2041127)|HEAP_ALLOCATE|[11]|Bytes:61
01:21:19.0 (2079410)|HEAP_ALLOCATE|[11]|Bytes:4
01:21:19.0 (2096868)|HEAP_ALLOCATE|[11]|Bytes:7
01:21:19.0 (2160043)|HEAP_ALLOCATE|[50]|Bytes:5
01:21:19.0 (2192915)|HEAP_ALLOCATE|[56]|Bytes:5
01:21:19.0 (2205846)|HEAP_ALLOCATE|[64]|Bytes:7
01:21:19.0 (2622884)|SOQL_EXECUTE_BEGIN|[11]|Aggregations:0|SELECT id, name FROM HotFoodBrand__c WHERE name LIKE :tmpVar1
01:21:19.0 (7319486)|SOQL_EXECUTE_END|[11]|Rows:2
01:21:19.0 (7349120)|HEAP_ALLOCATE|[11]|Bytes:12
01:21:19.0 (7371823)|HEAP_ALLOCATE|[11]|Bytes:85
01:21:19.0 (7477391)|HEAP_ALLOCATE|[11]|Bytes:12
01:21:19.0 (7491756)|SYSTEM_MODE_EXIT|false
01:21:19.7 (7519182)|CUMULATIVE_LIMIT_USAGE
01:21:19.7 (7519182)|LIMIT_USAGE_FOR_NS|(default)|
  Number of SOQL queries: 1 out of 100
  Number of query rows: 2 out of 50000
  Number of SOSL queries: 0 out of 20
  Number of DML statements: 0 out of 150
  Number of DML rows: 0 out of 10000
  Maximum CPU time: 0 out of 10000
  Maximum heap size: 0 out of 6000000
  Number of callouts: 0 out of 100
  Number of Email Invocations: 0 out of 10
  Number of future calls: 0 out of 50
  Number of queueable jobs added to the queue: 0 out of 50
  Number of Mobile Apex push calls: 0 out of 10

01:21:19.7 (7519182)|CUMULATIVE_LIMIT_USAGE_END

01:21:19.0 (7560042)|CODE_UNIT_FINISHED|HotFoodBrandController.findByBrandName(String)
01:21:19.0 (7643527)|CODE_UNIT_FINISHED|Aura
01:21:19.0 (8790166)|EXECUTION_FINISHED
