43.0 APEX_CODE,FINEST;APEX_PROFILING,INFO;CALLOUT,INFO;DB,INFO;NBA,INFO;SYSTEM,DEBUG;VALIDATION,INFO;VISUALFORCE,INFO;WAVE,INFO;WORKFLOW,INFO
01:21:05.0 (78449)|USER_INFO|[EXTERNAL]|0050O0000072vcM|himanshu232@hotmail.com|Greenwich Mean Time|GMT+01:00
01:21:05.0 (138054)|EXECUTION_STARTED
01:21:05.0 (142972)|CODE_UNIT_STARTED|[EXTERNAL]|Aura
01:21:05.0 (798546)|HEAP_ALLOCATE|[72]|Bytes:3
01:21:05.0 (854883)|HEAP_ALLOCATE|[77]|Bytes:152
01:21:05.0 (871411)|HEAP_ALLOCATE|[342]|Bytes:408
01:21:05.0 (887088)|HEAP_ALLOCATE|[355]|Bytes:408
01:21:05.0 (898926)|HEAP_ALLOCATE|[467]|Bytes:48
01:21:05.0 (921838)|HEAP_ALLOCATE|[139]|Bytes:6
01:21:05.0 (941743)|HEAP_ALLOCATE|[EXTERNAL]|Bytes:2
01:21:05.0 (949813)|HEAP_ALLOCATE|[EXTERNAL]|Bytes:2
01:21:05.0 (1716906)|CODE_UNIT_STARTED|[EXTERNAL]|01p0O00000BMBHd|HotFoodBrandController.findByBrandName(String)
01:21:05.0 (1807017)|HEAP_ALLOCATE|[EXTERNAL]|Bytes:3
01:21:05.0 (1821328)|METHOD_ENTRY|[1]|01p0O00000BMBHd|HotFoodBrandController.HotFoodBrandController()
01:21:05.0 (1828237)|STATEMENT_EXECUTE|[1]
01:21:05.0 (1833707)|STATEMENT_EXECUTE|[1]
01:21:05.0 (1838339)|METHOD_EXIT|[1]|HotFoodBrandController
01:21:05.0 (1843520)|HEAP_ALLOCATE|[EXTERNAL]|Bytes:2
01:21:05.0 (1853851)|SYSTEM_MODE_ENTER|false
01:21:05.0 (1860974)|VARIABLE_SCOPE_BEGIN|[9]|searchKey|String|false|false
01:21:05.0 (1890051)|VARIABLE_ASSIGNMENT|[9]|searchKey|"jd"
01:21:05.0 (1904656)|STATEMENT_EXECUTE|[9]
01:21:05.0 (1907338)|STATEMENT_EXECUTE|[10]
01:21:05.0 (1912869)|HEAP_ALLOCATE|[10]|Bytes:1
01:21:05.0 (1932987)|HEAP_ALLOCATE|[10]|Bytes:4
01:21:05.0 (1944402)|VARIABLE_SCOPE_BEGIN|[10]|brandname|String|false|false
01:21:05.0 (1965236)|VARIABLE_ASSIGNMENT|[10]|brandname|"%jd%"
01:21:05.0 (1972195)|STATEMENT_EXECUTE|[11]
01:21:05.0 (1976062)|HEAP_ALLOCATE|[11]|Bytes:61
01:21:05.0 (2004721)|HEAP_ALLOCATE|[11]|Bytes:4
01:21:05.0 (2022920)|HEAP_ALLOCATE|[11]|Bytes:7
01:21:05.0 (2074968)|HEAP_ALLOCATE|[50]|Bytes:5
01:21:05.0 (2100013)|HEAP_ALLOCATE|[56]|Bytes:5
01:21:05.0 (2108489)|HEAP_ALLOCATE|[64]|Bytes:7
01:21:05.0 (2501114)|SOQL_EXECUTE_BEGIN|[11]|Aggregations:0|SELECT id, name FROM HotFoodBrand__c WHERE name LIKE :tmpVar1
01:21:05.0 (8644757)|SOQL_EXECUTE_END|[11]|Rows:0
01:21:05.0 (8672555)|HEAP_ALLOCATE|[11]|Bytes:4
01:21:05.0 (8686045)|HEAP_ALLOCATE|[11]|Bytes:0
01:21:05.0 (8784554)|HEAP_ALLOCATE|[11]|Bytes:4
01:21:05.0 (8799566)|SYSTEM_MODE_EXIT|false
01:21:05.8 (8828886)|CUMULATIVE_LIMIT_USAGE
01:21:05.8 (8828886)|LIMIT_USAGE_FOR_NS|(default)|
  Number of SOQL queries: 1 out of 100
  Number of query rows: 0 out of 50000
  Number of SOSL queries: 0 out of 20
  Number of DML statements: 0 out of 150
  Number of DML rows: 0 out of 10000
  Maximum CPU time: 0 out of 10000
  Maximum heap size: 0 out of 6000000
  Number of callouts: 0 out of 100
  Number of Email Invocations: 0 out of 10
  Number of future calls: 0 out of 50
  Number of queueable jobs added to the queue: 0 out of 50
  Number of Mobile Apex push calls: 0 out of 10

01:21:05.8 (8828886)|CUMULATIVE_LIMIT_USAGE_END

01:21:05.0 (8869366)|CODE_UNIT_FINISHED|HotFoodBrandController.findByBrandName(String)
01:21:05.0 (8935886)|CODE_UNIT_FINISHED|Aura
01:21:05.0 (10236246)|EXECUTION_FINISHED
