43.0 APEX_CODE,FINEST;APEX_PROFILING,INFO;CALLOUT,INFO;DB,INFO;NBA,INFO;SYSTEM,DEBUG;VALIDATION,INFO;VISUALFORCE,INFO;WAVE,INFO;WORKFLOW,INFO
00:38:18.0 (80493)|USER_INFO|[EXTERNAL]|0050O0000072vcM|himanshu232@hotmail.com|Greenwich Mean Time|GMT+01:00
00:38:18.0 (139388)|EXECUTION_STARTED
00:38:18.0 (145413)|CODE_UNIT_STARTED|[EXTERNAL]|Aura
00:38:18.0 (1149751)|CODE_UNIT_STARTED|[EXTERNAL]|01p0O00000BMBHd|HotFoodBrandController.getBrands()
00:38:18.0 (1296756)|HEAP_ALLOCATE|[72]|Bytes:3
00:38:18.0 (1350389)|HEAP_ALLOCATE|[77]|Bytes:152
00:38:18.0 (1365842)|HEAP_ALLOCATE|[342]|Bytes:408
00:38:18.0 (1381488)|HEAP_ALLOCATE|[355]|Bytes:408
00:38:18.0 (1393419)|HEAP_ALLOCATE|[467]|Bytes:48
00:38:18.0 (1420074)|HEAP_ALLOCATE|[139]|Bytes:6
00:38:18.0 (1480054)|HEAP_ALLOCATE|[EXTERNAL]|Bytes:1
00:38:18.0 (1493238)|METHOD_ENTRY|[1]|01p0O00000BMBHd|HotFoodBrandController.HotFoodBrandController()
00:38:18.0 (1500521)|STATEMENT_EXECUTE|[1]
00:38:18.0 (1506230)|STATEMENT_EXECUTE|[1]
00:38:18.0 (1510373)|METHOD_EXIT|[1]|HotFoodBrandController
00:38:18.0 (1522850)|SYSTEM_MODE_ENTER|false
00:38:18.0 (1531500)|STATEMENT_EXECUTE|[3]
00:38:18.0 (1533433)|STATEMENT_EXECUTE|[5]
00:38:18.0 (1536950)|HEAP_ALLOCATE|[5]|Bytes:66
00:38:18.0 (1558073)|HEAP_ALLOCATE|[5]|Bytes:4
00:38:18.0 (1600363)|HEAP_ALLOCATE|[50]|Bytes:5
00:38:18.0 (1621809)|HEAP_ALLOCATE|[56]|Bytes:5
00:38:18.0 (1629059)|HEAP_ALLOCATE|[64]|Bytes:7
00:38:18.0 (1886727)|SOQL_EXECUTE_BEGIN|[5]|Aggregations:0|SELECT Id, name FROM HotFoodBrand__c ORDER BY name ASC NULLS FIRST
00:38:18.0 (3630558)|SOQL_EXECUTE_END|[5]|Rows:8
00:38:18.0 (3651953)|HEAP_ALLOCATE|[5]|Bytes:36
00:38:18.0 (3677780)|HEAP_ALLOCATE|[5]|Bytes:389
00:38:18.0 (3756217)|HEAP_ALLOCATE|[5]|Bytes:36
00:38:18.0 (3769928)|SYSTEM_MODE_EXIT|false
00:38:18.3 (3794779)|CUMULATIVE_LIMIT_USAGE
00:38:18.3 (3794779)|LIMIT_USAGE_FOR_NS|(default)|
  Number of SOQL queries: 1 out of 100
  Number of query rows: 8 out of 50000
  Number of SOSL queries: 0 out of 20
  Number of DML statements: 0 out of 150
  Number of DML rows: 0 out of 10000
  Maximum CPU time: 0 out of 10000
  Maximum heap size: 0 out of 6000000
  Number of callouts: 0 out of 100
  Number of Email Invocations: 0 out of 10
  Number of future calls: 0 out of 50
  Number of queueable jobs added to the queue: 0 out of 50
  Number of Mobile Apex push calls: 0 out of 10

00:38:18.3 (3794779)|CUMULATIVE_LIMIT_USAGE_END

00:38:18.0 (3832718)|CODE_UNIT_FINISHED|HotFoodBrandController.getBrands()
00:38:18.0 (3920037)|CODE_UNIT_FINISHED|Aura
00:38:18.0 (4996712)|EXECUTION_FINISHED
