36.0 APEX_CODE,FINEST;APEX_PROFILING,INFO;CALLOUT,INFO;DB,INFO;NBA,INFO;SYSTEM,DEBUG;VALIDATION,INFO;VISUALFORCE,INFO;WAVE,INFO;WORKFLOW,INFO
19:50:43.0 (754472)|USER_INFO|[EXTERNAL]|0050O0000072vcM|himanshu232@hotmail.com|Greenwich Mean Time|GMT+01:00
19:50:43.0 (848683)|EXECUTION_STARTED
19:50:43.0 (855343)|CODE_UNIT_STARTED|[EXTERNAL]|01p0O00000BMBGp|HFO_HotFoodBrandTriggerTest.updateHotFoodBrandName()
19:50:43.0 (1756905)|HEAP_ALLOCATE|[72]|Bytes:3
19:50:43.0 (1802932)|HEAP_ALLOCATE|[77]|Bytes:152
19:50:43.0 (1820431)|HEAP_ALLOCATE|[342]|Bytes:408
19:50:43.0 (1835363)|HEAP_ALLOCATE|[355]|Bytes:408
19:50:43.0 (1847418)|HEAP_ALLOCATE|[467]|Bytes:48
19:50:43.0 (1874824)|HEAP_ALLOCATE|[139]|Bytes:6
19:50:43.0 (1892134)|HEAP_ALLOCATE|[EXTERNAL]|Bytes:17
19:50:43.0 (1903524)|METHOD_ENTRY|[9]|01p0O00000BMBGp|HFO_HotFoodBrandTriggerTest.HFO_HotFoodBrandTriggerTest()
19:50:43.0 (1910527)|STATEMENT_EXECUTE|[9]
19:50:43.0 (1916008)|STATEMENT_EXECUTE|[9]
19:50:43.0 (1920010)|METHOD_EXIT|[9]|HFO_HotFoodBrandTriggerTest
19:50:43.0 (1955522)|HEAP_ALLOCATE|[50]|Bytes:5
19:50:43.0 (1977820)|HEAP_ALLOCATE|[56]|Bytes:5
19:50:43.0 (1985341)|HEAP_ALLOCATE|[64]|Bytes:7
19:50:43.0 (2023347)|STATEMENT_EXECUTE|[12]
19:50:43.0 (2026094)|STATEMENT_EXECUTE|[14]
19:50:43.0 (2100079)|HEAP_ALLOCATE|[14]|Bytes:4
19:50:43.0 (2206744)|VARIABLE_SCOPE_BEGIN|[14]|hfb|HotFoodBrand__c|true|false
19:50:43.0 (2240311)|VARIABLE_ASSIGNMENT|[14]|hfb|{}|0x40a419de
19:50:43.0 (2247166)|STATEMENT_EXECUTE|[15]
19:50:43.0 (2250314)|HEAP_ALLOCATE|[15]|Bytes:10
19:50:43.0 (3057187)|VARIABLE_ASSIGNMENT|[15]|this.Name|"Test Brand"|0x40a419de
19:50:43.0 (3071699)|STATEMENT_EXECUTE|[16]
19:50:43.0 (3117858)|HEAP_ALLOCATE|[16]|Bytes:8
19:50:43.0 (3134750)|DML_BEGIN|[16]|Op:Insert|Type:HotFoodBrand__c|Rows:1
19:50:43.0 (3179018)|HEAP_ALLOCATE|[EXTERNAL]|Bytes:8
19:50:43.0 (28642203)|DML_END|[16]
19:50:43.0 (28659122)|STATEMENT_EXECUTE|[17]
19:50:43.0 (28664994)|HEAP_ALLOCATE|[17]|Bytes:13
19:50:43.0 (28714021)|VARIABLE_ASSIGNMENT|[17]|this.Name|"My Test Brand"|0x40a419de
19:50:43.0 (28721675)|STATEMENT_EXECUTE|[18]
19:50:43.0 (28748242)|HEAP_ALLOCATE|[18]|Bytes:8
19:50:43.0 (28757192)|DML_BEGIN|[18]|Op:Update|Type:HotFoodBrand__c|Rows:1
19:50:43.0 (28782700)|HEAP_ALLOCATE|[EXTERNAL]|Bytes:8
19:50:43.0 (47613162)|DML_END|[18]
19:50:43.0 (47673001)|EXCEPTION_THROWN|[18]|System.DmlException: Update failed. First exception on row 0 with id a010O00002EWKtWQAX; first error: CANNOT_INSERT_UPDATE_ACTIVATE_ENTITY, HFO_HotFoodBrandTrigger: execution of BeforeUpdate

caused by: line 8, column 27: Method does not exist or incorrect signature: void Run(HFO_HotFoodBrandTriggerHandler) from the type HFO_TriggerDispatcher: []
19:50:43.0 (47936933)|HEAP_ALLOCATE|[18]|Bytes:331
19:50:43.0 (47992149)|FATAL_ERROR|System.DmlException: Update failed. First exception on row 0 with id a010O00002EWKtWQAX; first error: CANNOT_INSERT_UPDATE_ACTIVATE_ENTITY, HFO_HotFoodBrandTrigger: execution of BeforeUpdate

caused by: line 8, column 27: Method does not exist or incorrect signature: void Run(HFO_HotFoodBrandTriggerHandler) from the type HFO_TriggerDispatcher: []

Class.HFO_HotFoodBrandTriggerTest.updateHotFoodBrandName: line 18, column 1
19:50:43.0 (48009060)|FATAL_ERROR|System.DmlException: Update failed. First exception on row 0 with id a010O00002EWKtWQAX; first error: CANNOT_INSERT_UPDATE_ACTIVATE_ENTITY, HFO_HotFoodBrandTrigger: execution of BeforeUpdate

caused by: line 8, column 27: Method does not exist or incorrect signature: void Run(HFO_HotFoodBrandTriggerHandler) from the type HFO_TriggerDispatcher: []

Class.HFO_HotFoodBrandTriggerTest.updateHotFoodBrandName: line 18, column 1
19:50:43.48 (48020507)|CUMULATIVE_LIMIT_USAGE
19:50:43.48 (48020507)|LIMIT_USAGE_FOR_NS|(default)|
  Number of SOQL queries: 0 out of 100
  Number of query rows: 0 out of 50000
  Number of SOSL queries: 0 out of 20
  Number of DML statements: 2 out of 150
  Number of DML rows: 2 out of 10000
  Maximum CPU time: 0 out of 10000
  Maximum heap size: 0 out of 6000000
  Number of callouts: 0 out of 100
  Number of Email Invocations: 0 out of 10
  Number of future calls: 0 out of 50
  Number of queueable jobs added to the queue: 0 out of 50
  Number of Mobile Apex push calls: 0 out of 10

19:50:43.48 (48020507)|CUMULATIVE_LIMIT_USAGE_END

19:50:43.0 (48053457)|CODE_UNIT_FINISHED|HFO_HotFoodBrandTriggerTest.updateHotFoodBrandName()
19:50:43.0 (49041839)|EXECUTION_FINISHED
