43.0 APEX_CODE,FINEST;APEX_PROFILING,INFO;CALLOUT,INFO;DB,INFO;NBA,INFO;SYSTEM,DEBUG;VALIDATION,INFO;VISUALFORCE,INFO;WAVE,INFO;WORKFLOW,INFO
01:23:26.0 (103421)|USER_INFO|[EXTERNAL]|0050O0000072vcM|himanshu232@hotmail.com|Greenwich Mean Time|GMT+01:00
01:23:26.0 (166196)|EXECUTION_STARTED
01:23:26.0 (171993)|CODE_UNIT_STARTED|[EXTERNAL]|Aura
01:23:26.0 (880577)|HEAP_ALLOCATE|[72]|Bytes:3
01:23:26.0 (932783)|HEAP_ALLOCATE|[77]|Bytes:152
01:23:26.0 (948806)|HEAP_ALLOCATE|[342]|Bytes:408
01:23:26.0 (964357)|HEAP_ALLOCATE|[355]|Bytes:408
01:23:26.0 (976131)|HEAP_ALLOCATE|[467]|Bytes:48
01:23:26.0 (998831)|HEAP_ALLOCATE|[139]|Bytes:6
01:23:26.0 (1019692)|HEAP_ALLOCATE|[EXTERNAL]|Bytes:2
01:23:26.0 (1027970)|HEAP_ALLOCATE|[EXTERNAL]|Bytes:2
01:23:26.0 (1773241)|CODE_UNIT_STARTED|[EXTERNAL]|01p0O00000BMBHd|HotFoodBrandController.findByBrandName(String)
01:23:26.0 (1876948)|HEAP_ALLOCATE|[EXTERNAL]|Bytes:3
01:23:26.0 (1890763)|METHOD_ENTRY|[1]|01p0O00000BMBHd|HotFoodBrandController.HotFoodBrandController()
01:23:26.0 (1897508)|STATEMENT_EXECUTE|[1]
01:23:26.0 (1903922)|STATEMENT_EXECUTE|[1]
01:23:26.0 (1908236)|METHOD_EXIT|[1]|HotFoodBrandController
01:23:26.0 (1913293)|HEAP_ALLOCATE|[EXTERNAL]|Bytes:2
01:23:26.0 (1924482)|SYSTEM_MODE_ENTER|false
01:23:26.0 (1932148)|VARIABLE_SCOPE_BEGIN|[9]|searchKey|String|false|false
01:23:26.0 (1956948)|VARIABLE_ASSIGNMENT|[9]|searchKey|"zi"
01:23:26.0 (1966227)|STATEMENT_EXECUTE|[9]
01:23:26.0 (1968030)|STATEMENT_EXECUTE|[10]
01:23:26.0 (1971849)|HEAP_ALLOCATE|[10]|Bytes:1
01:23:26.0 (1985234)|HEAP_ALLOCATE|[10]|Bytes:4
01:23:26.0 (1991779)|VARIABLE_SCOPE_BEGIN|[10]|brandname|String|false|false
01:23:26.0 (2003473)|VARIABLE_ASSIGNMENT|[10]|brandname|"%zi%"
01:23:26.0 (2008510)|STATEMENT_EXECUTE|[11]
01:23:26.0 (2011028)|HEAP_ALLOCATE|[11]|Bytes:61
01:23:26.0 (2031914)|HEAP_ALLOCATE|[11]|Bytes:4
01:23:26.0 (2044080)|HEAP_ALLOCATE|[11]|Bytes:7
01:23:26.0 (2086722)|HEAP_ALLOCATE|[50]|Bytes:5
01:23:26.0 (2107014)|HEAP_ALLOCATE|[56]|Bytes:5
01:23:26.0 (2114711)|HEAP_ALLOCATE|[64]|Bytes:7
01:23:26.0 (2534944)|SOQL_EXECUTE_BEGIN|[11]|Aggregations:0|SELECT id, name FROM HotFoodBrand__c WHERE name LIKE :tmpVar1
01:23:26.0 (7002959)|SOQL_EXECUTE_END|[11]|Rows:1
01:23:26.0 (7032556)|HEAP_ALLOCATE|[11]|Bytes:8
01:23:26.0 (7053119)|HEAP_ALLOCATE|[11]|Bytes:42
01:23:26.0 (7170076)|HEAP_ALLOCATE|[11]|Bytes:8
01:23:26.0 (7188247)|SYSTEM_MODE_EXIT|false
01:23:26.7 (7214987)|CUMULATIVE_LIMIT_USAGE
01:23:26.7 (7214987)|LIMIT_USAGE_FOR_NS|(default)|
  Number of SOQL queries: 1 out of 100
  Number of query rows: 1 out of 50000
  Number of SOSL queries: 0 out of 20
  Number of DML statements: 0 out of 150
  Number of DML rows: 0 out of 10000
  Maximum CPU time: 0 out of 10000
  Maximum heap size: 0 out of 6000000
  Number of callouts: 0 out of 100
  Number of Email Invocations: 0 out of 10
  Number of future calls: 0 out of 50
  Number of queueable jobs added to the queue: 0 out of 50
  Number of Mobile Apex push calls: 0 out of 10

01:23:26.7 (7214987)|CUMULATIVE_LIMIT_USAGE_END

01:23:26.0 (7258477)|CODE_UNIT_FINISHED|HotFoodBrandController.findByBrandName(String)
01:23:26.0 (7339417)|CODE_UNIT_FINISHED|Aura
01:23:26.0 (8452025)|EXECUTION_FINISHED
