43.0 APEX_CODE,FINEST;APEX_PROFILING,INFO;CALLOUT,INFO;DB,INFO;NBA,INFO;SYSTEM,DEBUG;VALIDATION,INFO;VISUALFORCE,INFO;WAVE,INFO;WORKFLOW,INFO
01:23:27.0 (87861)|USER_INFO|[EXTERNAL]|0050O0000072vcM|himanshu232@hotmail.com|Greenwich Mean Time|GMT+01:00
01:23:27.0 (149596)|EXECUTION_STARTED
01:23:27.0 (155577)|CODE_UNIT_STARTED|[EXTERNAL]|Aura
01:23:27.0 (829727)|HEAP_ALLOCATE|[72]|Bytes:3
01:23:27.0 (886740)|HEAP_ALLOCATE|[77]|Bytes:152
01:23:27.0 (902283)|HEAP_ALLOCATE|[342]|Bytes:408
01:23:27.0 (918300)|HEAP_ALLOCATE|[355]|Bytes:408
01:23:27.0 (931559)|HEAP_ALLOCATE|[467]|Bytes:48
01:23:27.0 (954729)|HEAP_ALLOCATE|[139]|Bytes:6
01:23:27.0 (974161)|HEAP_ALLOCATE|[EXTERNAL]|Bytes:1
01:23:27.0 (981807)|HEAP_ALLOCATE|[EXTERNAL]|Bytes:1
01:23:27.0 (1772095)|CODE_UNIT_STARTED|[EXTERNAL]|01p0O00000BMBHd|HotFoodBrandController.findByBrandName(String)
01:23:27.0 (1872460)|HEAP_ALLOCATE|[EXTERNAL]|Bytes:3
01:23:27.0 (1886052)|METHOD_ENTRY|[1]|01p0O00000BMBHd|HotFoodBrandController.HotFoodBrandController()
01:23:27.0 (1892361)|STATEMENT_EXECUTE|[1]
01:23:27.0 (1898159)|STATEMENT_EXECUTE|[1]
01:23:27.0 (1903008)|METHOD_EXIT|[1]|HotFoodBrandController
01:23:27.0 (1908363)|HEAP_ALLOCATE|[EXTERNAL]|Bytes:1
01:23:27.0 (1918586)|SYSTEM_MODE_ENTER|false
01:23:27.0 (1926327)|VARIABLE_SCOPE_BEGIN|[9]|searchKey|String|false|false
01:23:27.0 (1950595)|VARIABLE_ASSIGNMENT|[9]|searchKey|"z"
01:23:27.0 (1959781)|STATEMENT_EXECUTE|[9]
01:23:27.0 (1961891)|STATEMENT_EXECUTE|[10]
01:23:27.0 (1965754)|HEAP_ALLOCATE|[10]|Bytes:1
01:23:27.0 (1979571)|HEAP_ALLOCATE|[10]|Bytes:3
01:23:27.0 (1986389)|VARIABLE_SCOPE_BEGIN|[10]|brandname|String|false|false
01:23:27.0 (1998149)|VARIABLE_ASSIGNMENT|[10]|brandname|"%z%"
01:23:27.0 (2002787)|STATEMENT_EXECUTE|[11]
01:23:27.0 (2005956)|HEAP_ALLOCATE|[11]|Bytes:61
01:23:27.0 (2026004)|HEAP_ALLOCATE|[11]|Bytes:4
01:23:27.0 (2037810)|HEAP_ALLOCATE|[11]|Bytes:7
01:23:27.0 (2077650)|HEAP_ALLOCATE|[50]|Bytes:5
01:23:27.0 (2100320)|HEAP_ALLOCATE|[56]|Bytes:5
01:23:27.0 (2108277)|HEAP_ALLOCATE|[64]|Bytes:7
01:23:27.0 (2471904)|SOQL_EXECUTE_BEGIN|[11]|Aggregations:0|SELECT id, name FROM HotFoodBrand__c WHERE name LIKE :tmpVar1
01:23:27.0 (6665556)|SOQL_EXECUTE_END|[11]|Rows:2
01:23:27.0 (6688699)|HEAP_ALLOCATE|[11]|Bytes:12
01:23:27.0 (6706120)|HEAP_ALLOCATE|[11]|Bytes:85
01:23:27.0 (6803283)|HEAP_ALLOCATE|[11]|Bytes:12
01:23:27.0 (6817809)|SYSTEM_MODE_EXIT|false
01:23:27.6 (6841531)|CUMULATIVE_LIMIT_USAGE
01:23:27.6 (6841531)|LIMIT_USAGE_FOR_NS|(default)|
  Number of SOQL queries: 1 out of 100
  Number of query rows: 2 out of 50000
  Number of SOSL queries: 0 out of 20
  Number of DML statements: 0 out of 150
  Number of DML rows: 0 out of 10000
  Maximum CPU time: 0 out of 10000
  Maximum heap size: 0 out of 6000000
  Number of callouts: 0 out of 100
  Number of Email Invocations: 0 out of 10
  Number of future calls: 0 out of 50
  Number of queueable jobs added to the queue: 0 out of 50
  Number of Mobile Apex push calls: 0 out of 10

01:23:27.6 (6841531)|CUMULATIVE_LIMIT_USAGE_END

01:23:27.0 (6884929)|CODE_UNIT_FINISHED|HotFoodBrandController.findByBrandName(String)
01:23:27.0 (6964096)|CODE_UNIT_FINISHED|Aura
01:23:27.0 (8051792)|EXECUTION_FINISHED
