43.0 APEX_CODE,FINEST;APEX_PROFILING,INFO;CALLOUT,INFO;DB,INFO;NBA,INFO;SYSTEM,DEBUG;VALIDATION,INFO;VISUALFORCE,INFO;WAVE,INFO;WORKFLOW,INFO
01:26:43.0 (87764)|USER_INFO|[EXTERNAL]|0050O0000072vcM|himanshu232@hotmail.com|Greenwich Mean Time|GMT+01:00
01:26:43.0 (149606)|EXECUTION_STARTED
01:26:43.0 (155211)|CODE_UNIT_STARTED|[EXTERNAL]|Aura
01:26:43.0 (1232758)|CODE_UNIT_STARTED|[EXTERNAL]|01p0O00000BMBHd|HotFoodBrandController.getBrands()
01:26:43.0 (1421495)|HEAP_ALLOCATE|[72]|Bytes:3
01:26:43.0 (1483038)|HEAP_ALLOCATE|[77]|Bytes:152
01:26:43.0 (1499673)|HEAP_ALLOCATE|[342]|Bytes:408
01:26:43.0 (1515518)|HEAP_ALLOCATE|[355]|Bytes:408
01:26:43.0 (1534137)|HEAP_ALLOCATE|[467]|Bytes:48
01:26:43.0 (1571773)|HEAP_ALLOCATE|[139]|Bytes:6
01:26:43.0 (1641562)|HEAP_ALLOCATE|[EXTERNAL]|Bytes:3
01:26:43.0 (1654597)|METHOD_ENTRY|[1]|01p0O00000BMBHd|HotFoodBrandController.HotFoodBrandController()
01:26:43.0 (1661776)|STATEMENT_EXECUTE|[1]
01:26:43.0 (1670007)|STATEMENT_EXECUTE|[1]
01:26:43.0 (1676914)|METHOD_EXIT|[1]|HotFoodBrandController
01:26:43.0 (1696325)|SYSTEM_MODE_ENTER|false
01:26:43.0 (1708143)|STATEMENT_EXECUTE|[3]
01:26:43.0 (1710385)|STATEMENT_EXECUTE|[4]
01:26:43.0 (1714357)|HEAP_ALLOCATE|[4]|Bytes:66
01:26:43.0 (1743014)|HEAP_ALLOCATE|[4]|Bytes:4
01:26:43.0 (1783635)|HEAP_ALLOCATE|[50]|Bytes:5
01:26:43.0 (1807703)|HEAP_ALLOCATE|[56]|Bytes:5
01:26:43.0 (1816171)|HEAP_ALLOCATE|[64]|Bytes:7
01:26:43.0 (2101264)|SOQL_EXECUTE_BEGIN|[4]|Aggregations:0|SELECT Id, name FROM HotFoodBrand__c ORDER BY name ASC NULLS FIRST
01:26:43.0 (4040737)|SOQL_EXECUTE_END|[4]|Rows:8
01:26:43.0 (4064101)|HEAP_ALLOCATE|[4]|Bytes:36
01:26:43.0 (4089789)|HEAP_ALLOCATE|[4]|Bytes:389
01:26:43.0 (4186114)|HEAP_ALLOCATE|[4]|Bytes:36
01:26:43.0 (4200874)|SYSTEM_MODE_EXIT|false
01:26:43.4 (4228332)|CUMULATIVE_LIMIT_USAGE
01:26:43.4 (4228332)|LIMIT_USAGE_FOR_NS|(default)|
  Number of SOQL queries: 1 out of 100
  Number of query rows: 8 out of 50000
  Number of SOSL queries: 0 out of 20
  Number of DML statements: 0 out of 150
  Number of DML rows: 0 out of 10000
  Maximum CPU time: 0 out of 10000
  Maximum heap size: 0 out of 6000000
  Number of callouts: 0 out of 100
  Number of Email Invocations: 0 out of 10
  Number of future calls: 0 out of 50
  Number of queueable jobs added to the queue: 0 out of 50
  Number of Mobile Apex push calls: 0 out of 10

01:26:43.4 (4228332)|CUMULATIVE_LIMIT_USAGE_END

01:26:43.0 (4269396)|CODE_UNIT_FINISHED|HotFoodBrandController.getBrands()
01:26:43.0 (4367289)|CODE_UNIT_FINISHED|Aura
01:26:43.0 (5765857)|EXECUTION_FINISHED
