43.0 APEX_CODE,FINEST;APEX_PROFILING,INFO;CALLOUT,INFO;DB,INFO;NBA,INFO;SYSTEM,DEBUG;VALIDATION,INFO;VISUALFORCE,INFO;WAVE,INFO;WORKFLOW,INFO
01:21:09.0 (80274)|USER_INFO|[EXTERNAL]|0050O0000072vcM|himanshu232@hotmail.com|Greenwich Mean Time|GMT+01:00
01:21:09.0 (136524)|EXECUTION_STARTED
01:21:09.0 (141731)|CODE_UNIT_STARTED|[EXTERNAL]|Aura
01:21:09.0 (763823)|HEAP_ALLOCATE|[72]|Bytes:3
01:21:09.0 (820594)|HEAP_ALLOCATE|[77]|Bytes:152
01:21:09.0 (837229)|HEAP_ALLOCATE|[342]|Bytes:408
01:21:09.0 (852677)|HEAP_ALLOCATE|[355]|Bytes:408
01:21:09.0 (864848)|HEAP_ALLOCATE|[467]|Bytes:48
01:21:09.0 (888206)|HEAP_ALLOCATE|[139]|Bytes:6
01:21:09.0 (907878)|HEAP_ALLOCATE|[EXTERNAL]|Bytes:1
01:21:09.0 (915910)|HEAP_ALLOCATE|[EXTERNAL]|Bytes:1
01:21:09.0 (1658958)|CODE_UNIT_STARTED|[EXTERNAL]|01p0O00000BMBHd|HotFoodBrandController.findByBrandName(String)
01:21:09.0 (1770703)|HEAP_ALLOCATE|[EXTERNAL]|Bytes:3
01:21:09.0 (1785373)|METHOD_ENTRY|[1]|01p0O00000BMBHd|HotFoodBrandController.HotFoodBrandController()
01:21:09.0 (1792406)|STATEMENT_EXECUTE|[1]
01:21:09.0 (1798162)|STATEMENT_EXECUTE|[1]
01:21:09.0 (1803039)|METHOD_EXIT|[1]|HotFoodBrandController
01:21:09.0 (1808370)|HEAP_ALLOCATE|[EXTERNAL]|Bytes:1
01:21:09.0 (1820108)|SYSTEM_MODE_ENTER|false
01:21:09.0 (1827505)|VARIABLE_SCOPE_BEGIN|[9]|searchKey|String|false|false
01:21:09.0 (1851406)|VARIABLE_ASSIGNMENT|[9]|searchKey|"w"
01:21:09.0 (1862082)|STATEMENT_EXECUTE|[9]
01:21:09.0 (1863993)|STATEMENT_EXECUTE|[10]
01:21:09.0 (1868125)|HEAP_ALLOCATE|[10]|Bytes:1
01:21:09.0 (1883362)|HEAP_ALLOCATE|[10]|Bytes:3
01:21:09.0 (1890301)|VARIABLE_SCOPE_BEGIN|[10]|brandname|String|false|false
01:21:09.0 (1902674)|VARIABLE_ASSIGNMENT|[10]|brandname|"%w%"
01:21:09.0 (1907740)|STATEMENT_EXECUTE|[11]
01:21:09.0 (1910178)|HEAP_ALLOCATE|[11]|Bytes:61
01:21:09.0 (1935845)|HEAP_ALLOCATE|[11]|Bytes:4
01:21:09.0 (1948274)|HEAP_ALLOCATE|[11]|Bytes:7
01:21:09.0 (1994032)|HEAP_ALLOCATE|[50]|Bytes:5
01:21:09.0 (2018185)|HEAP_ALLOCATE|[56]|Bytes:5
01:21:09.0 (2027154)|HEAP_ALLOCATE|[64]|Bytes:7
01:21:09.0 (2330837)|SOQL_EXECUTE_BEGIN|[11]|Aggregations:0|SELECT id, name FROM HotFoodBrand__c WHERE name LIKE :tmpVar1
01:21:09.0 (6681942)|SOQL_EXECUTE_END|[11]|Rows:2
01:21:09.0 (6711034)|HEAP_ALLOCATE|[11]|Bytes:12
01:21:09.0 (6730528)|HEAP_ALLOCATE|[11]|Bytes:97
01:21:09.0 (6822828)|HEAP_ALLOCATE|[11]|Bytes:12
01:21:09.0 (6836662)|SYSTEM_MODE_EXIT|false
01:21:09.6 (6861418)|CUMULATIVE_LIMIT_USAGE
01:21:09.6 (6861418)|LIMIT_USAGE_FOR_NS|(default)|
  Number of SOQL queries: 1 out of 100
  Number of query rows: 2 out of 50000
  Number of SOSL queries: 0 out of 20
  Number of DML statements: 0 out of 150
  Number of DML rows: 0 out of 10000
  Maximum CPU time: 0 out of 10000
  Maximum heap size: 0 out of 6000000
  Number of callouts: 0 out of 100
  Number of Email Invocations: 0 out of 10
  Number of future calls: 0 out of 50
  Number of queueable jobs added to the queue: 0 out of 50
  Number of Mobile Apex push calls: 0 out of 10

01:21:09.6 (6861418)|CUMULATIVE_LIMIT_USAGE_END

01:21:09.0 (6900663)|CODE_UNIT_FINISHED|HotFoodBrandController.findByBrandName(String)
01:21:09.0 (6971424)|CODE_UNIT_FINISHED|Aura
01:21:09.0 (8004462)|EXECUTION_FINISHED
