43.0 APEX_CODE,FINEST;APEX_PROFILING,INFO;CALLOUT,INFO;DB,INFO;NBA,INFO;SYSTEM,DEBUG;VALIDATION,INFO;VISUALFORCE,INFO;WAVE,INFO;WORKFLOW,INFO
00:41:09.0 (90435)|USER_INFO|[EXTERNAL]|0050O0000072vcM|himanshu232@hotmail.com|Greenwich Mean Time|GMT+01:00
00:41:09.0 (152788)|EXECUTION_STARTED
00:41:09.0 (158608)|CODE_UNIT_STARTED|[EXTERNAL]|Aura
00:41:09.0 (1369391)|CODE_UNIT_STARTED|[EXTERNAL]|01p0O00000BMBHd|HotFoodBrandController.getBrands()
00:41:09.0 (1535757)|HEAP_ALLOCATE|[72]|Bytes:3
00:41:09.0 (1594147)|HEAP_ALLOCATE|[77]|Bytes:152
00:41:09.0 (1612090)|HEAP_ALLOCATE|[342]|Bytes:408
00:41:09.0 (1628048)|HEAP_ALLOCATE|[355]|Bytes:408
00:41:09.0 (1640210)|HEAP_ALLOCATE|[467]|Bytes:48
00:41:09.0 (1666721)|HEAP_ALLOCATE|[139]|Bytes:6
00:41:09.0 (1737078)|HEAP_ALLOCATE|[EXTERNAL]|Bytes:1
00:41:09.0 (1750766)|METHOD_ENTRY|[1]|01p0O00000BMBHd|HotFoodBrandController.HotFoodBrandController()
00:41:09.0 (1758328)|STATEMENT_EXECUTE|[1]
00:41:09.0 (1764025)|STATEMENT_EXECUTE|[1]
00:41:09.0 (1768480)|METHOD_EXIT|[1]|HotFoodBrandController
00:41:09.0 (1783146)|SYSTEM_MODE_ENTER|false
00:41:09.0 (1793314)|STATEMENT_EXECUTE|[3]
00:41:09.0 (1795380)|STATEMENT_EXECUTE|[5]
00:41:09.0 (1798924)|HEAP_ALLOCATE|[5]|Bytes:66
00:41:09.0 (1831018)|HEAP_ALLOCATE|[5]|Bytes:4
00:41:09.0 (1870144)|HEAP_ALLOCATE|[50]|Bytes:5
00:41:09.0 (1893222)|HEAP_ALLOCATE|[56]|Bytes:5
00:41:09.0 (1900936)|HEAP_ALLOCATE|[64]|Bytes:7
00:41:09.0 (2184771)|SOQL_EXECUTE_BEGIN|[5]|Aggregations:0|SELECT Id, name FROM HotFoodBrand__c ORDER BY name ASC NULLS FIRST
00:41:09.0 (3968574)|SOQL_EXECUTE_END|[5]|Rows:8
00:41:09.0 (3990298)|HEAP_ALLOCATE|[5]|Bytes:36
00:41:09.0 (4016950)|HEAP_ALLOCATE|[5]|Bytes:389
00:41:09.0 (4114071)|HEAP_ALLOCATE|[5]|Bytes:36
00:41:09.0 (4129000)|SYSTEM_MODE_EXIT|false
00:41:09.4 (4153874)|CUMULATIVE_LIMIT_USAGE
00:41:09.4 (4153874)|LIMIT_USAGE_FOR_NS|(default)|
  Number of SOQL queries: 1 out of 100
  Number of query rows: 8 out of 50000
  Number of SOSL queries: 0 out of 20
  Number of DML statements: 0 out of 150
  Number of DML rows: 0 out of 10000
  Maximum CPU time: 0 out of 10000
  Maximum heap size: 0 out of 6000000
  Number of callouts: 0 out of 100
  Number of Email Invocations: 0 out of 10
  Number of future calls: 0 out of 50
  Number of queueable jobs added to the queue: 0 out of 50
  Number of Mobile Apex push calls: 0 out of 10

00:41:09.4 (4153874)|CUMULATIVE_LIMIT_USAGE_END

00:41:09.0 (4195484)|CODE_UNIT_FINISHED|HotFoodBrandController.getBrands()
00:41:09.0 (4294040)|CODE_UNIT_FINISHED|Aura
00:41:09.0 (5506666)|EXECUTION_FINISHED
