43.0 APEX_CODE,FINEST;APEX_PROFILING,INFO;CALLOUT,INFO;DB,INFO;NBA,INFO;SYSTEM,DEBUG;VALIDATION,INFO;VISUALFORCE,INFO;WAVE,INFO;WORKFLOW,INFO
01:24:54.0 (100668)|USER_INFO|[EXTERNAL]|0050O0000072vcM|himanshu232@hotmail.com|Greenwich Mean Time|GMT+01:00
01:24:54.0 (181073)|EXECUTION_STARTED
01:24:54.0 (188763)|CODE_UNIT_STARTED|[EXTERNAL]|Aura
01:24:54.0 (1003726)|HEAP_ALLOCATE|[72]|Bytes:3
01:24:54.0 (1075916)|HEAP_ALLOCATE|[77]|Bytes:152
01:24:54.0 (1102814)|HEAP_ALLOCATE|[342]|Bytes:408
01:24:54.0 (1129901)|HEAP_ALLOCATE|[355]|Bytes:408
01:24:54.0 (1153023)|HEAP_ALLOCATE|[467]|Bytes:48
01:24:54.0 (1187326)|HEAP_ALLOCATE|[139]|Bytes:6
01:24:54.0 (1215037)|HEAP_ALLOCATE|[EXTERNAL]|Bytes:3
01:24:54.0 (1226887)|HEAP_ALLOCATE|[EXTERNAL]|Bytes:3
01:24:54.0 (1981364)|CODE_UNIT_STARTED|[EXTERNAL]|01p0O00000BMBHd|HotFoodBrandController.findByBrandName(String)
01:24:54.0 (2093346)|HEAP_ALLOCATE|[EXTERNAL]|Bytes:3
01:24:54.0 (2112248)|METHOD_ENTRY|[1]|01p0O00000BMBHd|HotFoodBrandController.HotFoodBrandController()
01:24:54.0 (2122923)|STATEMENT_EXECUTE|[1]
01:24:54.0 (2131165)|STATEMENT_EXECUTE|[1]
01:24:54.0 (2138009)|METHOD_EXIT|[1]|HotFoodBrandController
01:24:54.0 (2145628)|HEAP_ALLOCATE|[EXTERNAL]|Bytes:3
01:24:54.0 (2160773)|SYSTEM_MODE_ENTER|false
01:24:54.0 (2171698)|VARIABLE_SCOPE_BEGIN|[9]|searchKey|String|false|false
01:24:54.0 (2203959)|VARIABLE_ASSIGNMENT|[9]|searchKey|"gou"
01:24:54.0 (2217924)|STATEMENT_EXECUTE|[9]
01:24:54.0 (2220713)|STATEMENT_EXECUTE|[10]
01:24:54.0 (2225722)|HEAP_ALLOCATE|[10]|Bytes:1
01:24:54.0 (2245980)|HEAP_ALLOCATE|[10]|Bytes:5
01:24:54.0 (2256272)|VARIABLE_SCOPE_BEGIN|[10]|brandname|String|false|false
01:24:54.0 (2275099)|VARIABLE_ASSIGNMENT|[10]|brandname|"%gou%"
01:24:54.0 (2282655)|STATEMENT_EXECUTE|[11]
01:24:54.0 (2285910)|HEAP_ALLOCATE|[11]|Bytes:61
01:24:54.0 (2320168)|HEAP_ALLOCATE|[11]|Bytes:4
01:24:54.0 (2336625)|HEAP_ALLOCATE|[11]|Bytes:7
01:24:54.0 (2397349)|HEAP_ALLOCATE|[50]|Bytes:5
01:24:54.0 (2428111)|HEAP_ALLOCATE|[56]|Bytes:5
01:24:54.0 (2439765)|HEAP_ALLOCATE|[64]|Bytes:7
01:24:54.0 (2862672)|SOQL_EXECUTE_BEGIN|[11]|Aggregations:0|SELECT id, name FROM HotFoodBrand__c WHERE name LIKE :tmpVar1
01:24:54.0 (7768850)|SOQL_EXECUTE_END|[11]|Rows:1
01:24:54.0 (7812777)|HEAP_ALLOCATE|[11]|Bytes:8
01:24:54.0 (7835735)|HEAP_ALLOCATE|[11]|Bytes:68
01:24:54.0 (7962774)|HEAP_ALLOCATE|[11]|Bytes:8
01:24:54.0 (7982039)|SYSTEM_MODE_EXIT|false
01:24:54.8 (8019634)|CUMULATIVE_LIMIT_USAGE
01:24:54.8 (8019634)|LIMIT_USAGE_FOR_NS|(default)|
  Number of SOQL queries: 1 out of 100
  Number of query rows: 1 out of 50000
  Number of SOSL queries: 0 out of 20
  Number of DML statements: 0 out of 150
  Number of DML rows: 0 out of 10000
  Maximum CPU time: 0 out of 10000
  Maximum heap size: 0 out of 6000000
  Number of callouts: 0 out of 100
  Number of Email Invocations: 0 out of 10
  Number of future calls: 0 out of 50
  Number of queueable jobs added to the queue: 0 out of 50
  Number of Mobile Apex push calls: 0 out of 10

01:24:54.8 (8019634)|CUMULATIVE_LIMIT_USAGE_END

01:24:54.0 (8073982)|CODE_UNIT_FINISHED|HotFoodBrandController.findByBrandName(String)
01:24:54.0 (8159411)|CODE_UNIT_FINISHED|Aura
01:24:54.0 (9300425)|EXECUTION_FINISHED
