43.0 APEX_CODE,FINEST;APEX_PROFILING,INFO;CALLOUT,INFO;DB,INFO;NBA,INFO;SYSTEM,DEBUG;VALIDATION,INFO;VISUALFORCE,INFO;WAVE,INFO;WORKFLOW,INFO
01:21:36.0 (88967)|USER_INFO|[EXTERNAL]|0050O0000072vcM|himanshu232@hotmail.com|Greenwich Mean Time|GMT+01:00
01:21:36.0 (144618)|EXECUTION_STARTED
01:21:36.0 (151256)|CODE_UNIT_STARTED|[EXTERNAL]|Aura
01:21:36.0 (787520)|HEAP_ALLOCATE|[72]|Bytes:3
01:21:36.0 (839151)|HEAP_ALLOCATE|[77]|Bytes:152
01:21:36.0 (855079)|HEAP_ALLOCATE|[342]|Bytes:408
01:21:36.0 (870898)|HEAP_ALLOCATE|[355]|Bytes:408
01:21:36.0 (883654)|HEAP_ALLOCATE|[467]|Bytes:48
01:21:36.0 (906492)|HEAP_ALLOCATE|[139]|Bytes:6
01:21:36.0 (926054)|HEAP_ALLOCATE|[EXTERNAL]|Bytes:3
01:21:36.0 (933463)|HEAP_ALLOCATE|[EXTERNAL]|Bytes:3
01:21:36.0 (1649255)|CODE_UNIT_STARTED|[EXTERNAL]|01p0O00000BMBHd|HotFoodBrandController.findByBrandName(String)
01:21:36.0 (1753792)|HEAP_ALLOCATE|[EXTERNAL]|Bytes:3
01:21:36.0 (1767821)|METHOD_ENTRY|[1]|01p0O00000BMBHd|HotFoodBrandController.HotFoodBrandController()
01:21:36.0 (1775027)|STATEMENT_EXECUTE|[1]
01:21:36.0 (1780755)|STATEMENT_EXECUTE|[1]
01:21:36.0 (1785404)|METHOD_EXIT|[1]|HotFoodBrandController
01:21:36.0 (1791293)|HEAP_ALLOCATE|[EXTERNAL]|Bytes:3
01:21:36.0 (1801534)|SYSTEM_MODE_ENTER|false
01:21:36.0 (1808720)|VARIABLE_SCOPE_BEGIN|[9]|searchKey|String|false|false
01:21:36.0 (1833092)|VARIABLE_ASSIGNMENT|[9]|searchKey|"pre"
01:21:36.0 (1844111)|STATEMENT_EXECUTE|[9]
01:21:36.0 (1846018)|STATEMENT_EXECUTE|[10]
01:21:36.0 (1850697)|HEAP_ALLOCATE|[10]|Bytes:1
01:21:36.0 (1864223)|HEAP_ALLOCATE|[10]|Bytes:5
01:21:36.0 (1870732)|VARIABLE_SCOPE_BEGIN|[10]|brandname|String|false|false
01:21:36.0 (1882580)|VARIABLE_ASSIGNMENT|[10]|brandname|"%pre%"
01:21:36.0 (1887981)|STATEMENT_EXECUTE|[11]
01:21:36.0 (1890354)|HEAP_ALLOCATE|[11]|Bytes:61
01:21:36.0 (1910984)|HEAP_ALLOCATE|[11]|Bytes:4
01:21:36.0 (1922464)|HEAP_ALLOCATE|[11]|Bytes:7
01:21:36.0 (1967370)|HEAP_ALLOCATE|[50]|Bytes:5
01:21:36.0 (1990063)|HEAP_ALLOCATE|[56]|Bytes:5
01:21:36.0 (1998188)|HEAP_ALLOCATE|[64]|Bytes:7
01:21:36.0 (2307608)|SOQL_EXECUTE_BEGIN|[11]|Aggregations:0|SELECT id, name FROM HotFoodBrand__c WHERE name LIKE :tmpVar1
01:21:36.0 (6361380)|SOQL_EXECUTE_END|[11]|Rows:2
01:21:36.0 (6384502)|HEAP_ALLOCATE|[11]|Bytes:12
01:21:36.0 (6401249)|HEAP_ALLOCATE|[11]|Bytes:93
01:21:36.0 (6493362)|HEAP_ALLOCATE|[11]|Bytes:12
01:21:36.0 (6507836)|SYSTEM_MODE_EXIT|false
01:21:36.6 (6531438)|CUMULATIVE_LIMIT_USAGE
01:21:36.6 (6531438)|LIMIT_USAGE_FOR_NS|(default)|
  Number of SOQL queries: 1 out of 100
  Number of query rows: 2 out of 50000
  Number of SOSL queries: 0 out of 20
  Number of DML statements: 0 out of 150
  Number of DML rows: 0 out of 10000
  Maximum CPU time: 0 out of 10000
  Maximum heap size: 0 out of 6000000
  Number of callouts: 0 out of 100
  Number of Email Invocations: 0 out of 10
  Number of future calls: 0 out of 50
  Number of queueable jobs added to the queue: 0 out of 50
  Number of Mobile Apex push calls: 0 out of 10

01:21:36.6 (6531438)|CUMULATIVE_LIMIT_USAGE_END

01:21:36.0 (6569842)|CODE_UNIT_FINISHED|HotFoodBrandController.findByBrandName(String)
01:21:36.0 (6642871)|CODE_UNIT_FINISHED|Aura
01:21:36.0 (7715465)|EXECUTION_FINISHED
