43.0 APEX_CODE,FINEST;APEX_PROFILING,INFO;CALLOUT,INFO;DB,INFO;NBA,INFO;SYSTEM,DEBUG;VALIDATION,INFO;VISUALFORCE,INFO;WAVE,INFO;WORKFLOW,INFO
00:38:11.0 (88569)|USER_INFO|[EXTERNAL]|0050O0000072vcM|himanshu232@hotmail.com|Greenwich Mean Time|GMT+01:00
00:38:11.0 (155132)|EXECUTION_STARTED
00:38:11.0 (161287)|CODE_UNIT_STARTED|[EXTERNAL]|Aura
00:38:11.0 (1161538)|CODE_UNIT_STARTED|[EXTERNAL]|01p0O00000BMBHd|HotFoodBrandController.getBrands()
00:38:11.0 (1315427)|HEAP_ALLOCATE|[72]|Bytes:3
00:38:11.0 (1373886)|HEAP_ALLOCATE|[77]|Bytes:152
00:38:11.0 (1389997)|HEAP_ALLOCATE|[342]|Bytes:408
00:38:11.0 (1406457)|HEAP_ALLOCATE|[355]|Bytes:408
00:38:11.0 (1418073)|HEAP_ALLOCATE|[467]|Bytes:48
00:38:11.0 (1444973)|HEAP_ALLOCATE|[139]|Bytes:6
00:38:11.0 (1499977)|HEAP_ALLOCATE|[EXTERNAL]|Bytes:1
00:38:11.0 (1511817)|METHOD_ENTRY|[1]|01p0O00000BMBHd|HotFoodBrandController.HotFoodBrandController()
00:38:11.0 (1518692)|STATEMENT_EXECUTE|[1]
00:38:11.0 (1524066)|STATEMENT_EXECUTE|[1]
00:38:11.0 (1528533)|METHOD_EXIT|[1]|HotFoodBrandController
00:38:11.0 (1541830)|SYSTEM_MODE_ENTER|false
00:38:11.0 (1551147)|STATEMENT_EXECUTE|[3]
00:38:11.0 (1553064)|STATEMENT_EXECUTE|[5]
00:38:11.0 (1556785)|HEAP_ALLOCATE|[5]|Bytes:66
00:38:11.0 (1582466)|HEAP_ALLOCATE|[5]|Bytes:4
00:38:11.0 (1620493)|HEAP_ALLOCATE|[50]|Bytes:5
00:38:11.0 (1644288)|HEAP_ALLOCATE|[56]|Bytes:5
00:38:11.0 (1651815)|HEAP_ALLOCATE|[64]|Bytes:7
00:38:11.0 (1931681)|SOQL_EXECUTE_BEGIN|[5]|Aggregations:0|SELECT Id, name FROM HotFoodBrand__c ORDER BY name ASC NULLS FIRST
00:38:11.0 (3728130)|SOQL_EXECUTE_END|[5]|Rows:8
00:38:11.0 (3750864)|HEAP_ALLOCATE|[5]|Bytes:36
00:38:11.0 (3776758)|HEAP_ALLOCATE|[5]|Bytes:389
00:38:11.0 (3871406)|HEAP_ALLOCATE|[5]|Bytes:36
00:38:11.0 (3885493)|SYSTEM_MODE_EXIT|false
00:38:11.3 (3912593)|CUMULATIVE_LIMIT_USAGE
00:38:11.3 (3912593)|LIMIT_USAGE_FOR_NS|(default)|
  Number of SOQL queries: 1 out of 100
  Number of query rows: 8 out of 50000
  Number of SOSL queries: 0 out of 20
  Number of DML statements: 0 out of 150
  Number of DML rows: 0 out of 10000
  Maximum CPU time: 0 out of 10000
  Maximum heap size: 0 out of 6000000
  Number of callouts: 0 out of 100
  Number of Email Invocations: 0 out of 10
  Number of future calls: 0 out of 50
  Number of queueable jobs added to the queue: 0 out of 50
  Number of Mobile Apex push calls: 0 out of 10

00:38:11.3 (3912593)|CUMULATIVE_LIMIT_USAGE_END

00:38:11.0 (3954360)|CODE_UNIT_FINISHED|HotFoodBrandController.getBrands()
00:38:11.0 (4031267)|CODE_UNIT_FINISHED|Aura
00:38:11.0 (5069893)|EXECUTION_FINISHED
