36.0 APEX_CODE,FINEST;APEX_PROFILING,INFO;CALLOUT,INFO;DB,INFO;NBA,INFO;SYSTEM,DEBUG;VALIDATION,INFO;VISUALFORCE,INFO;WAVE,INFO;WORKFLOW,INFO
21:45:34.0 (740473)|USER_INFO|[EXTERNAL]|0050O0000072vcM|himanshu232@hotmail.com|Greenwich Mean Time|GMT+01:00
21:45:34.0 (820090)|EXECUTION_STARTED
21:45:34.0 (829344)|CODE_UNIT_STARTED|[EXTERNAL]|01p0O00000BMBGp|HFO_HotFoodBrandTriggerTest.updateHotFoodBrandName()
21:45:34.0 (1705854)|HEAP_ALLOCATE|[72]|Bytes:3
21:45:34.0 (1788383)|HEAP_ALLOCATE|[77]|Bytes:152
21:45:34.0 (1812878)|HEAP_ALLOCATE|[342]|Bytes:408
21:45:34.0 (1842878)|HEAP_ALLOCATE|[355]|Bytes:408
21:45:34.0 (1857259)|HEAP_ALLOCATE|[467]|Bytes:48
21:45:34.0 (1887646)|HEAP_ALLOCATE|[139]|Bytes:6
21:45:34.0 (1904141)|HEAP_ALLOCATE|[EXTERNAL]|Bytes:44
21:45:34.0 (1958508)|METHOD_ENTRY|[9]|01p0O00000BMBGp|HFO_HotFoodBrandTriggerTest.HFO_HotFoodBrandTriggerTest()
21:45:34.0 (1966749)|STATEMENT_EXECUTE|[9]
21:45:34.0 (1972398)|STATEMENT_EXECUTE|[9]
21:45:34.0 (1986917)|METHOD_EXIT|[9]|HFO_HotFoodBrandTriggerTest
21:45:34.0 (2028865)|HEAP_ALLOCATE|[50]|Bytes:5
21:45:34.0 (2054797)|HEAP_ALLOCATE|[56]|Bytes:5
21:45:34.0 (2063243)|HEAP_ALLOCATE|[64]|Bytes:7
21:45:34.0 (2110403)|STATEMENT_EXECUTE|[12]
21:45:34.0 (2113200)|STATEMENT_EXECUTE|[14]
21:45:34.0 (2190081)|HEAP_ALLOCATE|[14]|Bytes:4
21:45:34.0 (2310352)|VARIABLE_SCOPE_BEGIN|[14]|hfb|HotFoodBrand__c|true|false
21:45:34.0 (2362901)|VARIABLE_ASSIGNMENT|[14]|hfb|{}|0x16426753
21:45:34.0 (2370018)|STATEMENT_EXECUTE|[15]
21:45:34.0 (2373728)|HEAP_ALLOCATE|[15]|Bytes:10
21:45:34.0 (3736277)|VARIABLE_ASSIGNMENT|[15]|this.Name|"Test Brand"|0x16426753
21:45:34.0 (3747309)|STATEMENT_EXECUTE|[16]
21:45:34.0 (3783679)|HEAP_ALLOCATE|[16]|Bytes:8
21:45:34.0 (3802539)|DML_BEGIN|[16]|Op:Insert|Type:HotFoodBrand__c|Rows:1
21:45:34.0 (3840277)|HEAP_ALLOCATE|[EXTERNAL]|Bytes:8
21:45:34.0 (29775527)|DML_END|[16]
21:45:34.0 (29805262)|STATEMENT_EXECUTE|[20]
21:45:34.0 (29862412)|HEAP_ALLOCATE|[20]|Bytes:4
21:45:34.0 (29990820)|VARIABLE_SCOPE_BEGIN|[20]|newAcc1|Account|true|false
21:45:34.0 (30022228)|VARIABLE_ASSIGNMENT|[20]|newAcc1|{}|0x28626915
21:45:34.0 (30031250)|STATEMENT_EXECUTE|[21]
21:45:34.0 (30038713)|HEAP_ALLOCATE|[21]|Bytes:20
21:45:34.0 (30513379)|VARIABLE_ASSIGNMENT|[21]|this.Name|"Test account street1"|0x28626915
21:45:34.0 (30521872)|STATEMENT_EXECUTE|[22]
21:45:34.0 (30588980)|VARIABLE_ASSIGNMENT|[22]|this.Brand_Name__c|"a010O00002EWKvIQAX"|0x28626915
21:45:34.0 (30602507)|STATEMENT_EXECUTE|[23]
21:45:34.0 (30606932)|HEAP_ALLOCATE|[23]|Bytes:16
21:45:34.0 (30634091)|VARIABLE_ASSIGNMENT|[23]|this.BillingStreet|"181, London Road"|0x28626915
21:45:34.0 (30639870)|STATEMENT_EXECUTE|[24]
21:45:34.0 (30667743)|HEAP_ALLOCATE|[24]|Bytes:8
21:45:34.0 (30689427)|DML_BEGIN|[24]|Op:Insert|Type:Account|Rows:1
21:45:34.0 (30729921)|HEAP_ALLOCATE|[EXTERNAL]|Bytes:8
21:45:34.0 (42574231)|CODE_UNIT_STARTED|[EXTERNAL]|DuplicateDetector
21:45:34.0 (42612742)|DUPLICATE_DETECTION_BEGIN
21:45:34.0 (42667127)|DUPLICATE_DETECTION_RULE_INVOCATION|DuplicateRuleId:0Bm0O000001ZJEo|DuplicateRuleName:Standard Account Duplicate Rule|DmlType:INSERT
21:45:34.0 (61747298)|DUPLICATE_DETECTION_MATCH_INVOCATION_DETAILS|EntityType:Account|ActionTaken:Allow_[Alert,Report]|DuplicateRecordIds:
21:45:34.0 (61773745)|DUPLICATE_DETECTION_MATCH_INVOCATION_SUMMARY|EntityType:Account|NumRecordsToBeSaved:1|NumRecordsToBeSavedWithDuplicates:0|NumDuplicateRecordsFound:0
21:45:34.0 (61888061)|DUPLICATE_DETECTION_END
21:45:34.0 (61896612)|CODE_UNIT_FINISHED|DuplicateDetector
21:45:34.0 (88783043)|DML_END|[24]
21:45:34.0 (88813910)|STATEMENT_EXECUTE|[26]
21:45:34.0 (88849266)|HEAP_ALLOCATE|[26]|Bytes:4
21:45:34.0 (88908341)|VARIABLE_SCOPE_BEGIN|[26]|newAcc2|Account|true|false
21:45:34.0 (88939594)|VARIABLE_ASSIGNMENT|[26]|newAcc2|{}|0x2532fbe6
21:45:34.0 (88946280)|STATEMENT_EXECUTE|[27]
21:45:34.0 (88953896)|HEAP_ALLOCATE|[27]|Bytes:21
21:45:34.0 (89017779)|VARIABLE_ASSIGNMENT|[27]|this.Name|"Test account street1 (1 more) ..."|0x2532fbe6
21:45:34.0 (89025309)|STATEMENT_EXECUTE|[28]
21:45:34.0 (89074287)|VARIABLE_ASSIGNMENT|[28]|this.Brand_Name__c|"a010O00002EWKvIQAX"|0x2532fbe6
21:45:34.0 (89082575)|STATEMENT_EXECUTE|[29]
21:45:34.0 (89109604)|HEAP_ALLOCATE|[29]|Bytes:8
21:45:34.0 (89129506)|DML_BEGIN|[29]|Op:Insert|Type:Account|Rows:1
21:45:34.0 (89170725)|HEAP_ALLOCATE|[EXTERNAL]|Bytes:8
21:45:34.0 (91535543)|CODE_UNIT_STARTED|[EXTERNAL]|DuplicateDetector
21:45:34.0 (91552749)|DUPLICATE_DETECTION_BEGIN
21:45:34.0 (91603360)|DUPLICATE_DETECTION_RULE_INVOCATION|DuplicateRuleId:0Bm0O000001ZJEo|DuplicateRuleName:Standard Account Duplicate Rule|DmlType:INSERT
21:45:34.0 (99554610)|DUPLICATE_DETECTION_MATCH_INVOCATION_DETAILS|EntityType:Account|ActionTaken:Allow_[Alert,Report]|DuplicateRecordIds:
21:45:34.0 (99573633)|DUPLICATE_DETECTION_MATCH_INVOCATION_SUMMARY|EntityType:Account|NumRecordsToBeSaved:1|NumRecordsToBeSavedWithDuplicates:0|NumDuplicateRecordsFound:0
21:45:34.0 (99684422)|DUPLICATE_DETECTION_END
21:45:34.0 (99691378)|CODE_UNIT_FINISHED|DuplicateDetector
21:45:34.0 (110930970)|DML_END|[29]
21:45:34.0 (110959050)|STATEMENT_EXECUTE|[32]
21:45:34.0 (110974059)|HEAP_ALLOCATE|[32]|Bytes:13
21:45:34.0 (111056817)|VARIABLE_ASSIGNMENT|[32]|this.Name|"My Test Brand"|0x16426753
21:45:34.0 (111065062)|STATEMENT_EXECUTE|[33]
21:45:34.0 (111107944)|HEAP_ALLOCATE|[33]|Bytes:8
21:45:34.0 (111127505)|DML_BEGIN|[33]|Op:Update|Type:HotFoodBrand__c|Rows:1
21:45:34.0 (111168505)|HEAP_ALLOCATE|[EXTERNAL]|Bytes:8
21:45:34.0 (184623200)|CODE_UNIT_STARTED|[EXTERNAL]|01q0O000000ScpE|HFO_HotFoodBrandTrigger on HotFoodBrand trigger event BeforeUpdate|__sfdc_trigger/HFO_HotFoodBrandTrigger
21:45:34.0 (184689003)|HEAP_ALLOCATE|[EXTERNAL]|Bytes:8
21:45:34.0 (184726510)|HEAP_ALLOCATE|[EXTERNAL]|Bytes:8
21:45:34.0 (184849942)|HEAP_ALLOCATE|[EXTERNAL]|Bytes:4
21:45:34.0 (184865138)|VARIABLE_SCOPE_BEGIN|[7]|this|HFO_HotFoodBrandTrigger|true|false
21:45:34.0 (184910559)|VARIABLE_ASSIGNMENT|[7]|this|{}|0x14cb17d0
21:45:34.0 (184987104)|HEAP_ALLOCATE|[EXTERNAL]|Bytes:4
21:45:34.0 (185005457)|VARIABLE_SCOPE_BEGIN|[7]|this|HFO_HotFoodBrandTrigger|true|false
21:45:34.0 (185020755)|VARIABLE_ASSIGNMENT|[7]|this|{}|0x14cb17d0
21:45:34.0 (185030418)|STATEMENT_EXECUTE|[7]
21:45:34.0 (185032459)|STATEMENT_EXECUTE|[8]
21:45:34.0 (189213171)|VARIABLE_SCOPE_BEGIN|[9]|HFO_HotFoodBrandTriggerHandler.TriggerDisabled|Boolean|false|true
21:45:34.0 (192097949)|HEAP_ALLOCATE|[8]|Bytes:23
21:45:34.0 (192110857)|HEAP_ALLOCATE|[8]|Bytes:8
21:45:34.0 (192151149)|METHOD_ENTRY|[7]|01p0O00000BMBGa|HFO_HotFoodBrandTriggerHandler.HFO_HotFoodBrandTriggerHandler()
21:45:34.0 (192159113)|STATEMENT_EXECUTE|[7]
21:45:34.0 (192162636)|STATEMENT_EXECUTE|[7]
21:45:34.0 (192164245)|STATEMENT_EXECUTE|[9]
21:45:34.0 (192180910)|HEAP_ALLOCATE|[9]|Bytes:5
21:45:34.0 (192194902)|VARIABLE_ASSIGNMENT|[9]|HFO_HotFoodBrandTriggerHandler.TriggerDisabled|false
21:45:34.0 (192207170)|METHOD_EXIT|[7]|HFO_HotFoodBrandTriggerHandler
21:45:34.0 (192224831)|HEAP_ALLOCATE|[8]|Bytes:4
21:45:34.0 (192254305)|CONSTRUCTOR_ENTRY|[8]|01p0O00000BMBGa|<init>()|HFO_HotFoodBrandTriggerHandler
21:45:34.0 (192281769)|VARIABLE_SCOPE_BEGIN|[7]|this|HFO_HotFoodBrandTriggerHandler|true|false
21:45:34.0 (192302394)|VARIABLE_ASSIGNMENT|[7]|this|{}|0x4a05eecc
21:45:34.0 (192315861)|HEAP_ALLOCATE|[EXTERNAL]|Bytes:6
21:45:34.0 (192580757)|STATEMENT_EXECUTE|[7]
21:45:34.0 (192590096)|CONSTRUCTOR_EXIT|[8]|01p0O00000BMBGa|<init>()|HFO_HotFoodBrandTriggerHandler
21:45:34.0 (196517509)|HEAP_ALLOCATE|[8]|Bytes:2
21:45:34.0 (196528478)|HEAP_ALLOCATE|[8]|Bytes:2
21:45:34.0 (196543803)|METHOD_ENTRY|[7]|01p0O00000BMBGQ|HFO_TriggerDispatcher.HFO_TriggerDispatcher()
21:45:34.0 (196549894)|STATEMENT_EXECUTE|[7]
21:45:34.0 (196553755)|STATEMENT_EXECUTE|[7]
21:45:34.0 (196558464)|METHOD_EXIT|[7]|HFO_TriggerDispatcher
21:45:34.0 (196581827)|METHOD_ENTRY|[8]|01p0O00000BMBGQ|HFO_TriggerDispatcher.Run(HFO_ITriggerHandler)
21:45:34.0 (196591914)|VARIABLE_SCOPE_BEGIN|[13]|handler|HFO_ITriggerHandler|true|false
21:45:34.0 (196616416)|VARIABLE_ASSIGNMENT|[13]|handler|{}|0x4a05eecc
21:45:34.0 (196637220)|STATEMENT_EXECUTE|[13]
21:45:34.0 (196655389)|METHOD_ENTRY|[15]|01p0O00000BMBGa|HFO_HotFoodBrandTriggerHandler.IsDisabled()
21:45:34.0 (196688281)|VARIABLE_SCOPE_BEGIN|[64]|this|HFO_HotFoodBrandTriggerHandler|true|false
21:45:34.0 (196705309)|VARIABLE_ASSIGNMENT|[64]|this|{}|0x4a05eecc
21:45:34.0 (196715483)|STATEMENT_EXECUTE|[64]
21:45:34.0 (196717267)|STATEMENT_EXECUTE|[69]
21:45:34.0 (196724396)|METHOD_EXIT|[15]|01p0O00000BMBGa|HFO_HotFoodBrandTriggerHandler.IsDisabled()
21:45:34.0 (196733009)|STATEMENT_EXECUTE|[16]
21:45:34.0 (196736654)|METHOD_EXIT|[8]|01p0O00000BMBGQ|HFO_TriggerDispatcher.Run(HFO_ITriggerHandler)
21:45:34.196 (196748004)|CUMULATIVE_LIMIT_USAGE
21:45:34.196 (196748004)|LIMIT_USAGE_FOR_NS|(default)|
  Number of SOQL queries: 0 out of 100
  Number of query rows: 0 out of 50000
  Number of SOSL queries: 0 out of 20
  Number of DML statements: 4 out of 150
  Number of DML rows: 4 out of 10000
  Maximum CPU time: 0 out of 10000
  Maximum heap size: 0 out of 6000000
  Number of callouts: 0 out of 100
  Number of Email Invocations: 0 out of 10
  Number of future calls: 0 out of 50
  Number of queueable jobs added to the queue: 0 out of 50
  Number of Mobile Apex push calls: 0 out of 10

21:45:34.196 (196748004)|CUMULATIVE_LIMIT_USAGE_END

21:45:34.0 (197657425)|CODE_UNIT_FINISHED|HFO_HotFoodBrandTrigger on HotFoodBrand trigger event BeforeUpdate|__sfdc_trigger/HFO_HotFoodBrandTrigger
21:45:34.0 (207711457)|DML_END|[33]
21:45:34.0 (207729579)|STATEMENT_EXECUTE|[34]
21:45:34.0 (207736267)|HEAP_ALLOCATE|[34]|Bytes:42
21:45:34.0 (207819262)|HEAP_ALLOCATE|[34]|Bytes:18
21:45:34.0 (207841460)|HEAP_ALLOCATE|[34]|Bytes:60
21:45:34.0 (207866917)|USER_DEBUG|[34]|DEBUG|Test HotFoodBrand record has been created a010O00002EWKvIQAX
21:45:34.207 (207879354)|CUMULATIVE_LIMIT_USAGE
21:45:34.207 (207879354)|LIMIT_USAGE_FOR_NS|(default)|
  Number of SOQL queries: 0 out of 100
  Number of query rows: 0 out of 50000
  Number of SOSL queries: 0 out of 20
  Number of DML statements: 4 out of 150
  Number of DML rows: 4 out of 10000
  Maximum CPU time: 0 out of 10000
  Maximum heap size: 0 out of 6000000
  Number of callouts: 0 out of 100
  Number of Email Invocations: 0 out of 10
  Number of future calls: 0 out of 50
  Number of queueable jobs added to the queue: 0 out of 50
  Number of Mobile Apex push calls: 0 out of 10

21:45:34.207 (207879354)|CUMULATIVE_LIMIT_USAGE_END

21:45:34.0 (207907323)|CODE_UNIT_FINISHED|HFO_HotFoodBrandTriggerTest.updateHotFoodBrandName()
21:45:34.0 (208727367)|EXECUTION_FINISHED
21:45:34.332 (332212968)|USER_INFO|[EXTERNAL]|0050O0000072vcM|himanshu232@hotmail.com|Greenwich Mean Time|GMT+01:00
21:45:34.332 (332252750)|EXECUTION_STARTED
21:45:34.332 (332257601)|CODE_UNIT_STARTED|[EXTERNAL]|DuplicateDetector
21:45:34.332 (332270645)|DUPLICATE_DETECTION_BEGIN
21:45:34.332 (332493576)|DUPLICATE_DETECTION_RULE_INVOCATION|DuplicateRuleId:0Bm0O000001ZJEo|DuplicateRuleName:Standard Account Duplicate Rule|DmlType:INSERT
21:45:34.332 (340752495)|DUPLICATE_DETECTION_END
21:45:34.332 (340761772)|CODE_UNIT_FINISHED|DuplicateDetector
21:45:34.332 (341527143)|EXECUTION_FINISHED
