43.0 APEX_CODE,FINEST;APEX_PROFILING,INFO;CALLOUT,INFO;DB,INFO;NBA,INFO;SYSTEM,DEBUG;VALIDATION,INFO;VISUALFORCE,INFO;WAVE,INFO;WORKFLOW,INFO
01:21:15.0 (85364)|USER_INFO|[EXTERNAL]|0050O0000072vcM|himanshu232@hotmail.com|Greenwich Mean Time|GMT+01:00
01:21:15.0 (146978)|EXECUTION_STARTED
01:21:15.0 (152485)|CODE_UNIT_STARTED|[EXTERNAL]|Aura
01:21:15.0 (816220)|HEAP_ALLOCATE|[72]|Bytes:3
01:21:15.0 (874396)|HEAP_ALLOCATE|[77]|Bytes:152
01:21:15.0 (897068)|HEAP_ALLOCATE|[342]|Bytes:408
01:21:15.0 (913666)|HEAP_ALLOCATE|[355]|Bytes:408
01:21:15.0 (929981)|HEAP_ALLOCATE|[467]|Bytes:48
01:21:15.0 (953857)|HEAP_ALLOCATE|[139]|Bytes:6
01:21:15.0 (975460)|HEAP_ALLOCATE|[EXTERNAL]|Bytes:5
01:21:15.0 (982772)|HEAP_ALLOCATE|[EXTERNAL]|Bytes:5
01:21:15.0 (1699588)|CODE_UNIT_STARTED|[EXTERNAL]|01p0O00000BMBHd|HotFoodBrandController.findByBrandName(String)
01:21:15.0 (1802127)|HEAP_ALLOCATE|[EXTERNAL]|Bytes:3
01:21:15.0 (1817068)|METHOD_ENTRY|[1]|01p0O00000BMBHd|HotFoodBrandController.HotFoodBrandController()
01:21:15.0 (1823516)|STATEMENT_EXECUTE|[1]
01:21:15.0 (1829900)|STATEMENT_EXECUTE|[1]
01:21:15.0 (1834220)|METHOD_EXIT|[1]|HotFoodBrandController
01:21:15.0 (1839257)|HEAP_ALLOCATE|[EXTERNAL]|Bytes:5
01:21:15.0 (1849537)|SYSTEM_MODE_ENTER|false
01:21:15.0 (1857721)|VARIABLE_SCOPE_BEGIN|[9]|searchKey|String|false|false
01:21:15.0 (1888796)|VARIABLE_ASSIGNMENT|[9]|searchKey|"wagam"
01:21:15.0 (1900180)|STATEMENT_EXECUTE|[9]
01:21:15.0 (1902104)|STATEMENT_EXECUTE|[10]
01:21:15.0 (1906183)|HEAP_ALLOCATE|[10]|Bytes:1
01:21:15.0 (1921768)|HEAP_ALLOCATE|[10]|Bytes:7
01:21:15.0 (1929050)|VARIABLE_SCOPE_BEGIN|[10]|brandname|String|false|false
01:21:15.0 (1941293)|VARIABLE_ASSIGNMENT|[10]|brandname|"%wagam%"
01:21:15.0 (1945743)|STATEMENT_EXECUTE|[11]
01:21:15.0 (1948406)|HEAP_ALLOCATE|[11]|Bytes:61
01:21:15.0 (1973414)|HEAP_ALLOCATE|[11]|Bytes:4
01:21:15.0 (1985704)|HEAP_ALLOCATE|[11]|Bytes:7
01:21:15.0 (2030279)|HEAP_ALLOCATE|[50]|Bytes:5
01:21:15.0 (2054960)|HEAP_ALLOCATE|[56]|Bytes:5
01:21:15.0 (2063261)|HEAP_ALLOCATE|[64]|Bytes:7
01:21:15.0 (2405530)|SOQL_EXECUTE_BEGIN|[11]|Aggregations:0|SELECT id, name FROM HotFoodBrand__c WHERE name LIKE :tmpVar1
01:21:15.0 (6765932)|SOQL_EXECUTE_END|[11]|Rows:1
01:21:15.0 (6789557)|HEAP_ALLOCATE|[11]|Bytes:8
01:21:15.0 (6807791)|HEAP_ALLOCATE|[11]|Bytes:45
01:21:15.0 (6932889)|HEAP_ALLOCATE|[11]|Bytes:8
01:21:15.0 (6950656)|SYSTEM_MODE_EXIT|false
01:21:15.6 (6979641)|CUMULATIVE_LIMIT_USAGE
01:21:15.6 (6979641)|LIMIT_USAGE_FOR_NS|(default)|
  Number of SOQL queries: 1 out of 100
  Number of query rows: 1 out of 50000
  Number of SOSL queries: 0 out of 20
  Number of DML statements: 0 out of 150
  Number of DML rows: 0 out of 10000
  Maximum CPU time: 0 out of 10000
  Maximum heap size: 0 out of 6000000
  Number of callouts: 0 out of 100
  Number of Email Invocations: 0 out of 10
  Number of future calls: 0 out of 50
  Number of queueable jobs added to the queue: 0 out of 50
  Number of Mobile Apex push calls: 0 out of 10

01:21:15.6 (6979641)|CUMULATIVE_LIMIT_USAGE_END

01:21:15.0 (7022940)|CODE_UNIT_FINISHED|HotFoodBrandController.findByBrandName(String)
01:21:15.0 (7101293)|CODE_UNIT_FINISHED|Aura
01:21:15.0 (8189501)|EXECUTION_FINISHED
