43.0 APEX_CODE,FINEST;APEX_PROFILING,INFO;CALLOUT,INFO;DB,INFO;NBA,INFO;SYSTEM,DEBUG;VALIDATION,INFO;VISUALFORCE,INFO;WAVE,INFO;WORKFLOW,INFO
01:21:28.0 (92628)|USER_INFO|[EXTERNAL]|0050O0000072vcM|himanshu232@hotmail.com|Greenwich Mean Time|GMT+01:00
01:21:28.0 (154639)|EXECUTION_STARTED
01:21:28.0 (159771)|CODE_UNIT_STARTED|[EXTERNAL]|Aura
01:21:28.0 (848314)|HEAP_ALLOCATE|[72]|Bytes:3
01:21:28.0 (897349)|HEAP_ALLOCATE|[77]|Bytes:152
01:21:28.0 (913337)|HEAP_ALLOCATE|[342]|Bytes:408
01:21:28.0 (929164)|HEAP_ALLOCATE|[355]|Bytes:408
01:21:28.0 (941493)|HEAP_ALLOCATE|[467]|Bytes:48
01:21:28.0 (963572)|HEAP_ALLOCATE|[139]|Bytes:6
01:21:28.0 (981228)|HEAP_ALLOCATE|[EXTERNAL]|Bytes:1
01:21:28.0 (989327)|HEAP_ALLOCATE|[EXTERNAL]|Bytes:1
01:21:28.0 (1754889)|CODE_UNIT_STARTED|[EXTERNAL]|01p0O00000BMBHd|HotFoodBrandController.findByBrandName(String)
01:21:28.0 (1851325)|HEAP_ALLOCATE|[EXTERNAL]|Bytes:3
01:21:28.0 (1865135)|METHOD_ENTRY|[1]|01p0O00000BMBHd|HotFoodBrandController.HotFoodBrandController()
01:21:28.0 (1871894)|STATEMENT_EXECUTE|[1]
01:21:28.0 (1877477)|STATEMENT_EXECUTE|[1]
01:21:28.0 (1881853)|METHOD_EXIT|[1]|HotFoodBrandController
01:21:28.0 (1887492)|HEAP_ALLOCATE|[EXTERNAL]|Bytes:1
01:21:28.0 (1897744)|SYSTEM_MODE_ENTER|false
01:21:28.0 (1905209)|VARIABLE_SCOPE_BEGIN|[9]|searchKey|String|false|false
01:21:28.0 (1931661)|VARIABLE_ASSIGNMENT|[9]|searchKey|"s"
01:21:28.0 (1942312)|STATEMENT_EXECUTE|[9]
01:21:28.0 (1944177)|STATEMENT_EXECUTE|[10]
01:21:28.0 (1948195)|HEAP_ALLOCATE|[10]|Bytes:1
01:21:28.0 (1961522)|HEAP_ALLOCATE|[10]|Bytes:3
01:21:28.0 (1967689)|VARIABLE_SCOPE_BEGIN|[10]|brandname|String|false|false
01:21:28.0 (1979216)|VARIABLE_ASSIGNMENT|[10]|brandname|"%s%"
01:21:28.0 (1984124)|STATEMENT_EXECUTE|[11]
01:21:28.0 (1986667)|HEAP_ALLOCATE|[11]|Bytes:61
01:21:28.0 (2005404)|HEAP_ALLOCATE|[11]|Bytes:4
01:21:28.0 (2017167)|HEAP_ALLOCATE|[11]|Bytes:7
01:21:28.0 (2061365)|HEAP_ALLOCATE|[50]|Bytes:5
01:21:28.0 (2082507)|HEAP_ALLOCATE|[56]|Bytes:5
01:21:28.0 (2090786)|HEAP_ALLOCATE|[64]|Bytes:7
01:21:28.0 (2442077)|SOQL_EXECUTE_BEGIN|[11]|Aggregations:0|SELECT id, name FROM HotFoodBrand__c WHERE name LIKE :tmpVar1
01:21:28.0 (7347365)|SOQL_EXECUTE_END|[11]|Rows:3
01:21:28.0 (7372194)|HEAP_ALLOCATE|[11]|Bytes:16
01:21:28.0 (7389692)|HEAP_ALLOCATE|[11]|Bytes:141
01:21:28.0 (7476184)|HEAP_ALLOCATE|[11]|Bytes:16
01:21:28.0 (7490983)|SYSTEM_MODE_EXIT|false
01:21:28.7 (7522214)|CUMULATIVE_LIMIT_USAGE
01:21:28.7 (7522214)|LIMIT_USAGE_FOR_NS|(default)|
  Number of SOQL queries: 1 out of 100
  Number of query rows: 3 out of 50000
  Number of SOSL queries: 0 out of 20
  Number of DML statements: 0 out of 150
  Number of DML rows: 0 out of 10000
  Maximum CPU time: 0 out of 10000
  Maximum heap size: 0 out of 6000000
  Number of callouts: 0 out of 100
  Number of Email Invocations: 0 out of 10
  Number of future calls: 0 out of 50
  Number of queueable jobs added to the queue: 0 out of 50
  Number of Mobile Apex push calls: 0 out of 10

01:21:28.7 (7522214)|CUMULATIVE_LIMIT_USAGE_END

01:21:28.0 (7565436)|CODE_UNIT_FINISHED|HotFoodBrandController.findByBrandName(String)
01:21:28.0 (7650326)|CODE_UNIT_FINISHED|Aura
01:21:28.0 (8869859)|EXECUTION_FINISHED
