43.0 APEX_CODE,FINEST;APEX_PROFILING,INFO;CALLOUT,INFO;DB,INFO;NBA,INFO;SYSTEM,DEBUG;VALIDATION,INFO;VISUALFORCE,INFO;WAVE,INFO;WORKFLOW,INFO
01:24:46.0 (87346)|USER_INFO|[EXTERNAL]|0050O0000072vcM|himanshu232@hotmail.com|Greenwich Mean Time|GMT+01:00
01:24:46.0 (154780)|EXECUTION_STARTED
01:24:46.0 (161420)|CODE_UNIT_STARTED|[EXTERNAL]|Aura
01:24:46.0 (835125)|HEAP_ALLOCATE|[72]|Bytes:3
01:24:46.0 (894630)|HEAP_ALLOCATE|[77]|Bytes:152
01:24:46.0 (914159)|HEAP_ALLOCATE|[342]|Bytes:408
01:24:46.0 (930840)|HEAP_ALLOCATE|[355]|Bytes:408
01:24:46.0 (943683)|HEAP_ALLOCATE|[467]|Bytes:48
01:24:46.0 (968099)|HEAP_ALLOCATE|[139]|Bytes:6
01:24:46.0 (990469)|HEAP_ALLOCATE|[EXTERNAL]|Bytes:1
01:24:46.0 (999946)|HEAP_ALLOCATE|[EXTERNAL]|Bytes:1
01:24:46.0 (1751852)|CODE_UNIT_STARTED|[EXTERNAL]|01p0O00000BMBHd|HotFoodBrandController.findByBrandName(String)
01:24:46.0 (1848480)|HEAP_ALLOCATE|[EXTERNAL]|Bytes:3
01:24:46.0 (1864332)|METHOD_ENTRY|[1]|01p0O00000BMBHd|HotFoodBrandController.HotFoodBrandController()
01:24:46.0 (1872588)|STATEMENT_EXECUTE|[1]
01:24:46.0 (1878015)|STATEMENT_EXECUTE|[1]
01:24:46.0 (1884671)|METHOD_EXIT|[1]|HotFoodBrandController
01:24:46.0 (1891102)|HEAP_ALLOCATE|[EXTERNAL]|Bytes:1
01:24:46.0 (1903177)|SYSTEM_MODE_ENTER|false
01:24:46.0 (1912187)|VARIABLE_SCOPE_BEGIN|[9]|searchKey|String|false|false
01:24:46.0 (1938057)|VARIABLE_ASSIGNMENT|[9]|searchKey|"g"
01:24:46.0 (1950062)|STATEMENT_EXECUTE|[9]
01:24:46.0 (1952027)|STATEMENT_EXECUTE|[10]
01:24:46.0 (1956696)|HEAP_ALLOCATE|[10]|Bytes:1
01:24:46.0 (1971313)|HEAP_ALLOCATE|[10]|Bytes:3
01:24:46.0 (1979440)|VARIABLE_SCOPE_BEGIN|[10]|brandname|String|false|false
01:24:46.0 (1994558)|VARIABLE_ASSIGNMENT|[10]|brandname|"%g%"
01:24:46.0 (1999986)|STATEMENT_EXECUTE|[11]
01:24:46.0 (2002868)|HEAP_ALLOCATE|[11]|Bytes:61
01:24:46.0 (2031475)|HEAP_ALLOCATE|[11]|Bytes:4
01:24:46.0 (2044389)|HEAP_ALLOCATE|[11]|Bytes:7
01:24:46.0 (2096014)|HEAP_ALLOCATE|[50]|Bytes:5
01:24:46.0 (2120189)|HEAP_ALLOCATE|[56]|Bytes:5
01:24:46.0 (2130242)|HEAP_ALLOCATE|[64]|Bytes:7
01:24:46.0 (2486035)|SOQL_EXECUTE_BEGIN|[11]|Aggregations:0|SELECT id, name FROM HotFoodBrand__c WHERE name LIKE :tmpVar1
01:24:46.0 (7045617)|SOQL_EXECUTE_END|[11]|Rows:3
01:24:46.0 (7071572)|HEAP_ALLOCATE|[11]|Bytes:16
01:24:46.0 (7092666)|HEAP_ALLOCATE|[11]|Bytes:163
01:24:46.0 (7203806)|HEAP_ALLOCATE|[11]|Bytes:16
01:24:46.0 (7220389)|SYSTEM_MODE_EXIT|false
01:24:46.7 (7248194)|CUMULATIVE_LIMIT_USAGE
01:24:46.7 (7248194)|LIMIT_USAGE_FOR_NS|(default)|
  Number of SOQL queries: 1 out of 100
  Number of query rows: 3 out of 50000
  Number of SOSL queries: 0 out of 20
  Number of DML statements: 0 out of 150
  Number of DML rows: 0 out of 10000
  Maximum CPU time: 0 out of 10000
  Maximum heap size: 0 out of 6000000
  Number of callouts: 0 out of 100
  Number of Email Invocations: 0 out of 10
  Number of future calls: 0 out of 50
  Number of queueable jobs added to the queue: 0 out of 50
  Number of Mobile Apex push calls: 0 out of 10

01:24:46.7 (7248194)|CUMULATIVE_LIMIT_USAGE_END

01:24:46.0 (7294430)|CODE_UNIT_FINISHED|HotFoodBrandController.findByBrandName(String)
01:24:46.0 (7371350)|CODE_UNIT_FINISHED|Aura
01:24:46.0 (8433959)|EXECUTION_FINISHED
