36.0 APEX_CODE,FINEST;APEX_PROFILING,INFO;CALLOUT,INFO;DB,INFO;NBA,INFO;SYSTEM,DEBUG;VALIDATION,INFO;VISUALFORCE,INFO;WAVE,INFO;WORKFLOW,INFO
19:46:27.0 (766251)|USER_INFO|[EXTERNAL]|0050O0000072vcM|himanshu232@hotmail.com|Greenwich Mean Time|GMT+01:00
19:46:27.0 (843388)|EXECUTION_STARTED
19:46:27.0 (852358)|CODE_UNIT_STARTED|[EXTERNAL]|01p0O00000BMBGp|HFO_HotFoodBrandTriggerTest.updateHotFoodBrandName()
19:46:27.0 (1621384)|HEAP_ALLOCATE|[72]|Bytes:3
19:46:27.0 (1687297)|HEAP_ALLOCATE|[77]|Bytes:152
19:46:27.0 (1703960)|HEAP_ALLOCATE|[342]|Bytes:408
19:46:27.0 (1720196)|HEAP_ALLOCATE|[355]|Bytes:408
19:46:27.0 (1734263)|HEAP_ALLOCATE|[467]|Bytes:48
19:46:27.0 (1762081)|HEAP_ALLOCATE|[139]|Bytes:6
19:46:27.0 (1779802)|HEAP_ALLOCATE|[EXTERNAL]|Bytes:11
19:46:27.0 (1816879)|METHOD_ENTRY|[9]|01p0O00000BMBGp|HFO_HotFoodBrandTriggerTest.HFO_HotFoodBrandTriggerTest()
19:46:27.0 (1824496)|STATEMENT_EXECUTE|[9]
19:46:27.0 (1829900)|STATEMENT_EXECUTE|[9]
19:46:27.0 (1841835)|METHOD_EXIT|[9]|HFO_HotFoodBrandTriggerTest
19:46:27.0 (1880010)|HEAP_ALLOCATE|[50]|Bytes:5
19:46:27.0 (1906983)|HEAP_ALLOCATE|[56]|Bytes:5
19:46:27.0 (1915745)|HEAP_ALLOCATE|[64]|Bytes:7
19:46:27.0 (1955840)|STATEMENT_EXECUTE|[13]
19:46:27.0 (1958076)|STATEMENT_EXECUTE|[15]
19:46:27.0 (2026731)|HEAP_ALLOCATE|[15]|Bytes:4
19:46:27.0 (2134438)|VARIABLE_SCOPE_BEGIN|[15]|hfb|HotFoodBrand__c|true|false
19:46:27.0 (2167222)|VARIABLE_ASSIGNMENT|[15]|hfb|{}|0x29b99b9f
19:46:27.0 (2173669)|STATEMENT_EXECUTE|[16]
19:46:27.0 (2177388)|HEAP_ALLOCATE|[16]|Bytes:10
19:46:27.0 (2837785)|VARIABLE_ASSIGNMENT|[16]|this.Name|"Test Brand"|0x29b99b9f
19:46:27.0 (2846639)|STATEMENT_EXECUTE|[17]
19:46:27.0 (2880726)|HEAP_ALLOCATE|[17]|Bytes:8
19:46:27.0 (2892150)|DML_BEGIN|[17]|Op:Insert|Type:HotFoodBrand__c|Rows:1
19:46:27.0 (2924968)|HEAP_ALLOCATE|[EXTERNAL]|Bytes:8
19:46:27.0 (24865307)|DML_END|[17]
19:46:27.0 (24885486)|STATEMENT_EXECUTE|[18]
19:46:27.0 (24891920)|HEAP_ALLOCATE|[18]|Bytes:42
19:46:27.0 (24991560)|HEAP_ALLOCATE|[18]|Bytes:18
19:46:27.0 (25014521)|HEAP_ALLOCATE|[18]|Bytes:60
19:46:27.0 (25040278)|USER_DEBUG|[18]|DEBUG|Test HotFoodBrand record has been created a010O00002EWKtCQAX
19:46:27.25 (25056468)|CUMULATIVE_LIMIT_USAGE
19:46:27.25 (25056468)|LIMIT_USAGE_FOR_NS|(default)|
  Number of SOQL queries: 0 out of 100
  Number of query rows: 0 out of 50000
  Number of SOSL queries: 0 out of 20
  Number of DML statements: 1 out of 150
  Number of DML rows: 1 out of 10000
  Maximum CPU time: 0 out of 10000
  Maximum heap size: 0 out of 6000000
  Number of callouts: 0 out of 100
  Number of Email Invocations: 0 out of 10
  Number of future calls: 0 out of 50
  Number of queueable jobs added to the queue: 0 out of 50
  Number of Mobile Apex push calls: 0 out of 10

19:46:27.25 (25056468)|CUMULATIVE_LIMIT_USAGE_END

19:46:27.0 (25100647)|CODE_UNIT_FINISHED|HFO_HotFoodBrandTriggerTest.updateHotFoodBrandName()
19:46:27.0 (25935847)|EXECUTION_FINISHED
