43.0 APEX_CODE,FINEST;APEX_PROFILING,INFO;CALLOUT,INFO;DB,INFO;NBA,INFO;SYSTEM,DEBUG;VALIDATION,INFO;VISUALFORCE,INFO;WAVE,INFO;WORKFLOW,INFO
01:21:33.0 (88101)|USER_INFO|[EXTERNAL]|0050O0000072vcM|himanshu232@hotmail.com|Greenwich Mean Time|GMT+01:00
01:21:33.0 (145794)|EXECUTION_STARTED
01:21:33.0 (151837)|CODE_UNIT_STARTED|[EXTERNAL]|Aura
01:21:33.0 (766368)|HEAP_ALLOCATE|[72]|Bytes:3
01:21:33.0 (816441)|HEAP_ALLOCATE|[77]|Bytes:152
01:21:33.0 (833011)|HEAP_ALLOCATE|[342]|Bytes:408
01:21:33.0 (848985)|HEAP_ALLOCATE|[355]|Bytes:408
01:21:33.0 (861191)|HEAP_ALLOCATE|[467]|Bytes:48
01:21:33.0 (884048)|HEAP_ALLOCATE|[139]|Bytes:6
01:21:33.0 (901857)|HEAP_ALLOCATE|[EXTERNAL]|Bytes:2
01:21:33.0 (910049)|HEAP_ALLOCATE|[EXTERNAL]|Bytes:2
01:21:33.0 (1909671)|CODE_UNIT_STARTED|[EXTERNAL]|01p0O00000BMBHd|HotFoodBrandController.findByBrandName(String)
01:21:33.0 (2006836)|HEAP_ALLOCATE|[EXTERNAL]|Bytes:3
01:21:33.0 (2020960)|METHOD_ENTRY|[1]|01p0O00000BMBHd|HotFoodBrandController.HotFoodBrandController()
01:21:33.0 (2027570)|STATEMENT_EXECUTE|[1]
01:21:33.0 (2032936)|STATEMENT_EXECUTE|[1]
01:21:33.0 (2037576)|METHOD_EXIT|[1]|HotFoodBrandController
01:21:33.0 (2042850)|HEAP_ALLOCATE|[EXTERNAL]|Bytes:2
01:21:33.0 (2052562)|SYSTEM_MODE_ENTER|false
01:21:33.0 (2059845)|VARIABLE_SCOPE_BEGIN|[9]|searchKey|String|false|false
01:21:33.0 (2084572)|VARIABLE_ASSIGNMENT|[9]|searchKey|"go"
01:21:33.0 (2093870)|STATEMENT_EXECUTE|[9]
01:21:33.0 (2095855)|STATEMENT_EXECUTE|[10]
01:21:33.0 (2099797)|HEAP_ALLOCATE|[10]|Bytes:1
01:21:33.0 (2112669)|HEAP_ALLOCATE|[10]|Bytes:4
01:21:33.0 (2119338)|VARIABLE_SCOPE_BEGIN|[10]|brandname|String|false|false
01:21:33.0 (2131311)|VARIABLE_ASSIGNMENT|[10]|brandname|"%go%"
01:21:33.0 (2136089)|STATEMENT_EXECUTE|[11]
01:21:33.0 (2138394)|HEAP_ALLOCATE|[11]|Bytes:61
01:21:33.0 (2156516)|HEAP_ALLOCATE|[11]|Bytes:4
01:21:33.0 (2167030)|HEAP_ALLOCATE|[11]|Bytes:7
01:21:33.0 (2208893)|HEAP_ALLOCATE|[50]|Bytes:5
01:21:33.0 (2231973)|HEAP_ALLOCATE|[56]|Bytes:5
01:21:33.0 (2240333)|HEAP_ALLOCATE|[64]|Bytes:7
01:21:33.0 (2552520)|SOQL_EXECUTE_BEGIN|[11]|Aggregations:0|SELECT id, name FROM HotFoodBrand__c WHERE name LIKE :tmpVar1
01:21:33.0 (7171774)|SOQL_EXECUTE_END|[11]|Rows:1
01:21:33.0 (7194732)|HEAP_ALLOCATE|[11]|Bytes:8
01:21:33.0 (7209655)|HEAP_ALLOCATE|[11]|Bytes:68
01:21:33.0 (7293734)|HEAP_ALLOCATE|[11]|Bytes:8
01:21:33.0 (7306629)|SYSTEM_MODE_EXIT|false
01:21:33.7 (7335969)|CUMULATIVE_LIMIT_USAGE
01:21:33.7 (7335969)|LIMIT_USAGE_FOR_NS|(default)|
  Number of SOQL queries: 1 out of 100
  Number of query rows: 1 out of 50000
  Number of SOSL queries: 0 out of 20
  Number of DML statements: 0 out of 150
  Number of DML rows: 0 out of 10000
  Maximum CPU time: 0 out of 10000
  Maximum heap size: 0 out of 6000000
  Number of callouts: 0 out of 100
  Number of Email Invocations: 0 out of 10
  Number of future calls: 0 out of 50
  Number of queueable jobs added to the queue: 0 out of 50
  Number of Mobile Apex push calls: 0 out of 10

01:21:33.7 (7335969)|CUMULATIVE_LIMIT_USAGE_END

01:21:33.0 (7377497)|CODE_UNIT_FINISHED|HotFoodBrandController.findByBrandName(String)
01:21:33.0 (7450056)|CODE_UNIT_FINISHED|Aura
01:21:33.0 (8861774)|EXECUTION_FINISHED
