36.0 APEX_CODE,FINEST;APEX_PROFILING,INFO;CALLOUT,INFO;DB,INFO;NBA,INFO;SYSTEM,DEBUG;VALIDATION,INFO;VISUALFORCE,INFO;WAVE,INFO;WORKFLOW,INFO
21:29:58.0 (881059)|USER_INFO|[EXTERNAL]|0050O0000072vcM|himanshu232@hotmail.com|Greenwich Mean Time|GMT+01:00
21:29:58.0 (975600)|EXECUTION_STARTED
21:29:58.0 (987474)|CODE_UNIT_STARTED|[EXTERNAL]|01p0O00000BMBGp|HFO_HotFoodBrandTriggerTest.updateHotFoodBrandName()
21:29:58.0 (1904592)|HEAP_ALLOCATE|[72]|Bytes:3
21:29:58.0 (1985634)|HEAP_ALLOCATE|[77]|Bytes:152
21:29:58.0 (2009765)|HEAP_ALLOCATE|[342]|Bytes:408
21:29:58.0 (2036925)|HEAP_ALLOCATE|[355]|Bytes:408
21:29:58.0 (2060175)|HEAP_ALLOCATE|[467]|Bytes:48
21:29:58.0 (2103833)|HEAP_ALLOCATE|[139]|Bytes:6
21:29:58.0 (2127469)|HEAP_ALLOCATE|[EXTERNAL]|Bytes:44
21:29:58.0 (2169187)|METHOD_ENTRY|[9]|01p0O00000BMBGp|HFO_HotFoodBrandTriggerTest.HFO_HotFoodBrandTriggerTest()
21:29:58.0 (2179746)|STATEMENT_EXECUTE|[9]
21:29:58.0 (2186140)|STATEMENT_EXECUTE|[9]
21:29:58.0 (2203112)|METHOD_EXIT|[9]|HFO_HotFoodBrandTriggerTest
21:29:58.0 (2254588)|HEAP_ALLOCATE|[50]|Bytes:5
21:29:58.0 (2290862)|HEAP_ALLOCATE|[56]|Bytes:5
21:29:58.0 (2304088)|HEAP_ALLOCATE|[64]|Bytes:7
21:29:58.0 (2354115)|STATEMENT_EXECUTE|[12]
21:29:58.0 (2357129)|STATEMENT_EXECUTE|[14]
21:29:58.0 (2437894)|HEAP_ALLOCATE|[14]|Bytes:4
21:29:58.0 (2558909)|VARIABLE_SCOPE_BEGIN|[14]|hfb|HotFoodBrand__c|true|false
21:29:58.0 (2746544)|VARIABLE_ASSIGNMENT|[14]|hfb|{}|0x21270da8
21:29:58.0 (2756319)|STATEMENT_EXECUTE|[15]
21:29:58.0 (2761844)|HEAP_ALLOCATE|[15]|Bytes:10
21:29:58.0 (4245614)|VARIABLE_ASSIGNMENT|[15]|this.Name|"Test Brand"|0x21270da8
21:29:58.0 (4259798)|STATEMENT_EXECUTE|[16]
21:29:58.0 (4304151)|HEAP_ALLOCATE|[16]|Bytes:8
21:29:58.0 (4321297)|DML_BEGIN|[16]|Op:Insert|Type:HotFoodBrand__c|Rows:1
21:29:58.0 (4364678)|HEAP_ALLOCATE|[EXTERNAL]|Bytes:8
21:29:58.0 (37318046)|DML_END|[16]
21:29:58.0 (37349232)|STATEMENT_EXECUTE|[20]
21:29:58.0 (37407922)|HEAP_ALLOCATE|[20]|Bytes:4
21:29:58.0 (37542746)|VARIABLE_SCOPE_BEGIN|[20]|newAcc1|Account|true|false
21:29:58.0 (37573885)|VARIABLE_ASSIGNMENT|[20]|newAcc1|{}|0x2e127f1e
21:29:58.0 (37582073)|STATEMENT_EXECUTE|[21]
21:29:58.0 (37589945)|HEAP_ALLOCATE|[21]|Bytes:20
21:29:58.0 (38599373)|VARIABLE_ASSIGNMENT|[21]|this.Name|"Test account street1"|0x2e127f1e
21:29:58.0 (38609898)|STATEMENT_EXECUTE|[22]
21:29:58.0 (38689540)|VARIABLE_ASSIGNMENT|[22]|this.Brand_Name__c|"a010O00002EWKv3QAH"|0x2e127f1e
21:29:58.0 (38696480)|STATEMENT_EXECUTE|[23]
21:29:58.0 (38701158)|HEAP_ALLOCATE|[23]|Bytes:16
21:29:58.0 (38725994)|VARIABLE_ASSIGNMENT|[23]|this.BillingStreet|"181, London Road"|0x2e127f1e
21:29:58.0 (38731532)|STATEMENT_EXECUTE|[24]
21:29:58.0 (38762514)|HEAP_ALLOCATE|[24]|Bytes:8
21:29:58.0 (38774975)|DML_BEGIN|[24]|Op:Insert|Type:Account|Rows:1
21:29:58.0 (38810649)|HEAP_ALLOCATE|[EXTERNAL]|Bytes:8
21:29:58.0 (51531276)|CODE_UNIT_STARTED|[EXTERNAL]|DuplicateDetector
21:29:58.0 (51549629)|DUPLICATE_DETECTION_BEGIN
21:29:58.0 (51592663)|DUPLICATE_DETECTION_RULE_INVOCATION|DuplicateRuleId:0Bm0O000001ZJEo|DuplicateRuleName:Standard Account Duplicate Rule|DmlType:INSERT
21:29:58.0 (72250143)|DUPLICATE_DETECTION_MATCH_INVOCATION_DETAILS|EntityType:Account|ActionTaken:Allow_[Alert,Report]|DuplicateRecordIds:
21:29:58.0 (72270880)|DUPLICATE_DETECTION_MATCH_INVOCATION_SUMMARY|EntityType:Account|NumRecordsToBeSaved:1|NumRecordsToBeSavedWithDuplicates:0|NumDuplicateRecordsFound:0
21:29:58.0 (72378809)|DUPLICATE_DETECTION_END
21:29:58.0 (72385691)|CODE_UNIT_FINISHED|DuplicateDetector
21:29:58.0 (97655867)|DML_END|[24]
21:29:58.0 (97681740)|STATEMENT_EXECUTE|[26]
21:29:58.0 (97712177)|HEAP_ALLOCATE|[26]|Bytes:4
21:29:58.0 (97771264)|VARIABLE_SCOPE_BEGIN|[26]|newAcc2|Account|true|false
21:29:58.0 (97800039)|VARIABLE_ASSIGNMENT|[26]|newAcc2|{}|0x745b75c4
21:29:58.0 (97806836)|STATEMENT_EXECUTE|[27]
21:29:58.0 (97814366)|HEAP_ALLOCATE|[27]|Bytes:21
21:29:58.0 (97868242)|VARIABLE_ASSIGNMENT|[27]|this.Name|"Test account street1 (1 more) ..."|0x745b75c4
21:29:58.0 (97875523)|STATEMENT_EXECUTE|[28]
21:29:58.0 (97920118)|VARIABLE_ASSIGNMENT|[28]|this.Brand_Name__c|"a010O00002EWKv3QAH"|0x745b75c4
21:29:58.0 (97928669)|STATEMENT_EXECUTE|[29]
21:29:58.0 (97957922)|HEAP_ALLOCATE|[29]|Bytes:8
21:29:58.0 (97969195)|DML_BEGIN|[29]|Op:Insert|Type:Account|Rows:1
21:29:58.0 (98006576)|HEAP_ALLOCATE|[EXTERNAL]|Bytes:8
21:29:58.0 (100332116)|CODE_UNIT_STARTED|[EXTERNAL]|DuplicateDetector
21:29:58.0 (100346030)|DUPLICATE_DETECTION_BEGIN
21:29:58.0 (100377657)|DUPLICATE_DETECTION_RULE_INVOCATION|DuplicateRuleId:0Bm0O000001ZJEo|DuplicateRuleName:Standard Account Duplicate Rule|DmlType:INSERT
21:29:58.0 (108581833)|DUPLICATE_DETECTION_MATCH_INVOCATION_DETAILS|EntityType:Account|ActionTaken:Allow_[Alert,Report]|DuplicateRecordIds:
21:29:58.0 (108598047)|DUPLICATE_DETECTION_MATCH_INVOCATION_SUMMARY|EntityType:Account|NumRecordsToBeSaved:1|NumRecordsToBeSavedWithDuplicates:0|NumDuplicateRecordsFound:0
21:29:58.0 (108700294)|DUPLICATE_DETECTION_END
21:29:58.0 (108706091)|CODE_UNIT_FINISHED|DuplicateDetector
21:29:58.0 (121154127)|DML_END|[29]
21:29:58.0 (121169998)|STATEMENT_EXECUTE|[32]
21:29:58.0 (121178035)|HEAP_ALLOCATE|[32]|Bytes:13
21:29:58.0 (121230423)|VARIABLE_ASSIGNMENT|[32]|this.Name|"My Test Brand"|0x21270da8
21:29:58.0 (121238424)|STATEMENT_EXECUTE|[33]
21:29:58.0 (121269022)|HEAP_ALLOCATE|[33]|Bytes:8
21:29:58.0 (121277831)|DML_BEGIN|[33]|Op:Update|Type:HotFoodBrand__c|Rows:1
21:29:58.0 (121304529)|HEAP_ALLOCATE|[EXTERNAL]|Bytes:8
21:29:58.0 (155674217)|CODE_UNIT_STARTED|[EXTERNAL]|01q0O000000ScpE|HFO_HotFoodBrandTrigger on HotFoodBrand trigger event BeforeUpdate|__sfdc_trigger/HFO_HotFoodBrandTrigger
21:29:58.0 (155736009)|HEAP_ALLOCATE|[EXTERNAL]|Bytes:8
21:29:58.0 (155771269)|HEAP_ALLOCATE|[EXTERNAL]|Bytes:8
21:29:58.0 (155894673)|HEAP_ALLOCATE|[EXTERNAL]|Bytes:8
21:29:58.0 (155991746)|HEAP_ALLOCATE|[EXTERNAL]|Bytes:12
21:29:58.0 (156018442)|VARIABLE_SCOPE_BEGIN|[7]|this|HFO_HotFoodBrandTrigger|true|false
21:29:58.0 (156076487)|VARIABLE_ASSIGNMENT|[7]|this|{}|0x7ea6929e
21:29:58.0 (156141202)|HEAP_ALLOCATE|[EXTERNAL]|Bytes:12
21:29:58.0 (156240051)|VARIABLE_SCOPE_BEGIN|[7]|this|HFO_HotFoodBrandTrigger|true|false
21:29:58.0 (156260387)|VARIABLE_ASSIGNMENT|[7]|this|{}|0x7ea6929e
21:29:58.0 (156269213)|STATEMENT_EXECUTE|[7]
21:29:58.0 (156271623)|STATEMENT_EXECUTE|[11]
21:29:58.0 (156287155)|HEAP_ALLOCATE|[11]|Bytes:4
21:29:58.0 (156406118)|HEAP_ALLOCATE|[EXTERNAL]|Bytes:4
21:29:58.0 (156421516)|VARIABLE_ASSIGNMENT|[11]|this.accountsWithBrands|[]|0x7ea6929e
21:29:58.0 (156428137)|STATEMENT_EXECUTE|[12]
21:29:58.0 (156435879)|HEAP_ALLOCATE|[12]|Bytes:4
21:29:58.0 (156456180)|HEAP_ALLOCATE|[EXTERNAL]|Bytes:4
21:29:58.0 (156463703)|VARIABLE_ASSIGNMENT|[12]|this.updateAccountName|[]|0x7ea6929e
21:29:58.0 (156676573)|HEAP_ALLOCATE|[15]|Bytes:5
21:29:58.0 (156715300)|HEAP_ALLOCATE|[15]|Bytes:4
21:29:58.0 (156727162)|VARIABLE_SCOPE_BEGIN|[15]|hotfood|HotFoodBrand__c|true|false
21:29:58.0 (156929090)|VARIABLE_ASSIGNMENT|[15]|hotfood|{"LastModifiedDate":"2018-09-01T20:29:58.000Z","IsDeleted":false,"OwnerId":"0050O0000072vcMQAQ","CreatedById":"0050O0000072vcMQAQ","CreatedDate":"2018-09-01T20:29:58.000Z","Id":"a010O00002EWKv3QAH","LastModifiedById":"0050O0000072vcMQAQ","Name":"My Test Brand","SystemModstamp":"2018-09-01T20:29:58.000Z"}|0x6c460eba
21:29:58.0 (156942498)|STATEMENT_EXECUTE|[15]
21:29:58.0 (156944559)|STATEMENT_EXECUTE|[17]
21:29:58.0 (156968923)|VARIABLE_SCOPE_BEGIN|[17]|hotFoodBrandName|String|false|false
21:29:58.0 (156981282)|VARIABLE_ASSIGNMENT|[17]|hotFoodBrandName|"My Test Brand"
21:29:58.0 (156986173)|STATEMENT_EXECUTE|[18]
21:29:58.0 (156990527)|HEAP_ALLOCATE|[18]|Bytes:18
21:29:58.0 (157013899)|HEAP_ALLOCATE|[18]|Bytes:31
21:29:58.0 (157051663)|USER_DEBUG|[18]|DEBUG|HotFoodBrandName :My Test Brand
21:29:58.0 (157063698)|STATEMENT_EXECUTE|[21]
21:29:58.0 (157066861)|HEAP_ALLOCATE|[21]|Bytes:68
21:29:58.0 (157083949)|HEAP_ALLOCATE|[21]|Bytes:4
21:29:58.0 (157095182)|HEAP_ALLOCATE|[21]|Bytes:7
21:29:58.0 (157335428)|SOQL_EXECUTE_BEGIN|[21]|Aggregations:0|SELECT Id, BillingStreet FROM Account WHERE Brand_Name__c = :tmpVar1
21:29:58.0 (175270510)|SOQL_EXECUTE_END|[21]|Rows:2
21:29:58.0 (175307270)|HEAP_ALLOCATE|[21]|Bytes:12
21:29:58.0 (175330004)|HEAP_ALLOCATE|[21]|Bytes:91
21:29:58.0 (175365905)|HEAP_ALLOCATE|[21]|Bytes:12
21:29:58.0 (175426909)|VARIABLE_ASSIGNMENT|[21]|this.accountsWithBrands|[{"Id":"0010O000026q4qnQAA","BillingStreet":"181, London Road"},{"Id":"0010O000026q4qoQAA"}]|0x7ea6929e
21:29:58.0 (175438432)|STATEMENT_EXECUTE|[22]
21:29:58.0 (175445194)|HEAP_ALLOCATE|[22]|Bytes:32
21:29:58.0 (175559840)|HEAP_ALLOCATE|[22]|Bytes:98
21:29:58.0 (175585485)|HEAP_ALLOCATE|[22]|Bytes:130
21:29:58.0 (175601816)|USER_DEBUG|[22]|DEBUG|Accounts Related to the Brands :(Account:{Id=0010O000026q4qnQAA, BillingStreet=181, London Road}, Account:{Id=0010O000026q4qoQAA})
21:29:58.0 (175744618)|HEAP_ALLOCATE|[26]|Bytes:5
21:29:58.0 (175769002)|HEAP_ALLOCATE|[26]|Bytes:12
21:29:58.0 (175782684)|VARIABLE_SCOPE_BEGIN|[26]|acc|Account|true|false
21:29:58.0 (175807850)|VARIABLE_ASSIGNMENT|[26]|acc|{"Id":"0010O000026q4qnQAA","BillingStreet":"181, London Road"}|0x58db36f0
21:29:58.0 (175817605)|STATEMENT_EXECUTE|[26]
21:29:58.0 (175843995)|STATEMENT_EXECUTE|[27]
21:29:58.0 (175846639)|STATEMENT_EXECUTE|[28]
21:29:58.0 (175850796)|HEAP_ALLOCATE|[28]|Bytes:1
21:29:58.0 (175869601)|HEAP_ALLOCATE|[28]|Bytes:30
21:29:58.0 (175911316)|HEAP_ALLOCATE|[28]|Bytes:-4
21:29:58.0 (175931076)|VARIABLE_ASSIGNMENT|[28]|this.Name|"My Test Brand-181, L (10 more) ..."|0x58db36f0
21:29:58.0 (175940790)|STATEMENT_EXECUTE|[32]
21:29:58.0 (175983719)|HEAP_ALLOCATE|[EXTERNAL]|Bytes:4
21:29:58.0 (176004404)|HEAP_ALLOCATE|[26]|Bytes:5
21:29:58.0 (176021770)|HEAP_ALLOCATE|[26]|Bytes:8
21:29:58.0 (176032348)|VARIABLE_SCOPE_BEGIN|[26]|acc|Account|true|false
21:29:58.0 (176053687)|VARIABLE_ASSIGNMENT|[26]|acc|{"Id":"0010O000026q4qoQAA"}|0x463e849c
21:29:58.0 (176062771)|STATEMENT_EXECUTE|[26]
21:29:58.0 (176069038)|STATEMENT_EXECUTE|[29]
21:29:58.0 (176071561)|STATEMENT_EXECUTE|[30]
21:29:58.0 (176076115)|HEAP_ALLOCATE|[30]|Bytes:18
21:29:58.0 (176093350)|HEAP_ALLOCATE|[30]|Bytes:31
21:29:58.0 (176124697)|HEAP_ALLOCATE|[30]|Bytes:-4
21:29:58.0 (176138330)|VARIABLE_ASSIGNMENT|[30]|this.Name|"My Test Brand-Dummy  (11 more) ..."|0x463e849c
21:29:58.0 (176144709)|STATEMENT_EXECUTE|[32]
21:29:58.0 (176158460)|HEAP_ALLOCATE|[EXTERNAL]|Bytes:4
21:29:58.0 (176172188)|HEAP_ALLOCATE|[26]|Bytes:5
21:29:58.0 (176185120)|VARIABLE_ASSIGNMENT|[26]|acc|null|
21:29:58.0 (176191479)|STATEMENT_EXECUTE|[36]
21:29:58.0 (176236996)|DML_BEGIN|[36]|Op:Update|Type:Account|Rows:2
21:29:58.0 (176268274)|HEAP_ALLOCATE|[EXTERNAL]|Bytes:12
21:29:58.0 (183443155)|CODE_UNIT_STARTED|[EXTERNAL]|DuplicateDetector
21:29:58.0 (183460414)|DUPLICATE_DETECTION_BEGIN
21:29:58.0 (183500178)|DUPLICATE_DETECTION_RULE_INVOCATION|DuplicateRuleId:0Bm0O000001ZJEo|DuplicateRuleName:Standard Account Duplicate Rule|DmlType:UPDATE
21:29:58.0 (183548413)|DUPLICATE_DETECTION_END
21:29:58.0 (183554191)|CODE_UNIT_FINISHED|DuplicateDetector
21:29:58.0 (204728664)|DML_END|[36]
21:29:58.0 (204828735)|HEAP_ALLOCATE|[EXTERNAL]|Bytes:12
21:29:58.0 (204855529)|STATEMENT_EXECUTE|[37]
21:29:58.0 (204869551)|HEAP_ALLOCATE|[37]|Bytes:36
21:29:58.0 (205047162)|HEAP_ALLOCATE|[37]|Bytes:173
21:29:58.0 (205083934)|HEAP_ALLOCATE|[37]|Bytes:209
21:29:58.0 (205107286)|USER_DEBUG|[37]|DEBUG|Account name is updated for accounts(Account:{Id=0010O000026q4qnQAA, BillingStreet=181, London Road, Name=My Test Brand-181, London Road}, Account:{Id=0010O000026q4qoQAA, Name=My Test Brand-Dummy street name})
21:29:58.0 (205144980)|HEAP_ALLOCATE|[15]|Bytes:5
21:29:58.0 (205187159)|VARIABLE_ASSIGNMENT|[15]|hotfood|null|
21:29:58.205 (205208101)|CUMULATIVE_LIMIT_USAGE
21:29:58.205 (205208101)|LIMIT_USAGE_FOR_NS|(default)|
  Number of SOQL queries: 1 out of 100
  Number of query rows: 2 out of 50000
  Number of SOSL queries: 0 out of 20
  Number of DML statements: 5 out of 150
  Number of DML rows: 6 out of 10000
  Maximum CPU time: 0 out of 10000
  Maximum heap size: 0 out of 6000000
  Number of callouts: 0 out of 100
  Number of Email Invocations: 0 out of 10
  Number of future calls: 0 out of 50
  Number of queueable jobs added to the queue: 0 out of 50
  Number of Mobile Apex push calls: 0 out of 10

21:29:58.205 (205208101)|CUMULATIVE_LIMIT_USAGE_END

21:29:58.0 (206321126)|CODE_UNIT_FINISHED|HFO_HotFoodBrandTrigger on HotFoodBrand trigger event BeforeUpdate|__sfdc_trigger/HFO_HotFoodBrandTrigger
21:29:58.0 (213355454)|DML_END|[33]
21:29:58.0 (213370576)|STATEMENT_EXECUTE|[34]
21:29:58.0 (213377678)|HEAP_ALLOCATE|[34]|Bytes:42
21:29:58.0 (213443053)|HEAP_ALLOCATE|[34]|Bytes:18
21:29:58.0 (213458770)|HEAP_ALLOCATE|[34]|Bytes:60
21:29:58.0 (213473196)|USER_DEBUG|[34]|DEBUG|Test HotFoodBrand record has been created a010O00002EWKv3QAH
21:29:58.213 (213489283)|CUMULATIVE_LIMIT_USAGE
21:29:58.213 (213489283)|LIMIT_USAGE_FOR_NS|(default)|
  Number of SOQL queries: 1 out of 100
  Number of query rows: 2 out of 50000
  Number of SOSL queries: 0 out of 20
  Number of DML statements: 5 out of 150
  Number of DML rows: 6 out of 10000
  Maximum CPU time: 0 out of 10000
  Maximum heap size: 0 out of 6000000
  Number of callouts: 0 out of 100
  Number of Email Invocations: 0 out of 10
  Number of future calls: 0 out of 50
  Number of queueable jobs added to the queue: 0 out of 50
  Number of Mobile Apex push calls: 0 out of 10

21:29:58.213 (213489283)|CUMULATIVE_LIMIT_USAGE_END

21:29:58.0 (213527098)|CODE_UNIT_FINISHED|HFO_HotFoodBrandTriggerTest.updateHotFoodBrandName()
21:29:58.0 (214312239)|EXECUTION_FINISHED
21:29:58.289 (289062183)|USER_INFO|[EXTERNAL]|0050O0000072vcM|himanshu232@hotmail.com|Greenwich Mean Time|GMT+01:00
21:29:58.289 (289098927)|EXECUTION_STARTED
21:29:58.289 (289105397)|CODE_UNIT_STARTED|[EXTERNAL]|DuplicateDetector
21:29:58.289 (289121598)|DUPLICATE_DETECTION_BEGIN
21:29:58.289 (289194346)|DUPLICATE_DETECTION_RULE_INVOCATION|DuplicateRuleId:0Bm0O000001ZJEo|DuplicateRuleName:Standard Account Duplicate Rule|DmlType:UPDATE
21:29:58.289 (297959939)|DUPLICATE_DETECTION_END
21:29:58.289 (297967681)|CODE_UNIT_FINISHED|DuplicateDetector
21:29:58.289 (298732774)|EXECUTION_FINISHED
21:29:58.299 (299553175)|USER_INFO|[EXTERNAL]|0050O0000072vcM|himanshu232@hotmail.com|Greenwich Mean Time|GMT+01:00
21:29:58.299 (299571170)|EXECUTION_STARTED
21:29:58.299 (299574224)|CODE_UNIT_STARTED|[EXTERNAL]|DuplicateDetector
21:29:58.299 (299582877)|DUPLICATE_DETECTION_BEGIN
21:29:58.299 (299611952)|DUPLICATE_DETECTION_RULE_INVOCATION|DuplicateRuleId:0Bm0O000001ZJEo|DuplicateRuleName:Standard Account Duplicate Rule|DmlType:INSERT
21:29:58.299 (306211650)|DUPLICATE_DETECTION_END
21:29:58.299 (306217599)|CODE_UNIT_FINISHED|DuplicateDetector
21:29:58.299 (306943730)|EXECUTION_FINISHED
