43.0 APEX_CODE,FINEST;APEX_PROFILING,INFO;CALLOUT,INFO;DB,INFO;NBA,INFO;SYSTEM,DEBUG;VALIDATION,INFO;VISUALFORCE,INFO;WAVE,INFO;WORKFLOW,INFO
00:47:54.0 (81573)|USER_INFO|[EXTERNAL]|0050O0000072vcM|himanshu232@hotmail.com|Greenwich Mean Time|GMT+01:00
00:47:54.0 (141802)|EXECUTION_STARTED
00:47:54.0 (146768)|CODE_UNIT_STARTED|[EXTERNAL]|Aura
00:47:54.0 (1176554)|CODE_UNIT_STARTED|[EXTERNAL]|01p0O00000BMBHd|HotFoodBrandController.getBrands()
00:47:54.0 (1313300)|HEAP_ALLOCATE|[72]|Bytes:3
00:47:54.0 (1359556)|HEAP_ALLOCATE|[77]|Bytes:152
00:47:54.0 (1381570)|HEAP_ALLOCATE|[342]|Bytes:408
00:47:54.0 (1408401)|HEAP_ALLOCATE|[355]|Bytes:408
00:47:54.0 (1431106)|HEAP_ALLOCATE|[467]|Bytes:48
00:47:54.0 (1467667)|HEAP_ALLOCATE|[139]|Bytes:6
00:47:54.0 (1539608)|HEAP_ALLOCATE|[EXTERNAL]|Bytes:1
00:47:54.0 (1558920)|METHOD_ENTRY|[1]|01p0O00000BMBHd|HotFoodBrandController.HotFoodBrandController()
00:47:54.0 (1567814)|STATEMENT_EXECUTE|[1]
00:47:54.0 (1575012)|STATEMENT_EXECUTE|[1]
00:47:54.0 (1581111)|METHOD_EXIT|[1]|HotFoodBrandController
00:47:54.0 (1597443)|SYSTEM_MODE_ENTER|false
00:47:54.0 (1608710)|STATEMENT_EXECUTE|[3]
00:47:54.0 (1611281)|STATEMENT_EXECUTE|[5]
00:47:54.0 (1616500)|HEAP_ALLOCATE|[5]|Bytes:66
00:47:54.0 (1638095)|HEAP_ALLOCATE|[5]|Bytes:4
00:47:54.0 (1685408)|HEAP_ALLOCATE|[50]|Bytes:5
00:47:54.0 (1712998)|HEAP_ALLOCATE|[56]|Bytes:5
00:47:54.0 (1727066)|HEAP_ALLOCATE|[64]|Bytes:7
00:47:54.0 (2086483)|SOQL_EXECUTE_BEGIN|[5]|Aggregations:0|SELECT Id, name FROM HotFoodBrand__c ORDER BY name ASC NULLS FIRST
00:47:54.0 (4096142)|SOQL_EXECUTE_END|[5]|Rows:8
00:47:54.0 (4118261)|HEAP_ALLOCATE|[5]|Bytes:36
00:47:54.0 (4144085)|HEAP_ALLOCATE|[5]|Bytes:389
00:47:54.0 (4225742)|HEAP_ALLOCATE|[5]|Bytes:36
00:47:54.0 (4239461)|SYSTEM_MODE_EXIT|false
00:47:54.4 (4271792)|CUMULATIVE_LIMIT_USAGE
00:47:54.4 (4271792)|LIMIT_USAGE_FOR_NS|(default)|
  Number of SOQL queries: 1 out of 100
  Number of query rows: 8 out of 50000
  Number of SOSL queries: 0 out of 20
  Number of DML statements: 0 out of 150
  Number of DML rows: 0 out of 10000
  Maximum CPU time: 0 out of 10000
  Maximum heap size: 0 out of 6000000
  Number of callouts: 0 out of 100
  Number of Email Invocations: 0 out of 10
  Number of future calls: 0 out of 50
  Number of queueable jobs added to the queue: 0 out of 50
  Number of Mobile Apex push calls: 0 out of 10

00:47:54.4 (4271792)|CUMULATIVE_LIMIT_USAGE_END

00:47:54.0 (4325347)|CODE_UNIT_FINISHED|HotFoodBrandController.getBrands()
00:47:54.0 (4457689)|CODE_UNIT_FINISHED|Aura
00:47:54.0 (5593327)|EXECUTION_FINISHED
