43.0 APEX_CODE,FINEST;APEX_PROFILING,INFO;CALLOUT,INFO;DB,INFO;NBA,INFO;SYSTEM,DEBUG;VALIDATION,INFO;VISUALFORCE,INFO;WAVE,INFO;WORKFLOW,INFO
01:24:54.0 (83203)|USER_INFO|[EXTERNAL]|0050O0000072vcM|himanshu232@hotmail.com|Greenwich Mean Time|GMT+01:00
01:24:54.0 (141321)|EXECUTION_STARTED
01:24:54.0 (146955)|CODE_UNIT_STARTED|[EXTERNAL]|Aura
01:24:54.0 (767538)|HEAP_ALLOCATE|[72]|Bytes:3
01:24:54.0 (825002)|HEAP_ALLOCATE|[77]|Bytes:152
01:24:54.0 (841491)|HEAP_ALLOCATE|[342]|Bytes:408
01:24:54.0 (857198)|HEAP_ALLOCATE|[355]|Bytes:408
01:24:54.0 (869495)|HEAP_ALLOCATE|[467]|Bytes:48
01:24:54.0 (892492)|HEAP_ALLOCATE|[139]|Bytes:6
01:24:54.0 (912796)|HEAP_ALLOCATE|[EXTERNAL]|Bytes:1
01:24:54.0 (920353)|HEAP_ALLOCATE|[EXTERNAL]|Bytes:1
01:24:54.0 (1643242)|CODE_UNIT_STARTED|[EXTERNAL]|01p0O00000BMBHd|HotFoodBrandController.findByBrandName(String)
01:24:54.0 (1738484)|HEAP_ALLOCATE|[EXTERNAL]|Bytes:3
01:24:54.0 (1752459)|METHOD_ENTRY|[1]|01p0O00000BMBHd|HotFoodBrandController.HotFoodBrandController()
01:24:54.0 (1759136)|STATEMENT_EXECUTE|[1]
01:24:54.0 (1764717)|STATEMENT_EXECUTE|[1]
01:24:54.0 (1769490)|METHOD_EXIT|[1]|HotFoodBrandController
01:24:54.0 (1774864)|HEAP_ALLOCATE|[EXTERNAL]|Bytes:1
01:24:54.0 (1786758)|SYSTEM_MODE_ENTER|false
01:24:54.0 (1795195)|VARIABLE_SCOPE_BEGIN|[9]|searchKey|String|false|false
01:24:54.0 (1819190)|VARIABLE_ASSIGNMENT|[9]|searchKey|"g"
01:24:54.0 (1829980)|STATEMENT_EXECUTE|[9]
01:24:54.0 (1832272)|STATEMENT_EXECUTE|[10]
01:24:54.0 (1835747)|HEAP_ALLOCATE|[10]|Bytes:1
01:24:54.0 (1851892)|HEAP_ALLOCATE|[10]|Bytes:3
01:24:54.0 (1859332)|VARIABLE_SCOPE_BEGIN|[10]|brandname|String|false|false
01:24:54.0 (1871467)|VARIABLE_ASSIGNMENT|[10]|brandname|"%g%"
01:24:54.0 (1876207)|STATEMENT_EXECUTE|[11]
01:24:54.0 (1878659)|HEAP_ALLOCATE|[11]|Bytes:61
01:24:54.0 (1904832)|HEAP_ALLOCATE|[11]|Bytes:4
01:24:54.0 (1916983)|HEAP_ALLOCATE|[11]|Bytes:7
01:24:54.0 (1962413)|HEAP_ALLOCATE|[50]|Bytes:5
01:24:54.0 (1985669)|HEAP_ALLOCATE|[56]|Bytes:5
01:24:54.0 (1993467)|HEAP_ALLOCATE|[64]|Bytes:7
01:24:54.0 (2288357)|SOQL_EXECUTE_BEGIN|[11]|Aggregations:0|SELECT id, name FROM HotFoodBrand__c WHERE name LIKE :tmpVar1
01:24:54.0 (6392700)|SOQL_EXECUTE_END|[11]|Rows:3
01:24:54.0 (6415033)|HEAP_ALLOCATE|[11]|Bytes:16
01:24:54.0 (6433993)|HEAP_ALLOCATE|[11]|Bytes:163
01:24:54.0 (6526742)|HEAP_ALLOCATE|[11]|Bytes:16
01:24:54.0 (6545490)|SYSTEM_MODE_EXIT|false
01:24:54.6 (6569859)|CUMULATIVE_LIMIT_USAGE
01:24:54.6 (6569859)|LIMIT_USAGE_FOR_NS|(default)|
  Number of SOQL queries: 1 out of 100
  Number of query rows: 3 out of 50000
  Number of SOSL queries: 0 out of 20
  Number of DML statements: 0 out of 150
  Number of DML rows: 0 out of 10000
  Maximum CPU time: 0 out of 10000
  Maximum heap size: 0 out of 6000000
  Number of callouts: 0 out of 100
  Number of Email Invocations: 0 out of 10
  Number of future calls: 0 out of 50
  Number of queueable jobs added to the queue: 0 out of 50
  Number of Mobile Apex push calls: 0 out of 10

01:24:54.6 (6569859)|CUMULATIVE_LIMIT_USAGE_END

01:24:54.0 (6621624)|CODE_UNIT_FINISHED|HotFoodBrandController.findByBrandName(String)
01:24:54.0 (6710608)|CODE_UNIT_FINISHED|Aura
01:24:54.0 (7734478)|EXECUTION_FINISHED
