43.0 APEX_CODE,FINEST;APEX_PROFILING,INFO;CALLOUT,INFO;DB,INFO;NBA,INFO;SYSTEM,DEBUG;VALIDATION,INFO;VISUALFORCE,INFO;WAVE,INFO;WORKFLOW,INFO
00:47:40.0 (82397)|USER_INFO|[EXTERNAL]|0050O0000072vcM|himanshu232@hotmail.com|Greenwich Mean Time|GMT+01:00
00:47:40.0 (141722)|EXECUTION_STARTED
00:47:40.0 (147061)|CODE_UNIT_STARTED|[EXTERNAL]|Aura
00:47:40.0 (1177845)|CODE_UNIT_STARTED|[EXTERNAL]|01p0O00000BMBHd|HotFoodBrandController.getBrands()
00:47:40.0 (1336267)|HEAP_ALLOCATE|[72]|Bytes:3
00:47:40.0 (1396706)|HEAP_ALLOCATE|[77]|Bytes:152
00:47:40.0 (1413457)|HEAP_ALLOCATE|[342]|Bytes:408
00:47:40.0 (1428954)|HEAP_ALLOCATE|[355]|Bytes:408
00:47:40.0 (1441072)|HEAP_ALLOCATE|[467]|Bytes:48
00:47:40.0 (1467230)|HEAP_ALLOCATE|[139]|Bytes:6
00:47:40.0 (1534026)|HEAP_ALLOCATE|[EXTERNAL]|Bytes:1
00:47:40.0 (1546692)|METHOD_ENTRY|[1]|01p0O00000BMBHd|HotFoodBrandController.HotFoodBrandController()
00:47:40.0 (1553655)|STATEMENT_EXECUTE|[1]
00:47:40.0 (1559295)|STATEMENT_EXECUTE|[1]
00:47:40.0 (1563954)|METHOD_EXIT|[1]|HotFoodBrandController
00:47:40.0 (1576763)|SYSTEM_MODE_ENTER|false
00:47:40.0 (1585932)|STATEMENT_EXECUTE|[3]
00:47:40.0 (1587977)|STATEMENT_EXECUTE|[5]
00:47:40.0 (1591256)|HEAP_ALLOCATE|[5]|Bytes:66
00:47:40.0 (1616038)|HEAP_ALLOCATE|[5]|Bytes:4
00:47:40.0 (1654089)|HEAP_ALLOCATE|[50]|Bytes:5
00:47:40.0 (1678457)|HEAP_ALLOCATE|[56]|Bytes:5
00:47:40.0 (1686835)|HEAP_ALLOCATE|[64]|Bytes:7
00:47:40.0 (1991002)|SOQL_EXECUTE_BEGIN|[5]|Aggregations:0|SELECT Id, name FROM HotFoodBrand__c ORDER BY name ASC NULLS FIRST
00:47:40.0 (3895323)|SOQL_EXECUTE_END|[5]|Rows:8
00:47:40.0 (3917767)|HEAP_ALLOCATE|[5]|Bytes:36
00:47:40.0 (3948124)|HEAP_ALLOCATE|[5]|Bytes:389
00:47:40.0 (4042576)|HEAP_ALLOCATE|[5]|Bytes:36
00:47:40.0 (4057461)|SYSTEM_MODE_EXIT|false
00:47:40.4 (4086294)|CUMULATIVE_LIMIT_USAGE
00:47:40.4 (4086294)|LIMIT_USAGE_FOR_NS|(default)|
  Number of SOQL queries: 1 out of 100
  Number of query rows: 8 out of 50000
  Number of SOSL queries: 0 out of 20
  Number of DML statements: 0 out of 150
  Number of DML rows: 0 out of 10000
  Maximum CPU time: 0 out of 10000
  Maximum heap size: 0 out of 6000000
  Number of callouts: 0 out of 100
  Number of Email Invocations: 0 out of 10
  Number of future calls: 0 out of 50
  Number of queueable jobs added to the queue: 0 out of 50
  Number of Mobile Apex push calls: 0 out of 10

00:47:40.4 (4086294)|CUMULATIVE_LIMIT_USAGE_END

00:47:40.0 (4126741)|CODE_UNIT_FINISHED|HotFoodBrandController.getBrands()
00:47:40.0 (4219867)|CODE_UNIT_FINISHED|Aura
00:47:40.0 (5280559)|EXECUTION_FINISHED
