43.0 APEX_CODE,FINEST;APEX_PROFILING,INFO;CALLOUT,INFO;DB,INFO;NBA,INFO;SYSTEM,DEBUG;VALIDATION,INFO;VISUALFORCE,INFO;WAVE,INFO;WORKFLOW,INFO
00:47:48.0 (84002)|USER_INFO|[EXTERNAL]|0050O0000072vcM|himanshu232@hotmail.com|Greenwich Mean Time|GMT+01:00
00:47:48.0 (146225)|EXECUTION_STARTED
00:47:48.0 (154949)|CODE_UNIT_STARTED|[EXTERNAL]|Aura
00:47:48.0 (1160973)|CODE_UNIT_STARTED|[EXTERNAL]|01p0O00000BMBHd|HotFoodBrandController.getBrands()
00:47:48.0 (1327513)|HEAP_ALLOCATE|[72]|Bytes:3
00:47:48.0 (1386261)|HEAP_ALLOCATE|[77]|Bytes:152
00:47:48.0 (1403331)|HEAP_ALLOCATE|[342]|Bytes:408
00:47:48.0 (1418617)|HEAP_ALLOCATE|[355]|Bytes:408
00:47:48.0 (1431003)|HEAP_ALLOCATE|[467]|Bytes:48
00:47:48.0 (1457863)|HEAP_ALLOCATE|[139]|Bytes:6
00:47:48.0 (1523165)|HEAP_ALLOCATE|[EXTERNAL]|Bytes:1
00:47:48.0 (1536738)|METHOD_ENTRY|[1]|01p0O00000BMBHd|HotFoodBrandController.HotFoodBrandController()
00:47:48.0 (1544202)|STATEMENT_EXECUTE|[1]
00:47:48.0 (1550323)|STATEMENT_EXECUTE|[1]
00:47:48.0 (1555151)|METHOD_EXIT|[1]|HotFoodBrandController
00:47:48.0 (1569901)|SYSTEM_MODE_ENTER|false
00:47:48.0 (1579857)|STATEMENT_EXECUTE|[3]
00:47:48.0 (1581731)|STATEMENT_EXECUTE|[5]
00:47:48.0 (1585331)|HEAP_ALLOCATE|[5]|Bytes:66
00:47:48.0 (1612501)|HEAP_ALLOCATE|[5]|Bytes:4
00:47:48.0 (1655225)|HEAP_ALLOCATE|[50]|Bytes:5
00:47:48.0 (1685822)|HEAP_ALLOCATE|[56]|Bytes:5
00:47:48.0 (1694742)|HEAP_ALLOCATE|[64]|Bytes:7
00:47:48.0 (1991179)|SOQL_EXECUTE_BEGIN|[5]|Aggregations:0|SELECT Id, name FROM HotFoodBrand__c ORDER BY name ASC NULLS FIRST
00:47:48.0 (3763470)|SOQL_EXECUTE_END|[5]|Rows:8
00:47:48.0 (3786227)|HEAP_ALLOCATE|[5]|Bytes:36
00:47:48.0 (3812628)|HEAP_ALLOCATE|[5]|Bytes:389
00:47:48.0 (3906970)|HEAP_ALLOCATE|[5]|Bytes:36
00:47:48.0 (3921031)|SYSTEM_MODE_EXIT|false
00:47:48.3 (3949842)|CUMULATIVE_LIMIT_USAGE
00:47:48.3 (3949842)|LIMIT_USAGE_FOR_NS|(default)|
  Number of SOQL queries: 1 out of 100
  Number of query rows: 8 out of 50000
  Number of SOSL queries: 0 out of 20
  Number of DML statements: 0 out of 150
  Number of DML rows: 0 out of 10000
  Maximum CPU time: 0 out of 10000
  Maximum heap size: 0 out of 6000000
  Number of callouts: 0 out of 100
  Number of Email Invocations: 0 out of 10
  Number of future calls: 0 out of 50
  Number of queueable jobs added to the queue: 0 out of 50
  Number of Mobile Apex push calls: 0 out of 10

00:47:48.3 (3949842)|CUMULATIVE_LIMIT_USAGE_END

00:47:48.0 (3989613)|CODE_UNIT_FINISHED|HotFoodBrandController.getBrands()
00:47:48.0 (4083240)|CODE_UNIT_FINISHED|Aura
00:47:48.0 (5120518)|EXECUTION_FINISHED
