43.0 APEX_CODE,FINEST;APEX_PROFILING,INFO;CALLOUT,INFO;DB,INFO;NBA,INFO;SYSTEM,DEBUG;VALIDATION,INFO;VISUALFORCE,INFO;WAVE,INFO;WORKFLOW,INFO
01:21:29.0 (87592)|USER_INFO|[EXTERNAL]|0050O0000072vcM|himanshu232@hotmail.com|Greenwich Mean Time|GMT+01:00
01:21:29.0 (148287)|EXECUTION_STARTED
01:21:29.0 (154239)|CODE_UNIT_STARTED|[EXTERNAL]|Aura
01:21:29.0 (773013)|HEAP_ALLOCATE|[72]|Bytes:3
01:21:29.0 (818360)|HEAP_ALLOCATE|[77]|Bytes:152
01:21:29.0 (832565)|HEAP_ALLOCATE|[342]|Bytes:408
01:21:29.0 (847788)|HEAP_ALLOCATE|[355]|Bytes:408
01:21:29.0 (859799)|HEAP_ALLOCATE|[467]|Bytes:48
01:21:29.0 (882116)|HEAP_ALLOCATE|[139]|Bytes:6
01:21:29.0 (905368)|HEAP_ALLOCATE|[EXTERNAL]|Bytes:7
01:21:29.0 (912904)|HEAP_ALLOCATE|[EXTERNAL]|Bytes:7
01:21:29.0 (1677794)|CODE_UNIT_STARTED|[EXTERNAL]|01p0O00000BMBHd|HotFoodBrandController.findByBrandName(String)
01:21:29.0 (1780457)|HEAP_ALLOCATE|[EXTERNAL]|Bytes:3
01:21:29.0 (1795086)|METHOD_ENTRY|[1]|01p0O00000BMBHd|HotFoodBrandController.HotFoodBrandController()
01:21:29.0 (1802182)|STATEMENT_EXECUTE|[1]
01:21:29.0 (1808208)|STATEMENT_EXECUTE|[1]
01:21:29.0 (1812754)|METHOD_EXIT|[1]|HotFoodBrandController
01:21:29.0 (1817994)|HEAP_ALLOCATE|[EXTERNAL]|Bytes:7
01:21:29.0 (1829157)|SYSTEM_MODE_ENTER|false
01:21:29.0 (1837281)|VARIABLE_SCOPE_BEGIN|[9]|searchKey|String|false|false
01:21:29.0 (1860424)|VARIABLE_ASSIGNMENT|[9]|searchKey|"search "
01:21:29.0 (1869658)|STATEMENT_EXECUTE|[9]
01:21:29.0 (1871500)|STATEMENT_EXECUTE|[10]
01:21:29.0 (1875258)|HEAP_ALLOCATE|[10]|Bytes:1
01:21:29.0 (1887982)|HEAP_ALLOCATE|[10]|Bytes:9
01:21:29.0 (1894435)|VARIABLE_SCOPE_BEGIN|[10]|brandname|String|false|false
01:21:29.0 (1906534)|VARIABLE_ASSIGNMENT|[10]|brandname|"%search %"
01:21:29.0 (1911133)|STATEMENT_EXECUTE|[11]
01:21:29.0 (1913585)|HEAP_ALLOCATE|[11]|Bytes:61
01:21:29.0 (1928109)|HEAP_ALLOCATE|[11]|Bytes:4
01:21:29.0 (1938003)|HEAP_ALLOCATE|[11]|Bytes:7
01:21:29.0 (1975014)|HEAP_ALLOCATE|[50]|Bytes:5
01:21:29.0 (1996572)|HEAP_ALLOCATE|[56]|Bytes:5
01:21:29.0 (2004850)|HEAP_ALLOCATE|[64]|Bytes:7
01:21:29.0 (2302655)|SOQL_EXECUTE_BEGIN|[11]|Aggregations:0|SELECT id, name FROM HotFoodBrand__c WHERE name LIKE :tmpVar1
01:21:29.0 (7943816)|SOQL_EXECUTE_END|[11]|Rows:0
01:21:29.0 (7980316)|HEAP_ALLOCATE|[11]|Bytes:4
01:21:29.0 (7999019)|HEAP_ALLOCATE|[11]|Bytes:0
01:21:29.0 (8134741)|HEAP_ALLOCATE|[11]|Bytes:4
01:21:29.0 (8157812)|SYSTEM_MODE_EXIT|false
01:21:29.8 (8191655)|CUMULATIVE_LIMIT_USAGE
01:21:29.8 (8191655)|LIMIT_USAGE_FOR_NS|(default)|
  Number of SOQL queries: 1 out of 100
  Number of query rows: 0 out of 50000
  Number of SOSL queries: 0 out of 20
  Number of DML statements: 0 out of 150
  Number of DML rows: 0 out of 10000
  Maximum CPU time: 0 out of 10000
  Maximum heap size: 0 out of 6000000
  Number of callouts: 0 out of 100
  Number of Email Invocations: 0 out of 10
  Number of future calls: 0 out of 50
  Number of queueable jobs added to the queue: 0 out of 50
  Number of Mobile Apex push calls: 0 out of 10

01:21:29.8 (8191655)|CUMULATIVE_LIMIT_USAGE_END

01:21:29.0 (8246302)|CODE_UNIT_FINISHED|HotFoodBrandController.findByBrandName(String)
01:21:29.0 (8338295)|CODE_UNIT_FINISHED|Aura
01:21:29.0 (9545361)|EXECUTION_FINISHED
