43.0 APEX_CODE,FINEST;APEX_PROFILING,INFO;CALLOUT,INFO;DB,INFO;NBA,INFO;SYSTEM,DEBUG;VALIDATION,INFO;VISUALFORCE,INFO;WAVE,INFO;WORKFLOW,INFO
01:24:55.0 (106769)|USER_INFO|[EXTERNAL]|0050O0000072vcM|himanshu232@hotmail.com|Greenwich Mean Time|GMT+01:00
01:24:55.0 (186951)|EXECUTION_STARTED
01:24:55.0 (193974)|CODE_UNIT_STARTED|[EXTERNAL]|Aura
01:24:55.0 (1036044)|HEAP_ALLOCATE|[72]|Bytes:3
01:24:55.0 (1112005)|HEAP_ALLOCATE|[77]|Bytes:152
01:24:55.0 (1141772)|HEAP_ALLOCATE|[342]|Bytes:408
01:24:55.0 (1172012)|HEAP_ALLOCATE|[355]|Bytes:408
01:24:55.0 (1195709)|HEAP_ALLOCATE|[467]|Bytes:48
01:24:55.0 (1230466)|HEAP_ALLOCATE|[139]|Bytes:6
01:24:55.0 (1258999)|HEAP_ALLOCATE|[EXTERNAL]|Bytes:2
01:24:55.0 (1270238)|HEAP_ALLOCATE|[EXTERNAL]|Bytes:2
01:24:55.0 (2059051)|CODE_UNIT_STARTED|[EXTERNAL]|01p0O00000BMBHd|HotFoodBrandController.findByBrandName(String)
01:24:55.0 (2152624)|HEAP_ALLOCATE|[EXTERNAL]|Bytes:3
01:24:55.0 (2168516)|METHOD_ENTRY|[1]|01p0O00000BMBHd|HotFoodBrandController.HotFoodBrandController()
01:24:55.0 (2177560)|STATEMENT_EXECUTE|[1]
01:24:55.0 (2186825)|STATEMENT_EXECUTE|[1]
01:24:55.0 (2197023)|METHOD_EXIT|[1]|HotFoodBrandController
01:24:55.0 (2206236)|HEAP_ALLOCATE|[EXTERNAL]|Bytes:2
01:24:55.0 (2221432)|SYSTEM_MODE_ENTER|false
01:24:55.0 (2231991)|VARIABLE_SCOPE_BEGIN|[9]|searchKey|String|false|false
01:24:55.0 (2261556)|VARIABLE_ASSIGNMENT|[9]|searchKey|"go"
01:24:55.0 (2275930)|STATEMENT_EXECUTE|[9]
01:24:55.0 (2278685)|STATEMENT_EXECUTE|[10]
01:24:55.0 (2284324)|HEAP_ALLOCATE|[10]|Bytes:1
01:24:55.0 (2304244)|HEAP_ALLOCATE|[10]|Bytes:4
01:24:55.0 (2313289)|VARIABLE_SCOPE_BEGIN|[10]|brandname|String|false|false
01:24:55.0 (2330939)|VARIABLE_ASSIGNMENT|[10]|brandname|"%go%"
01:24:55.0 (2338050)|STATEMENT_EXECUTE|[11]
01:24:55.0 (2341580)|HEAP_ALLOCATE|[11]|Bytes:61
01:24:55.0 (2373137)|HEAP_ALLOCATE|[11]|Bytes:4
01:24:55.0 (2389373)|HEAP_ALLOCATE|[11]|Bytes:7
01:24:55.0 (2446822)|HEAP_ALLOCATE|[50]|Bytes:5
01:24:55.0 (2477331)|HEAP_ALLOCATE|[56]|Bytes:5
01:24:55.0 (2488028)|HEAP_ALLOCATE|[64]|Bytes:7
01:24:55.0 (2876617)|SOQL_EXECUTE_BEGIN|[11]|Aggregations:0|SELECT id, name FROM HotFoodBrand__c WHERE name LIKE :tmpVar1
01:24:55.0 (7320070)|SOQL_EXECUTE_END|[11]|Rows:1
01:24:55.0 (7352499)|HEAP_ALLOCATE|[11]|Bytes:8
01:24:55.0 (7374386)|HEAP_ALLOCATE|[11]|Bytes:68
01:24:55.0 (7490267)|HEAP_ALLOCATE|[11]|Bytes:8
01:24:55.0 (7507972)|SYSTEM_MODE_EXIT|false
01:24:55.7 (7542947)|CUMULATIVE_LIMIT_USAGE
01:24:55.7 (7542947)|LIMIT_USAGE_FOR_NS|(default)|
  Number of SOQL queries: 1 out of 100
  Number of query rows: 1 out of 50000
  Number of SOSL queries: 0 out of 20
  Number of DML statements: 0 out of 150
  Number of DML rows: 0 out of 10000
  Maximum CPU time: 0 out of 10000
  Maximum heap size: 0 out of 6000000
  Number of callouts: 0 out of 100
  Number of Email Invocations: 0 out of 10
  Number of future calls: 0 out of 50
  Number of queueable jobs added to the queue: 0 out of 50
  Number of Mobile Apex push calls: 0 out of 10

01:24:55.7 (7542947)|CUMULATIVE_LIMIT_USAGE_END

01:24:55.0 (7597410)|CODE_UNIT_FINISHED|HotFoodBrandController.findByBrandName(String)
01:24:55.0 (7684271)|CODE_UNIT_FINISHED|Aura
01:24:55.0 (8906881)|EXECUTION_FINISHED
