43.0 APEX_CODE,FINEST;APEX_PROFILING,INFO;CALLOUT,INFO;DB,INFO;NBA,INFO;SYSTEM,DEBUG;VALIDATION,INFO;VISUALFORCE,INFO;WAVE,INFO;WORKFLOW,INFO
00:41:04.0 (82681)|USER_INFO|[EXTERNAL]|0050O0000072vcM|himanshu232@hotmail.com|Greenwich Mean Time|GMT+01:00
00:41:04.0 (137243)|EXECUTION_STARTED
00:41:04.0 (142556)|CODE_UNIT_STARTED|[EXTERNAL]|Aura
00:41:04.0 (1170459)|CODE_UNIT_STARTED|[EXTERNAL]|01p0O00000BMBHd|HotFoodBrandController.getBrands()
00:41:04.0 (1326118)|HEAP_ALLOCATE|[72]|Bytes:3
00:41:04.0 (1384660)|HEAP_ALLOCATE|[77]|Bytes:152
00:41:04.0 (1402309)|HEAP_ALLOCATE|[342]|Bytes:408
00:41:04.0 (1422499)|HEAP_ALLOCATE|[355]|Bytes:408
00:41:04.0 (1434396)|HEAP_ALLOCATE|[467]|Bytes:48
00:41:04.0 (1460446)|HEAP_ALLOCATE|[139]|Bytes:6
00:41:04.0 (1518214)|HEAP_ALLOCATE|[EXTERNAL]|Bytes:1
00:41:04.0 (1531893)|METHOD_ENTRY|[1]|01p0O00000BMBHd|HotFoodBrandController.HotFoodBrandController()
00:41:04.0 (1538513)|STATEMENT_EXECUTE|[1]
00:41:04.0 (1543894)|STATEMENT_EXECUTE|[1]
00:41:04.0 (1548328)|METHOD_EXIT|[1]|HotFoodBrandController
00:41:04.0 (1561522)|SYSTEM_MODE_ENTER|false
00:41:04.0 (1570754)|STATEMENT_EXECUTE|[3]
00:41:04.0 (1572615)|STATEMENT_EXECUTE|[5]
00:41:04.0 (1576189)|HEAP_ALLOCATE|[5]|Bytes:66
00:41:04.0 (1601491)|HEAP_ALLOCATE|[5]|Bytes:4
00:41:04.0 (1641059)|HEAP_ALLOCATE|[50]|Bytes:5
00:41:04.0 (1664716)|HEAP_ALLOCATE|[56]|Bytes:5
00:41:04.0 (1672421)|HEAP_ALLOCATE|[64]|Bytes:7
00:41:04.0 (1961602)|SOQL_EXECUTE_BEGIN|[5]|Aggregations:0|SELECT Id, name FROM HotFoodBrand__c ORDER BY name ASC NULLS FIRST
00:41:04.0 (3835585)|SOQL_EXECUTE_END|[5]|Rows:8
00:41:04.0 (3858455)|HEAP_ALLOCATE|[5]|Bytes:36
00:41:04.0 (3883649)|HEAP_ALLOCATE|[5]|Bytes:389
00:41:04.0 (3975732)|HEAP_ALLOCATE|[5]|Bytes:36
00:41:04.0 (3990698)|SYSTEM_MODE_EXIT|false
00:41:04.4 (4014483)|CUMULATIVE_LIMIT_USAGE
00:41:04.4 (4014483)|LIMIT_USAGE_FOR_NS|(default)|
  Number of SOQL queries: 1 out of 100
  Number of query rows: 8 out of 50000
  Number of SOSL queries: 0 out of 20
  Number of DML statements: 0 out of 150
  Number of DML rows: 0 out of 10000
  Maximum CPU time: 0 out of 10000
  Maximum heap size: 0 out of 6000000
  Number of callouts: 0 out of 100
  Number of Email Invocations: 0 out of 10
  Number of future calls: 0 out of 50
  Number of queueable jobs added to the queue: 0 out of 50
  Number of Mobile Apex push calls: 0 out of 10

00:41:04.4 (4014483)|CUMULATIVE_LIMIT_USAGE_END

00:41:04.0 (4050735)|CODE_UNIT_FINISHED|HotFoodBrandController.getBrands()
00:41:04.0 (4138608)|CODE_UNIT_FINISHED|Aura
00:41:04.0 (5213371)|EXECUTION_FINISHED
