43.0 APEX_CODE,FINEST;APEX_PROFILING,INFO;CALLOUT,INFO;DB,INFO;NBA,INFO;SYSTEM,DEBUG;VALIDATION,INFO;VISUALFORCE,INFO;WAVE,INFO;WORKFLOW,INFO
00:39:51.0 (78714)|USER_INFO|[EXTERNAL]|0050O0000072vcM|himanshu232@hotmail.com|Greenwich Mean Time|GMT+01:00
00:39:51.0 (137025)|EXECUTION_STARTED
00:39:51.0 (142002)|CODE_UNIT_STARTED|[EXTERNAL]|Aura
00:39:51.0 (1187243)|CODE_UNIT_STARTED|[EXTERNAL]|01p0O00000BMBHd|HotFoodBrandController.getBrands()
00:39:51.0 (1347418)|HEAP_ALLOCATE|[72]|Bytes:3
00:39:51.0 (1386401)|HEAP_ALLOCATE|[77]|Bytes:152
00:39:51.0 (1400013)|HEAP_ALLOCATE|[342]|Bytes:408
00:39:51.0 (1415347)|HEAP_ALLOCATE|[355]|Bytes:408
00:39:51.0 (1427234)|HEAP_ALLOCATE|[467]|Bytes:48
00:39:51.0 (1450783)|HEAP_ALLOCATE|[139]|Bytes:6
00:39:51.0 (1493615)|HEAP_ALLOCATE|[EXTERNAL]|Bytes:1
00:39:51.0 (1506590)|METHOD_ENTRY|[1]|01p0O00000BMBHd|HotFoodBrandController.HotFoodBrandController()
00:39:51.0 (1512941)|STATEMENT_EXECUTE|[1]
00:39:51.0 (1518440)|STATEMENT_EXECUTE|[1]
00:39:51.0 (1522409)|METHOD_EXIT|[1]|HotFoodBrandController
00:39:51.0 (1534311)|SYSTEM_MODE_ENTER|false
00:39:51.0 (1542369)|STATEMENT_EXECUTE|[3]
00:39:51.0 (1544068)|STATEMENT_EXECUTE|[5]
00:39:51.0 (1547580)|HEAP_ALLOCATE|[5]|Bytes:66
00:39:51.0 (1561067)|HEAP_ALLOCATE|[5]|Bytes:4
00:39:51.0 (1591949)|HEAP_ALLOCATE|[50]|Bytes:5
00:39:51.0 (1608829)|HEAP_ALLOCATE|[56]|Bytes:5
00:39:51.0 (1616182)|HEAP_ALLOCATE|[64]|Bytes:7
00:39:51.0 (1890753)|SOQL_EXECUTE_BEGIN|[5]|Aggregations:0|SELECT Id, name FROM HotFoodBrand__c ORDER BY name ASC NULLS FIRST
00:39:51.0 (3636887)|SOQL_EXECUTE_END|[5]|Rows:8
00:39:51.0 (3658815)|HEAP_ALLOCATE|[5]|Bytes:36
00:39:51.0 (3683213)|HEAP_ALLOCATE|[5]|Bytes:389
00:39:51.0 (3758828)|HEAP_ALLOCATE|[5]|Bytes:36
00:39:51.0 (3771235)|SYSTEM_MODE_EXIT|false
00:39:51.3 (3796241)|CUMULATIVE_LIMIT_USAGE
00:39:51.3 (3796241)|LIMIT_USAGE_FOR_NS|(default)|
  Number of SOQL queries: 1 out of 100
  Number of query rows: 8 out of 50000
  Number of SOSL queries: 0 out of 20
  Number of DML statements: 0 out of 150
  Number of DML rows: 0 out of 10000
  Maximum CPU time: 0 out of 10000
  Maximum heap size: 0 out of 6000000
  Number of callouts: 0 out of 100
  Number of Email Invocations: 0 out of 10
  Number of future calls: 0 out of 50
  Number of queueable jobs added to the queue: 0 out of 50
  Number of Mobile Apex push calls: 0 out of 10

00:39:51.3 (3796241)|CUMULATIVE_LIMIT_USAGE_END

00:39:51.0 (3836169)|CODE_UNIT_FINISHED|HotFoodBrandController.getBrands()
00:39:51.0 (3925200)|CODE_UNIT_FINISHED|Aura
00:39:51.0 (5006571)|EXECUTION_FINISHED
