43.0 APEX_CODE,FINEST;APEX_PROFILING,INFO;CALLOUT,INFO;DB,INFO;NBA,INFO;SYSTEM,DEBUG;VALIDATION,INFO;VISUALFORCE,INFO;WAVE,INFO;WORKFLOW,INFO
01:21:37.0 (78538)|USER_INFO|[EXTERNAL]|0050O0000072vcM|himanshu232@hotmail.com|Greenwich Mean Time|GMT+01:00
01:21:37.0 (135228)|EXECUTION_STARTED
01:21:37.0 (140252)|CODE_UNIT_STARTED|[EXTERNAL]|Aura
01:21:37.0 (718743)|HEAP_ALLOCATE|[72]|Bytes:3
01:21:37.0 (762080)|HEAP_ALLOCATE|[77]|Bytes:152
01:21:37.0 (776979)|HEAP_ALLOCATE|[342]|Bytes:408
01:21:37.0 (800572)|HEAP_ALLOCATE|[355]|Bytes:408
01:21:37.0 (823659)|HEAP_ALLOCATE|[467]|Bytes:48
01:21:37.0 (855417)|HEAP_ALLOCATE|[139]|Bytes:6
01:21:37.0 (877201)|HEAP_ALLOCATE|[EXTERNAL]|Bytes:1
01:21:37.0 (883984)|HEAP_ALLOCATE|[EXTERNAL]|Bytes:1
01:21:37.0 (1601055)|CODE_UNIT_STARTED|[EXTERNAL]|01p0O00000BMBHd|HotFoodBrandController.findByBrandName(String)
01:21:37.0 (1713503)|HEAP_ALLOCATE|[EXTERNAL]|Bytes:3
01:21:37.0 (1727454)|METHOD_ENTRY|[1]|01p0O00000BMBHd|HotFoodBrandController.HotFoodBrandController()
01:21:37.0 (1734259)|STATEMENT_EXECUTE|[1]
01:21:37.0 (1739738)|STATEMENT_EXECUTE|[1]
01:21:37.0 (1744411)|METHOD_EXIT|[1]|HotFoodBrandController
01:21:37.0 (1749544)|HEAP_ALLOCATE|[EXTERNAL]|Bytes:1
01:21:37.0 (1759213)|SYSTEM_MODE_ENTER|false
01:21:37.0 (1767401)|VARIABLE_SCOPE_BEGIN|[9]|searchKey|String|false|false
01:21:37.0 (1790957)|VARIABLE_ASSIGNMENT|[9]|searchKey|"p"
01:21:37.0 (1799713)|STATEMENT_EXECUTE|[9]
01:21:37.0 (1801500)|STATEMENT_EXECUTE|[10]
01:21:37.0 (1805464)|HEAP_ALLOCATE|[10]|Bytes:1
01:21:37.0 (1816819)|HEAP_ALLOCATE|[10]|Bytes:3
01:21:37.0 (1822987)|VARIABLE_SCOPE_BEGIN|[10]|brandname|String|false|false
01:21:37.0 (1834743)|VARIABLE_ASSIGNMENT|[10]|brandname|"%p%"
01:21:37.0 (1839430)|STATEMENT_EXECUTE|[11]
01:21:37.0 (1841931)|HEAP_ALLOCATE|[11]|Bytes:61
01:21:37.0 (1857377)|HEAP_ALLOCATE|[11]|Bytes:4
01:21:37.0 (1867761)|HEAP_ALLOCATE|[11]|Bytes:7
01:21:37.0 (1906997)|HEAP_ALLOCATE|[50]|Bytes:5
01:21:37.0 (1933017)|HEAP_ALLOCATE|[56]|Bytes:5
01:21:37.0 (1944963)|HEAP_ALLOCATE|[64]|Bytes:7
01:21:37.0 (2266266)|SOQL_EXECUTE_BEGIN|[11]|Aggregations:0|SELECT id, name FROM HotFoodBrand__c WHERE name LIKE :tmpVar1
01:21:37.0 (6223614)|SOQL_EXECUTE_END|[11]|Rows:4
01:21:37.0 (6245840)|HEAP_ALLOCATE|[11]|Bytes:20
01:21:37.0 (6265529)|HEAP_ALLOCATE|[11]|Bytes:213
01:21:37.0 (6346879)|HEAP_ALLOCATE|[11]|Bytes:20
01:21:37.0 (6359736)|SYSTEM_MODE_EXIT|false
01:21:37.6 (6381071)|CUMULATIVE_LIMIT_USAGE
01:21:37.6 (6381071)|LIMIT_USAGE_FOR_NS|(default)|
  Number of SOQL queries: 1 out of 100
  Number of query rows: 4 out of 50000
  Number of SOSL queries: 0 out of 20
  Number of DML statements: 0 out of 150
  Number of DML rows: 0 out of 10000
  Maximum CPU time: 0 out of 10000
  Maximum heap size: 0 out of 6000000
  Number of callouts: 0 out of 100
  Number of Email Invocations: 0 out of 10
  Number of future calls: 0 out of 50
  Number of queueable jobs added to the queue: 0 out of 50
  Number of Mobile Apex push calls: 0 out of 10

01:21:37.6 (6381071)|CUMULATIVE_LIMIT_USAGE_END

01:21:37.0 (6423769)|CODE_UNIT_FINISHED|HotFoodBrandController.findByBrandName(String)
01:21:37.0 (6504940)|CODE_UNIT_FINISHED|Aura
01:21:37.0 (7579713)|EXECUTION_FINISHED

