43.0 APEX_CODE,FINEST;APEX_PROFILING,INFO;CALLOUT,INFO;DB,INFO;NBA,INFO;SYSTEM,DEBUG;VALIDATION,INFO;VISUALFORCE,INFO;WAVE,INFO;WORKFLOW,INFO
01:21:30.0 (91465)|USER_INFO|[EXTERNAL]|0050O0000072vcM|himanshu232@hotmail.com|Greenwich Mean Time|GMT+01:00
01:21:30.0 (171679)|EXECUTION_STARTED
01:21:30.0 (178378)|CODE_UNIT_STARTED|[EXTERNAL]|Aura
01:21:30.0 (805482)|HEAP_ALLOCATE|[72]|Bytes:3
01:21:30.0 (853382)|HEAP_ALLOCATE|[77]|Bytes:152
01:21:30.0 (874671)|HEAP_ALLOCATE|[342]|Bytes:408
01:21:30.0 (891017)|HEAP_ALLOCATE|[355]|Bytes:408
01:21:30.0 (903629)|HEAP_ALLOCATE|[467]|Bytes:48
01:21:30.0 (926938)|HEAP_ALLOCATE|[139]|Bytes:6
01:21:30.0 (944374)|HEAP_ALLOCATE|[EXTERNAL]|Bytes:2
01:21:30.0 (951919)|HEAP_ALLOCATE|[EXTERNAL]|Bytes:2
01:21:30.0 (1756316)|CODE_UNIT_STARTED|[EXTERNAL]|01p0O00000BMBHd|HotFoodBrandController.findByBrandName(String)
01:21:30.0 (1852506)|HEAP_ALLOCATE|[EXTERNAL]|Bytes:3
01:21:30.0 (1867162)|METHOD_ENTRY|[1]|01p0O00000BMBHd|HotFoodBrandController.HotFoodBrandController()
01:21:30.0 (1878752)|STATEMENT_EXECUTE|[1]
01:21:30.0 (1884032)|STATEMENT_EXECUTE|[1]
01:21:30.0 (1889461)|METHOD_EXIT|[1]|HotFoodBrandController
01:21:30.0 (1894939)|HEAP_ALLOCATE|[EXTERNAL]|Bytes:2
01:21:30.0 (1905238)|SYSTEM_MODE_ENTER|false
01:21:30.0 (1912722)|VARIABLE_SCOPE_BEGIN|[9]|searchKey|String|false|false
01:21:30.0 (1937126)|VARIABLE_ASSIGNMENT|[9]|searchKey|"se"
01:21:30.0 (1946971)|STATEMENT_EXECUTE|[9]
01:21:30.0 (1948772)|STATEMENT_EXECUTE|[10]
01:21:30.0 (1952517)|HEAP_ALLOCATE|[10]|Bytes:1
01:21:30.0 (1966011)|HEAP_ALLOCATE|[10]|Bytes:4
01:21:30.0 (1972188)|VARIABLE_SCOPE_BEGIN|[10]|brandname|String|false|false
01:21:30.0 (1985211)|VARIABLE_ASSIGNMENT|[10]|brandname|"%se%"
01:21:30.0 (1990201)|STATEMENT_EXECUTE|[11]
01:21:30.0 (1992782)|HEAP_ALLOCATE|[11]|Bytes:61
01:21:30.0 (2010796)|HEAP_ALLOCATE|[11]|Bytes:4
01:21:30.0 (2022306)|HEAP_ALLOCATE|[11]|Bytes:7
01:21:30.0 (2066341)|HEAP_ALLOCATE|[50]|Bytes:5
01:21:30.0 (2087889)|HEAP_ALLOCATE|[56]|Bytes:5
01:21:30.0 (2096459)|HEAP_ALLOCATE|[64]|Bytes:7
01:21:30.0 (2398775)|SOQL_EXECUTE_BEGIN|[11]|Aggregations:0|SELECT id, name FROM HotFoodBrand__c WHERE name LIKE :tmpVar1
01:21:30.0 (6623983)|SOQL_EXECUTE_END|[11]|Rows:0
01:21:30.0 (6648677)|HEAP_ALLOCATE|[11]|Bytes:4
01:21:30.0 (6661131)|HEAP_ALLOCATE|[11]|Bytes:0
01:21:30.0 (6740972)|HEAP_ALLOCATE|[11]|Bytes:4
01:21:30.0 (6754144)|SYSTEM_MODE_EXIT|false
01:21:30.6 (6777682)|CUMULATIVE_LIMIT_USAGE
01:21:30.6 (6777682)|LIMIT_USAGE_FOR_NS|(default)|
  Number of SOQL queries: 1 out of 100
  Number of query rows: 0 out of 50000
  Number of SOSL queries: 0 out of 20
  Number of DML statements: 0 out of 150
  Number of DML rows: 0 out of 10000
  Maximum CPU time: 0 out of 10000
  Maximum heap size: 0 out of 6000000
  Number of callouts: 0 out of 100
  Number of Email Invocations: 0 out of 10
  Number of future calls: 0 out of 50
  Number of queueable jobs added to the queue: 0 out of 50
  Number of Mobile Apex push calls: 0 out of 10

01:21:30.6 (6777682)|CUMULATIVE_LIMIT_USAGE_END

01:21:30.0 (6817664)|CODE_UNIT_FINISHED|HotFoodBrandController.findByBrandName(String)
01:21:30.0 (6886528)|CODE_UNIT_FINISHED|Aura
01:21:30.0 (8023091)|EXECUTION_FINISHED
