43.0 APEX_CODE,FINEST;APEX_PROFILING,INFO;CALLOUT,INFO;DB,INFO;NBA,INFO;SYSTEM,DEBUG;VALIDATION,INFO;VISUALFORCE,INFO;WAVE,INFO;WORKFLOW,INFO
01:21:36.0 (81730)|USER_INFO|[EXTERNAL]|0050O0000072vcM|himanshu232@hotmail.com|Greenwich Mean Time|GMT+01:00
01:21:36.0 (144070)|EXECUTION_STARTED
01:21:36.0 (149375)|CODE_UNIT_STARTED|[EXTERNAL]|Aura
01:21:36.0 (775232)|HEAP_ALLOCATE|[72]|Bytes:3
01:21:36.0 (826754)|HEAP_ALLOCATE|[77]|Bytes:152
01:21:36.0 (841367)|HEAP_ALLOCATE|[342]|Bytes:408
01:21:36.0 (856613)|HEAP_ALLOCATE|[355]|Bytes:408
01:21:36.0 (868606)|HEAP_ALLOCATE|[467]|Bytes:48
01:21:36.0 (892370)|HEAP_ALLOCATE|[139]|Bytes:6
01:21:36.0 (912448)|HEAP_ALLOCATE|[EXTERNAL]|Bytes:3
01:21:36.0 (919678)|HEAP_ALLOCATE|[EXTERNAL]|Bytes:3
01:21:36.0 (1654648)|CODE_UNIT_STARTED|[EXTERNAL]|01p0O00000BMBHd|HotFoodBrandController.findByBrandName(String)
01:21:36.0 (1746651)|HEAP_ALLOCATE|[EXTERNAL]|Bytes:3
01:21:36.0 (1759802)|METHOD_ENTRY|[1]|01p0O00000BMBHd|HotFoodBrandController.HotFoodBrandController()
01:21:36.0 (1766675)|STATEMENT_EXECUTE|[1]
01:21:36.0 (1772055)|STATEMENT_EXECUTE|[1]
01:21:36.0 (1776893)|METHOD_EXIT|[1]|HotFoodBrandController
01:21:36.0 (1782517)|HEAP_ALLOCATE|[EXTERNAL]|Bytes:3
01:21:36.0 (1793381)|SYSTEM_MODE_ENTER|false
01:21:36.0 (1800899)|VARIABLE_SCOPE_BEGIN|[9]|searchKey|String|false|false
01:21:36.0 (1824751)|VARIABLE_ASSIGNMENT|[9]|searchKey|"pre"
01:21:36.0 (1834899)|STATEMENT_EXECUTE|[9]
01:21:36.0 (1836869)|STATEMENT_EXECUTE|[10]
01:21:36.0 (1840771)|HEAP_ALLOCATE|[10]|Bytes:1
01:21:36.0 (1853945)|HEAP_ALLOCATE|[10]|Bytes:5
01:21:36.0 (1860939)|VARIABLE_SCOPE_BEGIN|[10]|brandname|String|false|false
01:21:36.0 (1872968)|VARIABLE_ASSIGNMENT|[10]|brandname|"%pre%"
01:21:36.0 (1877427)|STATEMENT_EXECUTE|[11]
01:21:36.0 (1880031)|HEAP_ALLOCATE|[11]|Bytes:61
01:21:36.0 (1898796)|HEAP_ALLOCATE|[11]|Bytes:4
01:21:36.0 (1910629)|HEAP_ALLOCATE|[11]|Bytes:7
01:21:36.0 (1952316)|HEAP_ALLOCATE|[50]|Bytes:5
01:21:36.0 (1975071)|HEAP_ALLOCATE|[56]|Bytes:5
01:21:36.0 (1982708)|HEAP_ALLOCATE|[64]|Bytes:7
01:21:36.0 (2306392)|SOQL_EXECUTE_BEGIN|[11]|Aggregations:0|SELECT id, name FROM HotFoodBrand__c WHERE name LIKE :tmpVar1
01:21:36.0 (7125839)|SOQL_EXECUTE_END|[11]|Rows:2
01:21:36.0 (7149091)|HEAP_ALLOCATE|[11]|Bytes:12
01:21:36.0 (7166681)|HEAP_ALLOCATE|[11]|Bytes:93
01:21:36.0 (7253216)|HEAP_ALLOCATE|[11]|Bytes:12
01:21:36.0 (7271651)|SYSTEM_MODE_EXIT|false
01:21:36.7 (7294025)|CUMULATIVE_LIMIT_USAGE
01:21:36.7 (7294025)|LIMIT_USAGE_FOR_NS|(default)|
  Number of SOQL queries: 1 out of 100
  Number of query rows: 2 out of 50000
  Number of SOSL queries: 0 out of 20
  Number of DML statements: 0 out of 150
  Number of DML rows: 0 out of 10000
  Maximum CPU time: 0 out of 10000
  Maximum heap size: 0 out of 6000000
  Number of callouts: 0 out of 100
  Number of Email Invocations: 0 out of 10
  Number of future calls: 0 out of 50
  Number of queueable jobs added to the queue: 0 out of 50
  Number of Mobile Apex push calls: 0 out of 10

01:21:36.7 (7294025)|CUMULATIVE_LIMIT_USAGE_END

01:21:36.0 (7337400)|CODE_UNIT_FINISHED|HotFoodBrandController.findByBrandName(String)
01:21:36.0 (7409690)|CODE_UNIT_FINISHED|Aura
01:21:36.0 (8469497)|EXECUTION_FINISHED
