43.0 APEX_CODE,FINEST;APEX_PROFILING,INFO;CALLOUT,INFO;DB,INFO;NBA,INFO;SYSTEM,DEBUG;VALIDATION,INFO;VISUALFORCE,INFO;WAVE,INFO;WORKFLOW,INFO
01:24:52.0 (80802)|USER_INFO|[EXTERNAL]|0050O0000072vcM|himanshu232@hotmail.com|Greenwich Mean Time|GMT+01:00
01:24:52.0 (140129)|EXECUTION_STARTED
01:24:52.0 (144844)|CODE_UNIT_STARTED|[EXTERNAL]|Aura
01:24:52.0 (1143548)|CODE_UNIT_STARTED|[EXTERNAL]|01p0O00000BMBHd|HotFoodBrandController.getBrands()
01:24:52.0 (1314929)|HEAP_ALLOCATE|[72]|Bytes:3
01:24:52.0 (1376534)|HEAP_ALLOCATE|[77]|Bytes:152
01:24:52.0 (1393388)|HEAP_ALLOCATE|[342]|Bytes:408
01:24:52.0 (1409093)|HEAP_ALLOCATE|[355]|Bytes:408
01:24:52.0 (1421342)|HEAP_ALLOCATE|[467]|Bytes:48
01:24:52.0 (1447307)|HEAP_ALLOCATE|[139]|Bytes:6
01:24:52.0 (1508403)|HEAP_ALLOCATE|[EXTERNAL]|Bytes:3
01:24:52.0 (1521239)|METHOD_ENTRY|[1]|01p0O00000BMBHd|HotFoodBrandController.HotFoodBrandController()
01:24:52.0 (1528174)|STATEMENT_EXECUTE|[1]
01:24:52.0 (1533893)|STATEMENT_EXECUTE|[1]
01:24:52.0 (1538519)|METHOD_EXIT|[1]|HotFoodBrandController
01:24:52.0 (1554067)|SYSTEM_MODE_ENTER|false
01:24:52.0 (1562898)|STATEMENT_EXECUTE|[3]
01:24:52.0 (1564967)|STATEMENT_EXECUTE|[4]
01:24:52.0 (1568724)|HEAP_ALLOCATE|[4]|Bytes:66
01:24:52.0 (1591354)|HEAP_ALLOCATE|[4]|Bytes:4
01:24:52.0 (1632613)|HEAP_ALLOCATE|[50]|Bytes:5
01:24:52.0 (1655903)|HEAP_ALLOCATE|[56]|Bytes:5
01:24:52.0 (1663476)|HEAP_ALLOCATE|[64]|Bytes:7
01:24:52.0 (1948393)|SOQL_EXECUTE_BEGIN|[4]|Aggregations:0|SELECT Id, name FROM HotFoodBrand__c ORDER BY name ASC NULLS FIRST
01:24:52.0 (3704851)|SOQL_EXECUTE_END|[4]|Rows:8
01:24:52.0 (3731685)|HEAP_ALLOCATE|[4]|Bytes:36
01:24:52.0 (3757930)|HEAP_ALLOCATE|[4]|Bytes:389
01:24:52.0 (3851624)|HEAP_ALLOCATE|[4]|Bytes:36
01:24:52.0 (3865918)|SYSTEM_MODE_EXIT|false
01:24:52.3 (3893123)|CUMULATIVE_LIMIT_USAGE
01:24:52.3 (3893123)|LIMIT_USAGE_FOR_NS|(default)|
  Number of SOQL queries: 1 out of 100
  Number of query rows: 8 out of 50000
  Number of SOSL queries: 0 out of 20
  Number of DML statements: 0 out of 150
  Number of DML rows: 0 out of 10000
  Maximum CPU time: 0 out of 10000
  Maximum heap size: 0 out of 6000000
  Number of callouts: 0 out of 100
  Number of Email Invocations: 0 out of 10
  Number of future calls: 0 out of 50
  Number of queueable jobs added to the queue: 0 out of 50
  Number of Mobile Apex push calls: 0 out of 10

01:24:52.3 (3893123)|CUMULATIVE_LIMIT_USAGE_END

01:24:52.0 (3931301)|CODE_UNIT_FINISHED|HotFoodBrandController.getBrands()
01:24:52.0 (4018950)|CODE_UNIT_FINISHED|Aura
01:24:52.0 (5031804)|EXECUTION_FINISHED
