43.0 APEX_CODE,FINEST;APEX_PROFILING,INFO;CALLOUT,INFO;DB,INFO;NBA,INFO;SYSTEM,DEBUG;VALIDATION,INFO;VISUALFORCE,INFO;WAVE,INFO;WORKFLOW,INFO
01:25:16.0 (107367)|USER_INFO|[EXTERNAL]|0050O0000072vcM|himanshu232@hotmail.com|Greenwich Mean Time|GMT+01:00
01:25:16.0 (180895)|EXECUTION_STARTED
01:25:16.0 (187335)|CODE_UNIT_STARTED|[EXTERNAL]|Aura
01:25:16.0 (1007047)|HEAP_ALLOCATE|[72]|Bytes:3
01:25:16.0 (1079762)|HEAP_ALLOCATE|[77]|Bytes:152
01:25:16.0 (1108317)|HEAP_ALLOCATE|[342]|Bytes:408
01:25:16.0 (1135053)|HEAP_ALLOCATE|[355]|Bytes:408
01:25:16.0 (1158061)|HEAP_ALLOCATE|[467]|Bytes:48
01:25:16.0 (1192113)|HEAP_ALLOCATE|[139]|Bytes:6
01:25:16.0 (1219260)|HEAP_ALLOCATE|[EXTERNAL]|Bytes:1
01:25:16.0 (1229810)|HEAP_ALLOCATE|[EXTERNAL]|Bytes:1
01:25:16.0 (2029098)|CODE_UNIT_STARTED|[EXTERNAL]|01p0O00000BMBHd|HotFoodBrandController.findByBrandName(String)
01:25:16.0 (2152096)|HEAP_ALLOCATE|[EXTERNAL]|Bytes:3
01:25:16.0 (2171274)|METHOD_ENTRY|[1]|01p0O00000BMBHd|HotFoodBrandController.HotFoodBrandController()
01:25:16.0 (2181994)|STATEMENT_EXECUTE|[1]
01:25:16.0 (2190262)|STATEMENT_EXECUTE|[1]
01:25:16.0 (2197287)|METHOD_EXIT|[1]|HotFoodBrandController
01:25:16.0 (2205194)|HEAP_ALLOCATE|[EXTERNAL]|Bytes:1
01:25:16.0 (2219516)|SYSTEM_MODE_ENTER|false
01:25:16.0 (2230306)|VARIABLE_SCOPE_BEGIN|[9]|searchKey|String|false|false
01:25:16.0 (2260657)|VARIABLE_ASSIGNMENT|[9]|searchKey|"g"
01:25:16.0 (2274411)|STATEMENT_EXECUTE|[9]
01:25:16.0 (2277083)|STATEMENT_EXECUTE|[10]
01:25:16.0 (2282371)|HEAP_ALLOCATE|[10]|Bytes:1
01:25:16.0 (2300112)|HEAP_ALLOCATE|[10]|Bytes:3
01:25:16.0 (2309760)|VARIABLE_SCOPE_BEGIN|[10]|brandname|String|false|false
01:25:16.0 (2327767)|VARIABLE_ASSIGNMENT|[10]|brandname|"%g%"
01:25:16.0 (2334751)|STATEMENT_EXECUTE|[11]
01:25:16.0 (2338417)|HEAP_ALLOCATE|[11]|Bytes:61
01:25:16.0 (2370531)|HEAP_ALLOCATE|[11]|Bytes:4
01:25:16.0 (2389538)|HEAP_ALLOCATE|[11]|Bytes:7
01:25:16.0 (2449680)|HEAP_ALLOCATE|[50]|Bytes:5
01:25:16.0 (2479313)|HEAP_ALLOCATE|[56]|Bytes:5
01:25:16.0 (2491427)|HEAP_ALLOCATE|[64]|Bytes:7
01:25:16.0 (2906154)|SOQL_EXECUTE_BEGIN|[11]|Aggregations:0|SELECT id, name FROM HotFoodBrand__c WHERE name LIKE :tmpVar1
01:25:16.0 (7827209)|SOQL_EXECUTE_END|[11]|Rows:3
01:25:16.0 (7855847)|HEAP_ALLOCATE|[11]|Bytes:16
01:25:16.0 (7878643)|HEAP_ALLOCATE|[11]|Bytes:163
01:25:16.0 (7996417)|HEAP_ALLOCATE|[11]|Bytes:16
01:25:16.0 (8012745)|SYSTEM_MODE_EXIT|false
01:25:16.8 (8054099)|CUMULATIVE_LIMIT_USAGE
01:25:16.8 (8054099)|LIMIT_USAGE_FOR_NS|(default)|
  Number of SOQL queries: 1 out of 100
  Number of query rows: 3 out of 50000
  Number of SOSL queries: 0 out of 20
  Number of DML statements: 0 out of 150
  Number of DML rows: 0 out of 10000
  Maximum CPU time: 0 out of 10000
  Maximum heap size: 0 out of 6000000
  Number of callouts: 0 out of 100
  Number of Email Invocations: 0 out of 10
  Number of future calls: 0 out of 50
  Number of queueable jobs added to the queue: 0 out of 50
  Number of Mobile Apex push calls: 0 out of 10

01:25:16.8 (8054099)|CUMULATIVE_LIMIT_USAGE_END

01:25:16.0 (8109333)|CODE_UNIT_FINISHED|HotFoodBrandController.findByBrandName(String)
01:25:16.0 (8208401)|CODE_UNIT_FINISHED|Aura
01:25:16.0 (9502702)|EXECUTION_FINISHED
