43.0 APEX_CODE,FINEST;APEX_PROFILING,INFO;CALLOUT,INFO;DB,INFO;NBA,INFO;SYSTEM,DEBUG;VALIDATION,INFO;VISUALFORCE,INFO;WAVE,INFO;WORKFLOW,INFO
01:21:51.0 (92271)|USER_INFO|[EXTERNAL]|0050O0000072vcM|himanshu232@hotmail.com|Greenwich Mean Time|GMT+01:00
01:21:51.0 (155999)|EXECUTION_STARTED
01:21:51.0 (161125)|CODE_UNIT_STARTED|[EXTERNAL]|Aura
01:21:51.0 (831142)|HEAP_ALLOCATE|[72]|Bytes:3
01:21:51.0 (881321)|HEAP_ALLOCATE|[77]|Bytes:152
01:21:51.0 (896434)|HEAP_ALLOCATE|[342]|Bytes:408
01:21:51.0 (912430)|HEAP_ALLOCATE|[355]|Bytes:408
01:21:51.0 (924675)|HEAP_ALLOCATE|[467]|Bytes:48
01:21:51.0 (946876)|HEAP_ALLOCATE|[139]|Bytes:6
01:21:51.0 (1736300)|CODE_UNIT_STARTED|[EXTERNAL]|01p0O00000BMBHd|HotFoodBrandController.findByBrandName(String)
01:21:51.0 (1840770)|HEAP_ALLOCATE|[EXTERNAL]|Bytes:3
01:21:51.0 (1855470)|METHOD_ENTRY|[1]|01p0O00000BMBHd|HotFoodBrandController.HotFoodBrandController()
01:21:51.0 (1865740)|STATEMENT_EXECUTE|[1]
01:21:51.0 (1871436)|STATEMENT_EXECUTE|[1]
01:21:51.0 (1876584)|METHOD_EXIT|[1]|HotFoodBrandController
01:21:51.0 (1889196)|SYSTEM_MODE_ENTER|false
01:21:51.0 (1897515)|VARIABLE_SCOPE_BEGIN|[9]|searchKey|String|false|false
01:21:51.0 (1920850)|VARIABLE_ASSIGNMENT|[9]|searchKey|""
01:21:51.0 (1931555)|STATEMENT_EXECUTE|[9]
01:21:51.0 (1933478)|STATEMENT_EXECUTE|[10]
01:21:51.0 (1938071)|HEAP_ALLOCATE|[10]|Bytes:1
01:21:51.0 (1952722)|HEAP_ALLOCATE|[10]|Bytes:2
01:21:51.0 (1959583)|VARIABLE_SCOPE_BEGIN|[10]|brandname|String|false|false
01:21:51.0 (1972724)|VARIABLE_ASSIGNMENT|[10]|brandname|"%%"
01:21:51.0 (1977124)|STATEMENT_EXECUTE|[11]
01:21:51.0 (1979626)|HEAP_ALLOCATE|[11]|Bytes:61
01:21:51.0 (1998991)|HEAP_ALLOCATE|[11]|Bytes:4
01:21:51.0 (2010065)|HEAP_ALLOCATE|[11]|Bytes:7
01:21:51.0 (2052527)|HEAP_ALLOCATE|[50]|Bytes:5
01:21:51.0 (2075412)|HEAP_ALLOCATE|[56]|Bytes:5
01:21:51.0 (2083180)|HEAP_ALLOCATE|[64]|Bytes:7
01:21:51.0 (2489231)|SOQL_EXECUTE_BEGIN|[11]|Aggregations:0|SELECT id, name FROM HotFoodBrand__c WHERE name LIKE :tmpVar1
01:21:51.0 (4530570)|SOQL_EXECUTE_END|[11]|Rows:8
01:21:51.0 (4552439)|HEAP_ALLOCATE|[11]|Bytes:36
01:21:51.0 (4573661)|HEAP_ALLOCATE|[11]|Bytes:389
01:21:51.0 (4661854)|HEAP_ALLOCATE|[11]|Bytes:36
01:21:51.0 (4675868)|SYSTEM_MODE_EXIT|false
01:21:51.4 (4702881)|CUMULATIVE_LIMIT_USAGE
01:21:51.4 (4702881)|LIMIT_USAGE_FOR_NS|(default)|
  Number of SOQL queries: 1 out of 100
  Number of query rows: 8 out of 50000
  Number of SOSL queries: 0 out of 20
  Number of DML statements: 0 out of 150
  Number of DML rows: 0 out of 10000
  Maximum CPU time: 0 out of 10000
  Maximum heap size: 0 out of 6000000
  Number of callouts: 0 out of 100
  Number of Email Invocations: 0 out of 10
  Number of future calls: 0 out of 50
  Number of queueable jobs added to the queue: 0 out of 50
  Number of Mobile Apex push calls: 0 out of 10

01:21:51.4 (4702881)|CUMULATIVE_LIMIT_USAGE_END

01:21:51.0 (4744164)|CODE_UNIT_FINISHED|HotFoodBrandController.findByBrandName(String)
01:21:51.0 (4829152)|CODE_UNIT_FINISHED|Aura
01:21:51.0 (5862601)|EXECUTION_FINISHED
