43.0 APEX_CODE,FINEST;APEX_PROFILING,INFO;CALLOUT,INFO;DB,INFO;NBA,INFO;SYSTEM,DEBUG;VALIDATION,INFO;VISUALFORCE,INFO;WAVE,INFO;WORKFLOW,INFO
01:21:19.0 (85448)|USER_INFO|[EXTERNAL]|0050O0000072vcM|himanshu232@hotmail.com|Greenwich Mean Time|GMT+01:00
01:21:19.0 (143193)|EXECUTION_STARTED
01:21:19.0 (148091)|CODE_UNIT_STARTED|[EXTERNAL]|Aura
01:21:19.0 (760728)|HEAP_ALLOCATE|[72]|Bytes:3
01:21:19.0 (814061)|HEAP_ALLOCATE|[77]|Bytes:152
01:21:19.0 (829889)|HEAP_ALLOCATE|[342]|Bytes:408
01:21:19.0 (845637)|HEAP_ALLOCATE|[355]|Bytes:408
01:21:19.0 (857666)|HEAP_ALLOCATE|[467]|Bytes:48
01:21:19.0 (878844)|HEAP_ALLOCATE|[139]|Bytes:6
01:21:19.0 (1655742)|CODE_UNIT_STARTED|[EXTERNAL]|01p0O00000BMBHd|HotFoodBrandController.findByBrandName(String)
01:21:19.0 (1738527)|HEAP_ALLOCATE|[EXTERNAL]|Bytes:3
01:21:19.0 (1755490)|METHOD_ENTRY|[1]|01p0O00000BMBHd|HotFoodBrandController.HotFoodBrandController()
01:21:19.0 (1762034)|STATEMENT_EXECUTE|[1]
01:21:19.0 (1767624)|STATEMENT_EXECUTE|[1]
01:21:19.0 (1772322)|METHOD_EXIT|[1]|HotFoodBrandController
01:21:19.0 (1784072)|SYSTEM_MODE_ENTER|false
01:21:19.0 (1791580)|VARIABLE_SCOPE_BEGIN|[9]|searchKey|String|false|false
01:21:19.0 (1816762)|VARIABLE_ASSIGNMENT|[9]|searchKey|""
01:21:19.0 (1826378)|STATEMENT_EXECUTE|[9]
01:21:19.0 (1828218)|STATEMENT_EXECUTE|[10]
01:21:19.0 (1831870)|HEAP_ALLOCATE|[10]|Bytes:1
01:21:19.0 (1846360)|HEAP_ALLOCATE|[10]|Bytes:2
01:21:19.0 (1852501)|VARIABLE_SCOPE_BEGIN|[10]|brandname|String|false|false
01:21:19.0 (1864371)|VARIABLE_ASSIGNMENT|[10]|brandname|"%%"
01:21:19.0 (1868586)|STATEMENT_EXECUTE|[11]
01:21:19.0 (1871109)|HEAP_ALLOCATE|[11]|Bytes:61
01:21:19.0 (1886391)|HEAP_ALLOCATE|[11]|Bytes:4
01:21:19.0 (1896094)|HEAP_ALLOCATE|[11]|Bytes:7
01:21:19.0 (1932380)|HEAP_ALLOCATE|[50]|Bytes:5
01:21:19.0 (1951964)|HEAP_ALLOCATE|[56]|Bytes:5
01:21:19.0 (1959651)|HEAP_ALLOCATE|[64]|Bytes:7
01:21:19.0 (2215700)|SOQL_EXECUTE_BEGIN|[11]|Aggregations:0|SELECT id, name FROM HotFoodBrand__c WHERE name LIKE :tmpVar1
01:21:19.0 (4025161)|SOQL_EXECUTE_END|[11]|Rows:8
01:21:19.0 (4044786)|HEAP_ALLOCATE|[11]|Bytes:36
01:21:19.0 (4068524)|HEAP_ALLOCATE|[11]|Bytes:389
01:21:19.0 (4140393)|HEAP_ALLOCATE|[11]|Bytes:36
01:21:19.0 (4153785)|SYSTEM_MODE_EXIT|false
01:21:19.4 (4179610)|CUMULATIVE_LIMIT_USAGE
01:21:19.4 (4179610)|LIMIT_USAGE_FOR_NS|(default)|
  Number of SOQL queries: 1 out of 100
  Number of query rows: 8 out of 50000
  Number of SOSL queries: 0 out of 20
  Number of DML statements: 0 out of 150
  Number of DML rows: 0 out of 10000
  Maximum CPU time: 0 out of 10000
  Maximum heap size: 0 out of 6000000
  Number of callouts: 0 out of 100
  Number of Email Invocations: 0 out of 10
  Number of future calls: 0 out of 50
  Number of queueable jobs added to the queue: 0 out of 50
  Number of Mobile Apex push calls: 0 out of 10

01:21:19.4 (4179610)|CUMULATIVE_LIMIT_USAGE_END

01:21:19.0 (4223044)|CODE_UNIT_FINISHED|HotFoodBrandController.findByBrandName(String)
01:21:19.0 (4314354)|CODE_UNIT_FINISHED|Aura
01:21:19.0 (5603526)|EXECUTION_FINISHED
