43.0 APEX_CODE,FINEST;APEX_PROFILING,INFO;CALLOUT,INFO;DB,INFO;NBA,INFO;SYSTEM,DEBUG;VALIDATION,INFO;VISUALFORCE,INFO;WAVE,INFO;WORKFLOW,INFO
01:23:21.0 (80341)|USER_INFO|[EXTERNAL]|0050O0000072vcM|himanshu232@hotmail.com|Greenwich Mean Time|GMT+01:00
01:23:21.0 (141312)|EXECUTION_STARTED
01:23:21.0 (146600)|CODE_UNIT_STARTED|[EXTERNAL]|Aura
01:23:21.0 (774032)|HEAP_ALLOCATE|[72]|Bytes:3
01:23:21.0 (832070)|HEAP_ALLOCATE|[77]|Bytes:152
01:23:21.0 (848870)|HEAP_ALLOCATE|[342]|Bytes:408
01:23:21.0 (864744)|HEAP_ALLOCATE|[355]|Bytes:408
01:23:21.0 (876816)|HEAP_ALLOCATE|[467]|Bytes:48
01:23:21.0 (900095)|HEAP_ALLOCATE|[139]|Bytes:6
01:23:21.0 (919509)|HEAP_ALLOCATE|[EXTERNAL]|Bytes:2
01:23:21.0 (927191)|HEAP_ALLOCATE|[EXTERNAL]|Bytes:2
01:23:21.0 (1632897)|CODE_UNIT_STARTED|[EXTERNAL]|01p0O00000BMBHd|HotFoodBrandController.findByBrandName(String)
01:23:21.0 (1727680)|HEAP_ALLOCATE|[EXTERNAL]|Bytes:3
01:23:21.0 (1741718)|METHOD_ENTRY|[1]|01p0O00000BMBHd|HotFoodBrandController.HotFoodBrandController()
01:23:21.0 (1748165)|STATEMENT_EXECUTE|[1]
01:23:21.0 (1753709)|STATEMENT_EXECUTE|[1]
01:23:21.0 (1758851)|METHOD_EXIT|[1]|HotFoodBrandController
01:23:21.0 (1764533)|HEAP_ALLOCATE|[EXTERNAL]|Bytes:2
01:23:21.0 (1776504)|SYSTEM_MODE_ENTER|false
01:23:21.0 (1784199)|VARIABLE_SCOPE_BEGIN|[9]|searchKey|String|false|false
01:23:21.0 (1805520)|VARIABLE_ASSIGNMENT|[9]|searchKey|"wa"
01:23:21.0 (1816273)|STATEMENT_EXECUTE|[9]
01:23:21.0 (1818279)|STATEMENT_EXECUTE|[10]
01:23:21.0 (1822295)|HEAP_ALLOCATE|[10]|Bytes:1
01:23:21.0 (1837031)|HEAP_ALLOCATE|[10]|Bytes:4
01:23:21.0 (1844060)|VARIABLE_SCOPE_BEGIN|[10]|brandname|String|false|false
01:23:21.0 (1855673)|VARIABLE_ASSIGNMENT|[10]|brandname|"%wa%"
01:23:21.0 (1860767)|STATEMENT_EXECUTE|[11]
01:23:21.0 (1863392)|HEAP_ALLOCATE|[11]|Bytes:61
01:23:21.0 (1888189)|HEAP_ALLOCATE|[11]|Bytes:4
01:23:21.0 (1901660)|HEAP_ALLOCATE|[11]|Bytes:7
01:23:21.0 (1946838)|HEAP_ALLOCATE|[50]|Bytes:5
01:23:21.0 (1970934)|HEAP_ALLOCATE|[56]|Bytes:5
01:23:21.0 (1978701)|HEAP_ALLOCATE|[64]|Bytes:7
01:23:21.0 (2299486)|SOQL_EXECUTE_BEGIN|[11]|Aggregations:0|SELECT id, name FROM HotFoodBrand__c WHERE name LIKE :tmpVar1
01:23:21.0 (6159308)|SOQL_EXECUTE_END|[11]|Rows:1
01:23:21.0 (6185814)|HEAP_ALLOCATE|[11]|Bytes:8
01:23:21.0 (6202429)|HEAP_ALLOCATE|[11]|Bytes:45
01:23:21.0 (6286081)|HEAP_ALLOCATE|[11]|Bytes:8
01:23:21.0 (6299985)|SYSTEM_MODE_EXIT|false
01:23:21.6 (6325966)|CUMULATIVE_LIMIT_USAGE
01:23:21.6 (6325966)|LIMIT_USAGE_FOR_NS|(default)|
  Number of SOQL queries: 1 out of 100
  Number of query rows: 1 out of 50000
  Number of SOSL queries: 0 out of 20
  Number of DML statements: 0 out of 150
  Number of DML rows: 0 out of 10000
  Maximum CPU time: 0 out of 10000
  Maximum heap size: 0 out of 6000000
  Number of callouts: 0 out of 100
  Number of Email Invocations: 0 out of 10
  Number of future calls: 0 out of 50
  Number of queueable jobs added to the queue: 0 out of 50
  Number of Mobile Apex push calls: 0 out of 10

01:23:21.6 (6325966)|CUMULATIVE_LIMIT_USAGE_END

01:23:21.0 (6366077)|CODE_UNIT_FINISHED|HotFoodBrandController.findByBrandName(String)
01:23:21.0 (6432146)|CODE_UNIT_FINISHED|Aura
01:23:21.0 (7544855)|EXECUTION_FINISHED
