43.0 APEX_CODE,FINEST;APEX_PROFILING,INFO;CALLOUT,INFO;DB,INFO;NBA,INFO;SYSTEM,DEBUG;VALIDATION,INFO;VISUALFORCE,INFO;WAVE,INFO;WORKFLOW,INFO
01:21:08.0 (85444)|USER_INFO|[EXTERNAL]|0050O0000072vcM|himanshu232@hotmail.com|Greenwich Mean Time|GMT+01:00
01:21:08.0 (146486)|EXECUTION_STARTED
01:21:08.0 (152603)|CODE_UNIT_STARTED|[EXTERNAL]|Aura
01:21:08.0 (778673)|HEAP_ALLOCATE|[72]|Bytes:3
01:21:08.0 (833422)|HEAP_ALLOCATE|[77]|Bytes:152
01:21:08.0 (850149)|HEAP_ALLOCATE|[342]|Bytes:408
01:21:08.0 (866395)|HEAP_ALLOCATE|[355]|Bytes:408
01:21:08.0 (880605)|HEAP_ALLOCATE|[467]|Bytes:48
01:21:08.0 (905271)|HEAP_ALLOCATE|[139]|Bytes:6
01:21:08.0 (1816815)|CODE_UNIT_STARTED|[EXTERNAL]|01p0O00000BMBHd|HotFoodBrandController.findByBrandName(String)
01:21:08.0 (1943966)|HEAP_ALLOCATE|[EXTERNAL]|Bytes:3
01:21:08.0 (1965753)|METHOD_ENTRY|[1]|01p0O00000BMBHd|HotFoodBrandController.HotFoodBrandController()
01:21:08.0 (1975955)|STATEMENT_EXECUTE|[1]
01:21:08.0 (1983795)|STATEMENT_EXECUTE|[1]
01:21:08.0 (1990769)|METHOD_EXIT|[1]|HotFoodBrandController
01:21:08.0 (2006380)|SYSTEM_MODE_ENTER|false
01:21:08.0 (2015484)|VARIABLE_SCOPE_BEGIN|[9]|searchKey|String|false|false
01:21:08.0 (2039323)|VARIABLE_ASSIGNMENT|[9]|searchKey|""
01:21:08.0 (2053728)|STATEMENT_EXECUTE|[9]
01:21:08.0 (2056049)|STATEMENT_EXECUTE|[10]
01:21:08.0 (2060251)|HEAP_ALLOCATE|[10]|Bytes:1
01:21:08.0 (2074813)|HEAP_ALLOCATE|[10]|Bytes:2
01:21:08.0 (2081669)|VARIABLE_SCOPE_BEGIN|[10]|brandname|String|false|false
01:21:08.0 (2094841)|VARIABLE_ASSIGNMENT|[10]|brandname|"%%"
01:21:08.0 (2099663)|STATEMENT_EXECUTE|[11]
01:21:08.0 (2102217)|HEAP_ALLOCATE|[11]|Bytes:61
01:21:08.0 (2125744)|HEAP_ALLOCATE|[11]|Bytes:4
01:21:08.0 (2138493)|HEAP_ALLOCATE|[11]|Bytes:7
01:21:08.0 (2180364)|HEAP_ALLOCATE|[50]|Bytes:5
01:21:08.0 (2203012)|HEAP_ALLOCATE|[56]|Bytes:5
01:21:08.0 (2210944)|HEAP_ALLOCATE|[64]|Bytes:7
01:21:08.0 (2511100)|SOQL_EXECUTE_BEGIN|[11]|Aggregations:0|SELECT id, name FROM HotFoodBrand__c WHERE name LIKE :tmpVar1
01:21:08.0 (4293264)|SOQL_EXECUTE_END|[11]|Rows:8
01:21:08.0 (4315894)|HEAP_ALLOCATE|[11]|Bytes:36
01:21:08.0 (4341368)|HEAP_ALLOCATE|[11]|Bytes:389
01:21:08.0 (4437534)|HEAP_ALLOCATE|[11]|Bytes:36
01:21:08.0 (4451419)|SYSTEM_MODE_EXIT|false
01:21:08.4 (4480356)|CUMULATIVE_LIMIT_USAGE
01:21:08.4 (4480356)|LIMIT_USAGE_FOR_NS|(default)|
  Number of SOQL queries: 1 out of 100
  Number of query rows: 8 out of 50000
  Number of SOSL queries: 0 out of 20
  Number of DML statements: 0 out of 150
  Number of DML rows: 0 out of 10000
  Maximum CPU time: 0 out of 10000
  Maximum heap size: 0 out of 6000000
  Number of callouts: 0 out of 100
  Number of Email Invocations: 0 out of 10
  Number of future calls: 0 out of 50
  Number of queueable jobs added to the queue: 0 out of 50
  Number of Mobile Apex push calls: 0 out of 10

01:21:08.4 (4480356)|CUMULATIVE_LIMIT_USAGE_END

01:21:08.0 (4522214)|CODE_UNIT_FINISHED|HotFoodBrandController.findByBrandName(String)
01:21:08.0 (4616369)|CODE_UNIT_FINISHED|Aura
01:21:08.0 (5768156)|EXECUTION_FINISHED
