43.0 APEX_CODE,FINEST;APEX_PROFILING,INFO;CALLOUT,INFO;DB,INFO;NBA,INFO;SYSTEM,DEBUG;VALIDATION,INFO;VISUALFORCE,INFO;WAVE,INFO;WORKFLOW,INFO
01:00:02.0 (91164)|USER_INFO|[EXTERNAL]|0050O0000072vcM|himanshu232@hotmail.com|Greenwich Mean Time|GMT+01:00
01:00:02.0 (149945)|EXECUTION_STARTED
01:00:02.0 (154934)|CODE_UNIT_STARTED|[EXTERNAL]|Aura
01:00:02.0 (1422483)|CODE_UNIT_STARTED|[EXTERNAL]|01p0O00000BMBHd|HotFoodBrandController.getBrands()
01:00:02.0 (1586483)|HEAP_ALLOCATE|[72]|Bytes:3
01:00:02.0 (1656829)|HEAP_ALLOCATE|[77]|Bytes:152
01:00:02.0 (1675580)|HEAP_ALLOCATE|[342]|Bytes:408
01:00:02.0 (1690376)|HEAP_ALLOCATE|[355]|Bytes:408
01:00:02.0 (1702577)|HEAP_ALLOCATE|[467]|Bytes:48
01:00:02.0 (1729121)|HEAP_ALLOCATE|[139]|Bytes:6
01:00:02.0 (1773892)|HEAP_ALLOCATE|[EXTERNAL]|Bytes:3
01:00:02.0 (1785786)|METHOD_ENTRY|[1]|01p0O00000BMBHd|HotFoodBrandController.HotFoodBrandController()
01:00:02.0 (1792464)|STATEMENT_EXECUTE|[1]
01:00:02.0 (1797512)|STATEMENT_EXECUTE|[1]
01:00:02.0 (1801599)|METHOD_EXIT|[1]|HotFoodBrandController
01:00:02.0 (1813801)|SYSTEM_MODE_ENTER|false
01:00:02.0 (1822482)|STATEMENT_EXECUTE|[3]
01:00:02.0 (1824229)|STATEMENT_EXECUTE|[4]
01:00:02.0 (1828041)|HEAP_ALLOCATE|[4]|Bytes:66
01:00:02.0 (1844689)|HEAP_ALLOCATE|[4]|Bytes:4
01:00:02.0 (1880309)|HEAP_ALLOCATE|[50]|Bytes:5
01:00:02.0 (1900060)|HEAP_ALLOCATE|[56]|Bytes:5
01:00:02.0 (1907731)|HEAP_ALLOCATE|[64]|Bytes:7
01:00:02.0 (2241963)|SOQL_EXECUTE_BEGIN|[4]|Aggregations:0|SELECT Id, name FROM HotFoodBrand__c ORDER BY name ASC NULLS FIRST
01:00:02.0 (4635026)|SOQL_EXECUTE_END|[4]|Rows:8
01:00:02.0 (4658952)|HEAP_ALLOCATE|[4]|Bytes:36
01:00:02.0 (4685145)|HEAP_ALLOCATE|[4]|Bytes:389
01:00:02.0 (4765937)|HEAP_ALLOCATE|[4]|Bytes:36
01:00:02.0 (4779769)|SYSTEM_MODE_EXIT|false
01:00:02.4 (4801910)|CUMULATIVE_LIMIT_USAGE
01:00:02.4 (4801910)|LIMIT_USAGE_FOR_NS|(default)|
  Number of SOQL queries: 1 out of 100
  Number of query rows: 8 out of 50000
  Number of SOSL queries: 0 out of 20
  Number of DML statements: 0 out of 150
  Number of DML rows: 0 out of 10000
  Maximum CPU time: 0 out of 10000
  Maximum heap size: 0 out of 6000000
  Number of callouts: 0 out of 100
  Number of Email Invocations: 0 out of 10
  Number of future calls: 0 out of 50
  Number of queueable jobs added to the queue: 0 out of 50
  Number of Mobile Apex push calls: 0 out of 10

01:00:02.4 (4801910)|CUMULATIVE_LIMIT_USAGE_END

01:00:02.0 (4841767)|CODE_UNIT_FINISHED|HotFoodBrandController.getBrands()
01:00:02.0 (4962493)|CODE_UNIT_FINISHED|Aura
01:00:02.0 (6614663)|EXECUTION_FINISHED
