43.0 APEX_CODE,FINEST;APEX_PROFILING,INFO;CALLOUT,INFO;DB,INFO;NBA,INFO;SYSTEM,DEBUG;VALIDATION,INFO;VISUALFORCE,INFO;WAVE,INFO;WORKFLOW,INFO
00:46:25.0 (106312)|USER_INFO|[EXTERNAL]|0050O0000072vcM|himanshu232@hotmail.com|Greenwich Mean Time|GMT+01:00
00:46:25.0 (190145)|EXECUTION_STARTED
00:46:25.0 (197887)|CODE_UNIT_STARTED|[EXTERNAL]|Aura
00:46:25.0 (1339348)|CODE_UNIT_STARTED|[EXTERNAL]|01p0O00000BMBHd|HotFoodBrandController.getBrands()
00:46:25.0 (1576763)|HEAP_ALLOCATE|[72]|Bytes:3
00:46:25.0 (1637930)|HEAP_ALLOCATE|[77]|Bytes:152
00:46:25.0 (1655286)|HEAP_ALLOCATE|[342]|Bytes:408
00:46:25.0 (1671267)|HEAP_ALLOCATE|[355]|Bytes:408
00:46:25.0 (1684245)|HEAP_ALLOCATE|[467]|Bytes:48
00:46:25.0 (1713715)|HEAP_ALLOCATE|[139]|Bytes:6
00:46:25.0 (1775142)|HEAP_ALLOCATE|[EXTERNAL]|Bytes:1
00:46:25.0 (1788933)|METHOD_ENTRY|[1]|01p0O00000BMBHd|HotFoodBrandController.HotFoodBrandController()
00:46:25.0 (1796302)|STATEMENT_EXECUTE|[1]
00:46:25.0 (1801937)|STATEMENT_EXECUTE|[1]
00:46:25.0 (1806660)|METHOD_EXIT|[1]|HotFoodBrandController
00:46:25.0 (1822482)|SYSTEM_MODE_ENTER|false
00:46:25.0 (1832400)|STATEMENT_EXECUTE|[3]
00:46:25.0 (1834371)|STATEMENT_EXECUTE|[5]
00:46:25.0 (1837956)|HEAP_ALLOCATE|[5]|Bytes:66
00:46:25.0 (1862905)|HEAP_ALLOCATE|[5]|Bytes:4
00:46:25.0 (1903454)|HEAP_ALLOCATE|[50]|Bytes:5
00:46:25.0 (1926661)|HEAP_ALLOCATE|[56]|Bytes:5
00:46:25.0 (1935176)|HEAP_ALLOCATE|[64]|Bytes:7
00:46:25.0 (2229545)|SOQL_EXECUTE_BEGIN|[5]|Aggregations:0|SELECT Id, name FROM HotFoodBrand__c ORDER BY name ASC NULLS FIRST
00:46:25.0 (4081451)|SOQL_EXECUTE_END|[5]|Rows:8
00:46:25.0 (4104266)|HEAP_ALLOCATE|[5]|Bytes:36
00:46:25.0 (4130890)|HEAP_ALLOCATE|[5]|Bytes:389
00:46:25.0 (4225109)|HEAP_ALLOCATE|[5]|Bytes:36
00:46:25.0 (4239540)|SYSTEM_MODE_EXIT|false
00:46:25.4 (4266012)|CUMULATIVE_LIMIT_USAGE
00:46:25.4 (4266012)|LIMIT_USAGE_FOR_NS|(default)|
  Number of SOQL queries: 1 out of 100
  Number of query rows: 8 out of 50000
  Number of SOSL queries: 0 out of 20
  Number of DML statements: 0 out of 150
  Number of DML rows: 0 out of 10000
  Maximum CPU time: 0 out of 10000
  Maximum heap size: 0 out of 6000000
  Number of callouts: 0 out of 100
  Number of Email Invocations: 0 out of 10
  Number of future calls: 0 out of 50
  Number of queueable jobs added to the queue: 0 out of 50
  Number of Mobile Apex push calls: 0 out of 10

00:46:25.4 (4266012)|CUMULATIVE_LIMIT_USAGE_END

00:46:25.0 (4306019)|CODE_UNIT_FINISHED|HotFoodBrandController.getBrands()
00:46:25.0 (4399903)|CODE_UNIT_FINISHED|Aura
00:46:25.0 (5613697)|EXECUTION_FINISHED
