43.0 APEX_CODE,FINEST;APEX_PROFILING,INFO;CALLOUT,INFO;DB,INFO;NBA,INFO;SYSTEM,DEBUG;VALIDATION,INFO;VISUALFORCE,INFO;WAVE,INFO;WORKFLOW,INFO
01:21:15.0 (82663)|USER_INFO|[EXTERNAL]|0050O0000072vcM|himanshu232@hotmail.com|Greenwich Mean Time|GMT+01:00
01:21:15.0 (142837)|EXECUTION_STARTED
01:21:15.0 (148172)|CODE_UNIT_STARTED|[EXTERNAL]|Aura
01:21:15.0 (859474)|HEAP_ALLOCATE|[72]|Bytes:3
01:21:15.0 (917151)|HEAP_ALLOCATE|[77]|Bytes:152
01:21:15.0 (932845)|HEAP_ALLOCATE|[342]|Bytes:408
01:21:15.0 (948657)|HEAP_ALLOCATE|[355]|Bytes:408
01:21:15.0 (961091)|HEAP_ALLOCATE|[467]|Bytes:48
01:21:15.0 (984025)|HEAP_ALLOCATE|[139]|Bytes:6
01:21:15.0 (1008627)|HEAP_ALLOCATE|[EXTERNAL]|Bytes:6
01:21:15.0 (1017505)|HEAP_ALLOCATE|[EXTERNAL]|Bytes:6
01:21:15.0 (1747120)|CODE_UNIT_STARTED|[EXTERNAL]|01p0O00000BMBHd|HotFoodBrandController.findByBrandName(String)
01:21:15.0 (1846143)|HEAP_ALLOCATE|[EXTERNAL]|Bytes:3
01:21:15.0 (1860734)|METHOD_ENTRY|[1]|01p0O00000BMBHd|HotFoodBrandController.HotFoodBrandController()
01:21:15.0 (1867856)|STATEMENT_EXECUTE|[1]
01:21:15.0 (1873949)|STATEMENT_EXECUTE|[1]
01:21:15.0 (1878730)|METHOD_EXIT|[1]|HotFoodBrandController
01:21:15.0 (1884289)|HEAP_ALLOCATE|[EXTERNAL]|Bytes:6
01:21:15.0 (1894072)|SYSTEM_MODE_ENTER|false
01:21:15.0 (1901530)|VARIABLE_SCOPE_BEGIN|[9]|searchKey|String|false|false
01:21:15.0 (1927682)|VARIABLE_ASSIGNMENT|[9]|searchKey|"wagama"
01:21:15.0 (1938581)|STATEMENT_EXECUTE|[9]
01:21:15.0 (1940562)|STATEMENT_EXECUTE|[10]
01:21:15.0 (1944991)|HEAP_ALLOCATE|[10]|Bytes:1
01:21:15.0 (1960561)|HEAP_ALLOCATE|[10]|Bytes:8
01:21:15.0 (1967772)|VARIABLE_SCOPE_BEGIN|[10]|brandname|String|false|false
01:21:15.0 (1980139)|VARIABLE_ASSIGNMENT|[10]|brandname|"%wagama%"
01:21:15.0 (1985156)|STATEMENT_EXECUTE|[11]
01:21:15.0 (1987594)|HEAP_ALLOCATE|[11]|Bytes:61
01:21:15.0 (2016522)|HEAP_ALLOCATE|[11]|Bytes:4
01:21:15.0 (2029426)|HEAP_ALLOCATE|[11]|Bytes:7
01:21:15.0 (2075282)|HEAP_ALLOCATE|[50]|Bytes:5
01:21:15.0 (2099150)|HEAP_ALLOCATE|[56]|Bytes:5
01:21:15.0 (2107278)|HEAP_ALLOCATE|[64]|Bytes:7
01:21:15.0 (2407457)|SOQL_EXECUTE_BEGIN|[11]|Aggregations:0|SELECT id, name FROM HotFoodBrand__c WHERE name LIKE :tmpVar1
01:21:15.0 (7520680)|SOQL_EXECUTE_END|[11]|Rows:1
01:21:15.0 (7545433)|HEAP_ALLOCATE|[11]|Bytes:8
01:21:15.0 (7562930)|HEAP_ALLOCATE|[11]|Bytes:45
01:21:15.0 (7668818)|HEAP_ALLOCATE|[11]|Bytes:8
01:21:15.0 (7683980)|SYSTEM_MODE_EXIT|false
01:21:15.7 (7710173)|CUMULATIVE_LIMIT_USAGE
01:21:15.7 (7710173)|LIMIT_USAGE_FOR_NS|(default)|
  Number of SOQL queries: 1 out of 100
  Number of query rows: 1 out of 50000
  Number of SOSL queries: 0 out of 20
  Number of DML statements: 0 out of 150
  Number of DML rows: 0 out of 10000
  Maximum CPU time: 0 out of 10000
  Maximum heap size: 0 out of 6000000
  Number of callouts: 0 out of 100
  Number of Email Invocations: 0 out of 10
  Number of future calls: 0 out of 50
  Number of queueable jobs added to the queue: 0 out of 50
  Number of Mobile Apex push calls: 0 out of 10

01:21:15.7 (7710173)|CUMULATIVE_LIMIT_USAGE_END

01:21:15.0 (7751602)|CODE_UNIT_FINISHED|HotFoodBrandController.findByBrandName(String)
01:21:15.0 (7824694)|CODE_UNIT_FINISHED|Aura
01:21:15.0 (9064886)|EXECUTION_FINISHED
