36.0 APEX_CODE,FINEST;APEX_PROFILING,INFO;CALLOUT,INFO;DB,INFO;NBA,INFO;SYSTEM,DEBUG;VALIDATION,INFO;VISUALFORCE,INFO;WAVE,INFO;WORKFLOW,INFO
20:33:36.0 (755238)|USER_INFO|[EXTERNAL]|0050O0000072vcM|himanshu232@hotmail.com|Greenwich Mean Time|GMT+01:00
20:33:36.0 (835376)|EXECUTION_STARTED
20:33:36.0 (842535)|CODE_UNIT_STARTED|[EXTERNAL]|01p0O00000BMBGp|HFO_HotFoodBrandTriggerTest.updateHotFoodBrandName()
20:33:36.0 (1703802)|HEAP_ALLOCATE|[72]|Bytes:3
20:33:36.0 (1762703)|HEAP_ALLOCATE|[77]|Bytes:152
20:33:36.0 (1780721)|HEAP_ALLOCATE|[342]|Bytes:408
20:33:36.0 (1798945)|HEAP_ALLOCATE|[355]|Bytes:408
20:33:36.0 (1814645)|HEAP_ALLOCATE|[467]|Bytes:48
20:33:36.0 (1843413)|HEAP_ALLOCATE|[139]|Bytes:6
20:33:36.0 (1860177)|HEAP_ALLOCATE|[EXTERNAL]|Bytes:17
20:33:36.0 (1897878)|METHOD_ENTRY|[9]|01p0O00000BMBGp|HFO_HotFoodBrandTriggerTest.HFO_HotFoodBrandTriggerTest()
20:33:36.0 (1904973)|STATEMENT_EXECUTE|[9]
20:33:36.0 (1909819)|STATEMENT_EXECUTE|[9]
20:33:36.0 (1923387)|METHOD_EXIT|[9]|HFO_HotFoodBrandTriggerTest
20:33:36.0 (1958746)|HEAP_ALLOCATE|[50]|Bytes:5
20:33:36.0 (1983794)|HEAP_ALLOCATE|[56]|Bytes:5
20:33:36.0 (1992155)|HEAP_ALLOCATE|[64]|Bytes:7
20:33:36.0 (2030456)|STATEMENT_EXECUTE|[12]
20:33:36.0 (2033715)|STATEMENT_EXECUTE|[14]
20:33:36.0 (2095628)|HEAP_ALLOCATE|[14]|Bytes:4
20:33:36.0 (2194259)|VARIABLE_SCOPE_BEGIN|[14]|hfb|HotFoodBrand__c|true|false
20:33:36.0 (2363706)|VARIABLE_ASSIGNMENT|[14]|hfb|{}|0x22d07779
20:33:36.0 (2371011)|STATEMENT_EXECUTE|[15]
20:33:36.0 (2375236)|HEAP_ALLOCATE|[15]|Bytes:10
20:33:36.0 (3128247)|VARIABLE_ASSIGNMENT|[15]|this.Name|"Test Brand"|0x22d07779
20:33:36.0 (3140087)|STATEMENT_EXECUTE|[16]
20:33:36.0 (3176089)|HEAP_ALLOCATE|[16]|Bytes:8
20:33:36.0 (3189646)|DML_BEGIN|[16]|Op:Insert|Type:HotFoodBrand__c|Rows:1
20:33:36.0 (3221215)|HEAP_ALLOCATE|[EXTERNAL]|Bytes:8
20:33:36.0 (30534557)|DML_END|[16]
20:33:36.0 (30560325)|STATEMENT_EXECUTE|[17]
20:33:36.0 (30568740)|HEAP_ALLOCATE|[17]|Bytes:13
20:33:36.0 (30650095)|VARIABLE_ASSIGNMENT|[17]|this.Name|"My Test Brand"|0x22d07779
20:33:36.0 (30661392)|STATEMENT_EXECUTE|[18]
20:33:36.0 (30699521)|HEAP_ALLOCATE|[18]|Bytes:8
20:33:36.0 (30712637)|DML_BEGIN|[18]|Op:Update|Type:HotFoodBrand__c|Rows:1
20:33:36.0 (30746087)|HEAP_ALLOCATE|[EXTERNAL]|Bytes:8
20:33:36.0 (78633271)|CODE_UNIT_STARTED|[EXTERNAL]|01q0O000000ScpE|HFO_HotFoodBrandTrigger on HotFoodBrand trigger event BeforeUpdate|__sfdc_trigger/HFO_HotFoodBrandTrigger
20:33:36.0 (78687069)|HEAP_ALLOCATE|[EXTERNAL]|Bytes:8
20:33:36.0 (78717406)|HEAP_ALLOCATE|[EXTERNAL]|Bytes:8
20:33:36.0 (78817023)|HEAP_ALLOCATE|[EXTERNAL]|Bytes:4
20:33:36.0 (78832260)|VARIABLE_SCOPE_BEGIN|[7]|this|HFO_HotFoodBrandTrigger|true|false
20:33:36.0 (78874891)|VARIABLE_ASSIGNMENT|[7]|this|{}|0x23afdebf
20:33:36.0 (78937785)|HEAP_ALLOCATE|[EXTERNAL]|Bytes:4
20:33:36.0 (78959134)|VARIABLE_SCOPE_BEGIN|[7]|this|HFO_HotFoodBrandTrigger|true|false
20:33:36.0 (78975451)|VARIABLE_ASSIGNMENT|[7]|this|{}|0x23afdebf
20:33:36.0 (78983141)|STATEMENT_EXECUTE|[7]
20:33:36.0 (78985479)|STATEMENT_EXECUTE|[8]
20:33:36.0 (82029745)|VARIABLE_SCOPE_BEGIN|[9]|HFO_HotFoodBrandTriggerHandler.TriggerDisabled|Boolean|false|true
20:33:36.0 (84598969)|HEAP_ALLOCATE|[8]|Bytes:23
20:33:36.0 (84646057)|METHOD_ENTRY|[7]|01p0O00000BMBGa|HFO_HotFoodBrandTriggerHandler.HFO_HotFoodBrandTriggerHandler()
20:33:36.0 (84653400)|STATEMENT_EXECUTE|[7]
20:33:36.0 (84657221)|STATEMENT_EXECUTE|[7]
20:33:36.0 (84659212)|STATEMENT_EXECUTE|[9]
20:33:36.0 (84670869)|HEAP_ALLOCATE|[9]|Bytes:5
20:33:36.0 (84686867)|VARIABLE_ASSIGNMENT|[9]|HFO_HotFoodBrandTriggerHandler.TriggerDisabled|false
20:33:36.0 (84696917)|METHOD_EXIT|[7]|HFO_HotFoodBrandTriggerHandler
20:33:36.0 (84710406)|HEAP_ALLOCATE|[8]|Bytes:4
20:33:36.0 (84731262)|CONSTRUCTOR_ENTRY|[8]|01p0O00000BMBGa|<init>()|HFO_HotFoodBrandTriggerHandler
20:33:36.0 (84758360)|VARIABLE_SCOPE_BEGIN|[7]|this|HFO_HotFoodBrandTriggerHandler|true|false
20:33:36.0 (84781599)|VARIABLE_ASSIGNMENT|[7]|this|{}|0x3b27381e
20:33:36.0 (84793767)|HEAP_ALLOCATE|[EXTERNAL]|Bytes:6
20:33:36.0 (84835878)|STATEMENT_EXECUTE|[7]
20:33:36.0 (84845147)|CONSTRUCTOR_EXIT|[8]|01p0O00000BMBGa|<init>()|HFO_HotFoodBrandTriggerHandler
20:33:36.0 (88732637)|HEAP_ALLOCATE|[8]|Bytes:2
20:33:36.0 (88755106)|METHOD_ENTRY|[7]|01p0O00000BMBGQ|HFO_TriggerDispatcher.HFO_TriggerDispatcher()
20:33:36.0 (88761527)|STATEMENT_EXECUTE|[7]
20:33:36.0 (88765900)|STATEMENT_EXECUTE|[7]
20:33:36.0 (88770697)|METHOD_EXIT|[7]|HFO_TriggerDispatcher
20:33:36.0 (88795340)|METHOD_ENTRY|[8]|01p0O00000BMBGQ|HFO_TriggerDispatcher.Run(HFO_ITriggerHandler)
20:33:36.0 (88804643)|VARIABLE_SCOPE_BEGIN|[13]|handler|HFO_ITriggerHandler|true|false
20:33:36.0 (88826273)|VARIABLE_ASSIGNMENT|[13]|handler|{}|0x3b27381e
20:33:36.0 (88847475)|STATEMENT_EXECUTE|[13]
20:33:36.0 (88865910)|METHOD_ENTRY|[15]|01p0O00000BMBGa|HFO_HotFoodBrandTriggerHandler.IsDisabled()
20:33:36.0 (88914595)|VARIABLE_SCOPE_BEGIN|[49]|this|HFO_HotFoodBrandTriggerHandler|true|false
20:33:36.0 (88932557)|VARIABLE_ASSIGNMENT|[49]|this|{}|0x3b27381e
20:33:36.0 (88944512)|STATEMENT_EXECUTE|[49]
20:33:36.0 (88946572)|STATEMENT_EXECUTE|[54]
20:33:36.0 (88955255)|METHOD_EXIT|[15]|01p0O00000BMBGa|HFO_HotFoodBrandTriggerHandler.IsDisabled()
20:33:36.0 (88964117)|STATEMENT_EXECUTE|[16]
20:33:36.0 (88968530)|METHOD_EXIT|[8]|01p0O00000BMBGQ|HFO_TriggerDispatcher.Run(HFO_ITriggerHandler)
20:33:36.88 (88991458)|CUMULATIVE_LIMIT_USAGE
20:33:36.88 (88991458)|LIMIT_USAGE_FOR_NS|(default)|
  Number of SOQL queries: 0 out of 100
  Number of query rows: 0 out of 50000
  Number of SOSL queries: 0 out of 20
  Number of DML statements: 2 out of 150
  Number of DML rows: 2 out of 10000
  Maximum CPU time: 0 out of 10000
  Maximum heap size: 0 out of 6000000
  Number of callouts: 0 out of 100
  Number of Email Invocations: 0 out of 10
  Number of future calls: 0 out of 50
  Number of queueable jobs added to the queue: 0 out of 50
  Number of Mobile Apex push calls: 0 out of 10

20:33:36.88 (88991458)|CUMULATIVE_LIMIT_USAGE_END

20:33:36.0 (89792791)|CODE_UNIT_FINISHED|HFO_HotFoodBrandTrigger on HotFoodBrand trigger event BeforeUpdate|__sfdc_trigger/HFO_HotFoodBrandTrigger
20:33:36.0 (96038871)|DML_END|[18]
20:33:36.0 (96055235)|STATEMENT_EXECUTE|[19]
20:33:36.0 (96061932)|HEAP_ALLOCATE|[19]|Bytes:42
20:33:36.0 (96151827)|HEAP_ALLOCATE|[19]|Bytes:18
20:33:36.0 (96174266)|HEAP_ALLOCATE|[19]|Bytes:60
20:33:36.0 (96199497)|USER_DEBUG|[19]|DEBUG|Test HotFoodBrand record has been created a010O00002EWKu5QAH
20:33:36.96 (96214980)|CUMULATIVE_LIMIT_USAGE
20:33:36.96 (96214980)|LIMIT_USAGE_FOR_NS|(default)|
  Number of SOQL queries: 0 out of 100
  Number of query rows: 0 out of 50000
  Number of SOSL queries: 0 out of 20
  Number of DML statements: 2 out of 150
  Number of DML rows: 2 out of 10000
  Maximum CPU time: 0 out of 10000
  Maximum heap size: 0 out of 6000000
  Number of callouts: 0 out of 100
  Number of Email Invocations: 0 out of 10
  Number of future calls: 0 out of 50
  Number of queueable jobs added to the queue: 0 out of 50
  Number of Mobile Apex push calls: 0 out of 10

20:33:36.96 (96214980)|CUMULATIVE_LIMIT_USAGE_END

20:33:36.0 (96241854)|CODE_UNIT_FINISHED|HFO_HotFoodBrandTriggerTest.updateHotFoodBrandName()
20:33:36.0 (97055827)|EXECUTION_FINISHED
