43.0 APEX_CODE,FINEST;APEX_PROFILING,INFO;CALLOUT,INFO;DB,INFO;NBA,INFO;SYSTEM,DEBUG;VALIDATION,INFO;VISUALFORCE,INFO;WAVE,INFO;WORKFLOW,INFO
00:52:09.0 (84727)|USER_INFO|[EXTERNAL]|0050O0000072vcM|himanshu232@hotmail.com|Greenwich Mean Time|GMT+01:00
00:52:09.0 (147018)|EXECUTION_STARTED
00:52:09.0 (151920)|CODE_UNIT_STARTED|[EXTERNAL]|Aura
00:52:09.0 (1490479)|CODE_UNIT_STARTED|[EXTERNAL]|01p0O00000BMBHd|HotFoodBrandController.getBrands()
00:52:09.0 (1636489)|HEAP_ALLOCATE|[72]|Bytes:3
00:52:09.0 (1687190)|HEAP_ALLOCATE|[77]|Bytes:152
00:52:09.0 (1708760)|HEAP_ALLOCATE|[342]|Bytes:408
00:52:09.0 (1724950)|HEAP_ALLOCATE|[355]|Bytes:408
00:52:09.0 (1737168)|HEAP_ALLOCATE|[467]|Bytes:48
00:52:09.0 (1762742)|HEAP_ALLOCATE|[139]|Bytes:6
00:52:09.0 (1819873)|HEAP_ALLOCATE|[EXTERNAL]|Bytes:1
00:52:09.0 (1832813)|METHOD_ENTRY|[1]|01p0O00000BMBHd|HotFoodBrandController.HotFoodBrandController()
00:52:09.0 (1839717)|STATEMENT_EXECUTE|[1]
00:52:09.0 (1845026)|STATEMENT_EXECUTE|[1]
00:52:09.0 (1850031)|METHOD_EXIT|[1]|HotFoodBrandController
00:52:09.0 (1862763)|SYSTEM_MODE_ENTER|false
00:52:09.0 (1871986)|STATEMENT_EXECUTE|[3]
00:52:09.0 (1873697)|STATEMENT_EXECUTE|[5]
00:52:09.0 (1876931)|HEAP_ALLOCATE|[5]|Bytes:66
00:52:09.0 (1895615)|HEAP_ALLOCATE|[5]|Bytes:4
00:52:09.0 (1936842)|HEAP_ALLOCATE|[50]|Bytes:5
00:52:09.0 (1958437)|HEAP_ALLOCATE|[56]|Bytes:5
00:52:09.0 (1966923)|HEAP_ALLOCATE|[64]|Bytes:7
00:52:09.0 (2241427)|SOQL_EXECUTE_BEGIN|[5]|Aggregations:0|SELECT Id, name FROM HotFoodBrand__c ORDER BY name ASC NULLS FIRST
00:52:09.0 (4167681)|SOQL_EXECUTE_END|[5]|Rows:8
00:52:09.0 (4190039)|HEAP_ALLOCATE|[5]|Bytes:36
00:52:09.0 (4216355)|HEAP_ALLOCATE|[5]|Bytes:389
00:52:09.0 (4303807)|HEAP_ALLOCATE|[5]|Bytes:36
00:52:09.0 (4317330)|SYSTEM_MODE_EXIT|false
00:52:09.4 (4345025)|CUMULATIVE_LIMIT_USAGE
00:52:09.4 (4345025)|LIMIT_USAGE_FOR_NS|(default)|
  Number of SOQL queries: 1 out of 100
  Number of query rows: 8 out of 50000
  Number of SOSL queries: 0 out of 20
  Number of DML statements: 0 out of 150
  Number of DML rows: 0 out of 10000
  Maximum CPU time: 0 out of 10000
  Maximum heap size: 0 out of 6000000
  Number of callouts: 0 out of 100
  Number of Email Invocations: 0 out of 10
  Number of future calls: 0 out of 50
  Number of queueable jobs added to the queue: 0 out of 50
  Number of Mobile Apex push calls: 0 out of 10

00:52:09.4 (4345025)|CUMULATIVE_LIMIT_USAGE_END

00:52:09.0 (4388023)|CODE_UNIT_FINISHED|HotFoodBrandController.getBrands()
00:52:09.0 (4481450)|CODE_UNIT_FINISHED|Aura
00:52:09.0 (5929971)|EXECUTION_FINISHED
