43.0 APEX_CODE,FINEST;APEX_PROFILING,INFO;CALLOUT,INFO;DB,INFO;NBA,INFO;SYSTEM,DEBUG;VALIDATION,INFO;VISUALFORCE,INFO;WAVE,INFO;WORKFLOW,INFO
01:21:06.0 (84919)|USER_INFO|[EXTERNAL]|0050O0000072vcM|himanshu232@hotmail.com|Greenwich Mean Time|GMT+01:00
01:21:06.0 (142841)|EXECUTION_STARTED
01:21:06.0 (148971)|CODE_UNIT_STARTED|[EXTERNAL]|Aura
01:21:06.0 (766713)|HEAP_ALLOCATE|[72]|Bytes:3
01:21:06.0 (824938)|HEAP_ALLOCATE|[77]|Bytes:152
01:21:06.0 (842102)|HEAP_ALLOCATE|[342]|Bytes:408
01:21:06.0 (857956)|HEAP_ALLOCATE|[355]|Bytes:408
01:21:06.0 (869596)|HEAP_ALLOCATE|[467]|Bytes:48
01:21:06.0 (892958)|HEAP_ALLOCATE|[139]|Bytes:6
01:21:06.0 (912275)|HEAP_ALLOCATE|[EXTERNAL]|Bytes:2
01:21:06.0 (919645)|HEAP_ALLOCATE|[EXTERNAL]|Bytes:2
01:21:06.0 (1611053)|CODE_UNIT_STARTED|[EXTERNAL]|01p0O00000BMBHd|HotFoodBrandController.findByBrandName(String)
01:21:06.0 (1707994)|HEAP_ALLOCATE|[EXTERNAL]|Bytes:3
01:21:06.0 (1722926)|METHOD_ENTRY|[1]|01p0O00000BMBHd|HotFoodBrandController.HotFoodBrandController()
01:21:06.0 (1729684)|STATEMENT_EXECUTE|[1]
01:21:06.0 (1735516)|STATEMENT_EXECUTE|[1]
01:21:06.0 (1740405)|METHOD_EXIT|[1]|HotFoodBrandController
01:21:06.0 (1745855)|HEAP_ALLOCATE|[EXTERNAL]|Bytes:2
01:21:06.0 (1755976)|SYSTEM_MODE_ENTER|false
01:21:06.0 (1763552)|VARIABLE_SCOPE_BEGIN|[9]|searchKey|String|false|false
01:21:06.0 (1788156)|VARIABLE_ASSIGNMENT|[9]|searchKey|"j "
01:21:06.0 (1798828)|STATEMENT_EXECUTE|[9]
01:21:06.0 (1801043)|STATEMENT_EXECUTE|[10]
01:21:06.0 (1804995)|HEAP_ALLOCATE|[10]|Bytes:1
01:21:06.0 (1819289)|HEAP_ALLOCATE|[10]|Bytes:4
01:21:06.0 (1826546)|VARIABLE_SCOPE_BEGIN|[10]|brandname|String|false|false
01:21:06.0 (1838489)|VARIABLE_ASSIGNMENT|[10]|brandname|"%j %"
01:21:06.0 (1842888)|STATEMENT_EXECUTE|[11]
01:21:06.0 (1845317)|HEAP_ALLOCATE|[11]|Bytes:61
01:21:06.0 (1869322)|HEAP_ALLOCATE|[11]|Bytes:4
01:21:06.0 (1881669)|HEAP_ALLOCATE|[11]|Bytes:7
01:21:06.0 (1924309)|HEAP_ALLOCATE|[50]|Bytes:5
01:21:06.0 (1948282)|HEAP_ALLOCATE|[56]|Bytes:5
01:21:06.0 (1956164)|HEAP_ALLOCATE|[64]|Bytes:7
01:21:06.0 (2255869)|SOQL_EXECUTE_BEGIN|[11]|Aggregations:0|SELECT id, name FROM HotFoodBrand__c WHERE name LIKE :tmpVar1
01:21:06.0 (7197527)|SOQL_EXECUTE_END|[11]|Rows:1
01:21:06.0 (7220147)|HEAP_ALLOCATE|[11]|Bytes:8
01:21:06.0 (7239223)|HEAP_ALLOCATE|[11]|Bytes:52
01:21:06.0 (7336026)|HEAP_ALLOCATE|[11]|Bytes:8
01:21:06.0 (7350683)|SYSTEM_MODE_EXIT|false
01:21:06.7 (7375240)|CUMULATIVE_LIMIT_USAGE
01:21:06.7 (7375240)|LIMIT_USAGE_FOR_NS|(default)|
  Number of SOQL queries: 1 out of 100
  Number of query rows: 1 out of 50000
  Number of SOSL queries: 0 out of 20
  Number of DML statements: 0 out of 150
  Number of DML rows: 0 out of 10000
  Maximum CPU time: 0 out of 10000
  Maximum heap size: 0 out of 6000000
  Number of callouts: 0 out of 100
  Number of Email Invocations: 0 out of 10
  Number of future calls: 0 out of 50
  Number of queueable jobs added to the queue: 0 out of 50
  Number of Mobile Apex push calls: 0 out of 10

01:21:06.7 (7375240)|CUMULATIVE_LIMIT_USAGE_END

01:21:06.0 (7417229)|CODE_UNIT_FINISHED|HotFoodBrandController.findByBrandName(String)
01:21:06.0 (7485589)|CODE_UNIT_FINISHED|Aura
01:21:06.0 (8600240)|EXECUTION_FINISHED
D
