43.0 APEX_CODE,FINEST;APEX_PROFILING,INFO;CALLOUT,INFO;DB,INFO;NBA,INFO;SYSTEM,DEBUG;VALIDATION,INFO;VISUALFORCE,INFO;WAVE,INFO;WORKFLOW,INFO
01:21:34.0 (84356)|USER_INFO|[EXTERNAL]|0050O0000072vcM|himanshu232@hotmail.com|Greenwich Mean Time|GMT+01:00
01:21:34.0 (144071)|EXECUTION_STARTED
01:21:34.0 (149933)|CODE_UNIT_STARTED|[EXTERNAL]|Aura
01:21:34.0 (784611)|HEAP_ALLOCATE|[72]|Bytes:3
01:21:34.0 (836745)|HEAP_ALLOCATE|[77]|Bytes:152
01:21:34.0 (852730)|HEAP_ALLOCATE|[342]|Bytes:408
01:21:34.0 (868680)|HEAP_ALLOCATE|[355]|Bytes:408
01:21:34.0 (881412)|HEAP_ALLOCATE|[467]|Bytes:48
01:21:34.0 (904292)|HEAP_ALLOCATE|[139]|Bytes:6
01:21:34.0 (1654892)|CODE_UNIT_STARTED|[EXTERNAL]|01p0O00000BMBHd|HotFoodBrandController.findByBrandName(String)
01:21:34.0 (1752666)|HEAP_ALLOCATE|[EXTERNAL]|Bytes:3
01:21:34.0 (1767308)|METHOD_ENTRY|[1]|01p0O00000BMBHd|HotFoodBrandController.HotFoodBrandController()
01:21:34.0 (1774323)|STATEMENT_EXECUTE|[1]
01:21:34.0 (1779726)|STATEMENT_EXECUTE|[1]
01:21:34.0 (1784516)|METHOD_EXIT|[1]|HotFoodBrandController
01:21:34.0 (1797526)|SYSTEM_MODE_ENTER|false
01:21:34.0 (1805808)|VARIABLE_SCOPE_BEGIN|[9]|searchKey|String|false|false
01:21:34.0 (1828803)|VARIABLE_ASSIGNMENT|[9]|searchKey|""
01:21:34.0 (1839380)|STATEMENT_EXECUTE|[9]
01:21:34.0 (1841170)|STATEMENT_EXECUTE|[10]
01:21:34.0 (1845395)|HEAP_ALLOCATE|[10]|Bytes:1
01:21:34.0 (1859477)|HEAP_ALLOCATE|[10]|Bytes:2
01:21:34.0 (1866399)|VARIABLE_SCOPE_BEGIN|[10]|brandname|String|false|false
01:21:34.0 (1878708)|VARIABLE_ASSIGNMENT|[10]|brandname|"%%"
01:21:34.0 (1883420)|STATEMENT_EXECUTE|[11]
01:21:34.0 (1886100)|HEAP_ALLOCATE|[11]|Bytes:61
01:21:34.0 (1904971)|HEAP_ALLOCATE|[11]|Bytes:4
01:21:34.0 (1916357)|HEAP_ALLOCATE|[11]|Bytes:7
01:21:34.0 (1960821)|HEAP_ALLOCATE|[50]|Bytes:5
01:21:34.0 (1983609)|HEAP_ALLOCATE|[56]|Bytes:5
01:21:34.0 (1991804)|HEAP_ALLOCATE|[64]|Bytes:7
01:21:34.0 (2299400)|SOQL_EXECUTE_BEGIN|[11]|Aggregations:0|SELECT id, name FROM HotFoodBrand__c WHERE name LIKE :tmpVar1
01:21:34.0 (4180413)|SOQL_EXECUTE_END|[11]|Rows:8
01:21:34.0 (4202754)|HEAP_ALLOCATE|[11]|Bytes:36
01:21:34.0 (4224828)|HEAP_ALLOCATE|[11]|Bytes:389
01:21:34.0 (4304920)|HEAP_ALLOCATE|[11]|Bytes:36
01:21:34.0 (4318449)|SYSTEM_MODE_EXIT|false
01:21:34.4 (4344933)|CUMULATIVE_LIMIT_USAGE
01:21:34.4 (4344933)|LIMIT_USAGE_FOR_NS|(default)|
  Number of SOQL queries: 1 out of 100
  Number of query rows: 8 out of 50000
  Number of SOSL queries: 0 out of 20
  Number of DML statements: 0 out of 150
  Number of DML rows: 0 out of 10000
  Maximum CPU time: 0 out of 10000
  Maximum heap size: 0 out of 6000000
  Number of callouts: 0 out of 100
  Number of Email Invocations: 0 out of 10
  Number of future calls: 0 out of 50
  Number of queueable jobs added to the queue: 0 out of 50
  Number of Mobile Apex push calls: 0 out of 10

01:21:34.4 (4344933)|CUMULATIVE_LIMIT_USAGE_END

01:21:34.0 (4392012)|CODE_UNIT_FINISHED|HotFoodBrandController.findByBrandName(String)
01:21:34.0 (4483275)|CODE_UNIT_FINISHED|Aura
01:21:34.0 (5580718)|EXECUTION_FINISHED
