43.0 APEX_CODE,FINEST;APEX_PROFILING,INFO;CALLOUT,INFO;DB,INFO;NBA,INFO;SYSTEM,DEBUG;VALIDATION,INFO;VISUALFORCE,INFO;WAVE,INFO;WORKFLOW,INFO
01:24:40.0 (84023)|USER_INFO|[EXTERNAL]|0050O0000072vcM|himanshu232@hotmail.com|Greenwich Mean Time|GMT+01:00
01:24:40.0 (156671)|EXECUTION_STARTED
01:24:40.0 (161708)|CODE_UNIT_STARTED|[EXTERNAL]|Aura
01:24:40.0 (774703)|HEAP_ALLOCATE|[72]|Bytes:3
01:24:40.0 (829800)|HEAP_ALLOCATE|[77]|Bytes:152
01:24:40.0 (853354)|HEAP_ALLOCATE|[342]|Bytes:408
01:24:40.0 (881656)|HEAP_ALLOCATE|[355]|Bytes:408
01:24:40.0 (906249)|HEAP_ALLOCATE|[467]|Bytes:48
01:24:40.0 (941386)|HEAP_ALLOCATE|[139]|Bytes:6
01:24:40.0 (970844)|HEAP_ALLOCATE|[EXTERNAL]|Bytes:1
01:24:40.0 (982106)|HEAP_ALLOCATE|[EXTERNAL]|Bytes:1
01:24:40.0 (1724511)|CODE_UNIT_STARTED|[EXTERNAL]|01p0O00000BMBHd|HotFoodBrandController.findByBrandName(String)
01:24:40.0 (1814035)|HEAP_ALLOCATE|[EXTERNAL]|Bytes:3
01:24:40.0 (1828147)|METHOD_ENTRY|[1]|01p0O00000BMBHd|HotFoodBrandController.HotFoodBrandController()
01:24:40.0 (1835478)|STATEMENT_EXECUTE|[1]
01:24:40.0 (1841340)|STATEMENT_EXECUTE|[1]
01:24:40.0 (1846337)|METHOD_EXIT|[1]|HotFoodBrandController
01:24:40.0 (1851922)|HEAP_ALLOCATE|[EXTERNAL]|Bytes:1
01:24:40.0 (1863332)|SYSTEM_MODE_ENTER|false
01:24:40.0 (1870842)|VARIABLE_SCOPE_BEGIN|[9]|searchKey|String|false|false
01:24:40.0 (1892335)|VARIABLE_ASSIGNMENT|[9]|searchKey|"g"
01:24:40.0 (1903641)|STATEMENT_EXECUTE|[9]
01:24:40.0 (1905558)|STATEMENT_EXECUTE|[10]
01:24:40.0 (1909418)|HEAP_ALLOCATE|[10]|Bytes:1
01:24:40.0 (1923704)|HEAP_ALLOCATE|[10]|Bytes:3
01:24:40.0 (1930547)|VARIABLE_SCOPE_BEGIN|[10]|brandname|String|false|false
01:24:40.0 (1942876)|VARIABLE_ASSIGNMENT|[10]|brandname|"%g%"
01:24:40.0 (1947482)|STATEMENT_EXECUTE|[11]
01:24:40.0 (1949904)|HEAP_ALLOCATE|[11]|Bytes:61
01:24:40.0 (1973402)|HEAP_ALLOCATE|[11]|Bytes:4
01:24:40.0 (1985698)|HEAP_ALLOCATE|[11]|Bytes:7
01:24:40.0 (2029384)|HEAP_ALLOCATE|[50]|Bytes:5
01:24:40.0 (2053139)|HEAP_ALLOCATE|[56]|Bytes:5
01:24:40.0 (2060768)|HEAP_ALLOCATE|[64]|Bytes:7
01:24:40.0 (2351563)|SOQL_EXECUTE_BEGIN|[11]|Aggregations:0|SELECT id, name FROM HotFoodBrand__c WHERE name LIKE :tmpVar1
01:24:40.0 (6977252)|SOQL_EXECUTE_END|[11]|Rows:3
01:24:40.0 (7000441)|HEAP_ALLOCATE|[11]|Bytes:16
01:24:40.0 (7023467)|HEAP_ALLOCATE|[11]|Bytes:163
01:24:40.0 (7138410)|HEAP_ALLOCATE|[11]|Bytes:16
01:24:40.0 (7155901)|SYSTEM_MODE_EXIT|false
01:24:40.7 (7184378)|CUMULATIVE_LIMIT_USAGE
01:24:40.7 (7184378)|LIMIT_USAGE_FOR_NS|(default)|
  Number of SOQL queries: 1 out of 100
  Number of query rows: 3 out of 50000
  Number of SOSL queries: 0 out of 20
  Number of DML statements: 0 out of 150
  Number of DML rows: 0 out of 10000
  Maximum CPU time: 0 out of 10000
  Maximum heap size: 0 out of 6000000
  Number of callouts: 0 out of 100
  Number of Email Invocations: 0 out of 10
  Number of future calls: 0 out of 50
  Number of queueable jobs added to the queue: 0 out of 50
  Number of Mobile Apex push calls: 0 out of 10

01:24:40.7 (7184378)|CUMULATIVE_LIMIT_USAGE_END

01:24:40.0 (7232117)|CODE_UNIT_FINISHED|HotFoodBrandController.findByBrandName(String)
01:24:40.0 (7302682)|CODE_UNIT_FINISHED|Aura
01:24:40.0 (8317887)|EXECUTION_FINISHED
