43.0 APEX_CODE,FINEST;APEX_PROFILING,INFO;CALLOUT,INFO;DB,INFO;NBA,INFO;SYSTEM,DEBUG;VALIDATION,INFO;VISUALFORCE,INFO;WAVE,INFO;WORKFLOW,INFO
00:37:21.0 (83877)|USER_INFO|[EXTERNAL]|0050O0000072vcM|himanshu232@hotmail.com|Greenwich Mean Time|GMT+01:00
00:37:21.0 (149196)|EXECUTION_STARTED
00:37:21.0 (155618)|CODE_UNIT_STARTED|[EXTERNAL]|Aura
00:37:21.0 (1205921)|CODE_UNIT_STARTED|[EXTERNAL]|01p0O00000BMBHd|HotFoodBrandController.getBrands()
00:37:21.0 (1357725)|HEAP_ALLOCATE|[72]|Bytes:3
00:37:21.0 (1414196)|HEAP_ALLOCATE|[77]|Bytes:152
00:37:21.0 (1430764)|HEAP_ALLOCATE|[342]|Bytes:408
00:37:21.0 (1447261)|HEAP_ALLOCATE|[355]|Bytes:408
00:37:21.0 (1459051)|HEAP_ALLOCATE|[467]|Bytes:48
00:37:21.0 (1484921)|HEAP_ALLOCATE|[139]|Bytes:6
00:37:21.0 (1542576)|HEAP_ALLOCATE|[EXTERNAL]|Bytes:1
00:37:21.0 (1556078)|METHOD_ENTRY|[1]|01p0O00000BMBHd|HotFoodBrandController.HotFoodBrandController()
00:37:21.0 (1562659)|STATEMENT_EXECUTE|[1]
00:37:21.0 (1568636)|STATEMENT_EXECUTE|[1]
00:37:21.0 (1573121)|METHOD_EXIT|[1]|HotFoodBrandController
00:37:21.0 (1587359)|SYSTEM_MODE_ENTER|false
00:37:21.0 (1596939)|STATEMENT_EXECUTE|[3]
00:37:21.0 (1598846)|STATEMENT_EXECUTE|[5]
00:37:21.0 (1602483)|HEAP_ALLOCATE|[5]|Bytes:66
00:37:21.0 (1627438)|HEAP_ALLOCATE|[5]|Bytes:4
00:37:21.0 (1665179)|HEAP_ALLOCATE|[50]|Bytes:5
00:37:21.0 (1689082)|HEAP_ALLOCATE|[56]|Bytes:5
00:37:21.0 (1697026)|HEAP_ALLOCATE|[64]|Bytes:7
00:37:21.0 (1993957)|SOQL_EXECUTE_BEGIN|[5]|Aggregations:0|SELECT Id, name FROM HotFoodBrand__c ORDER BY name ASC NULLS FIRST
00:37:21.0 (5036091)|SOQL_EXECUTE_END|[5]|Rows:8
00:37:21.0 (5059627)|HEAP_ALLOCATE|[5]|Bytes:36
00:37:21.0 (5086273)|HEAP_ALLOCATE|[5]|Bytes:389
00:37:21.0 (5182313)|HEAP_ALLOCATE|[5]|Bytes:36
00:37:21.0 (5196170)|SYSTEM_MODE_EXIT|false
00:37:21.5 (5220194)|CUMULATIVE_LIMIT_USAGE
00:37:21.5 (5220194)|LIMIT_USAGE_FOR_NS|(default)|
  Number of SOQL queries: 1 out of 100
  Number of query rows: 8 out of 50000
  Number of SOSL queries: 0 out of 20
  Number of DML statements: 0 out of 150
  Number of DML rows: 0 out of 10000
  Maximum CPU time: 0 out of 10000
  Maximum heap size: 0 out of 6000000
  Number of callouts: 0 out of 100
  Number of Email Invocations: 0 out of 10
  Number of future calls: 0 out of 50
  Number of queueable jobs added to the queue: 0 out of 50
  Number of Mobile Apex push calls: 0 out of 10

00:37:21.5 (5220194)|CUMULATIVE_LIMIT_USAGE_END

00:37:21.0 (5260188)|CODE_UNIT_FINISHED|HotFoodBrandController.getBrands()
00:37:21.0 (5346708)|CODE_UNIT_FINISHED|Aura
00:37:21.0 (6380712)|EXECUTION_FINISHED
