43.0 APEX_CODE,FINEST;APEX_PROFILING,INFO;CALLOUT,INFO;DB,INFO;NBA,INFO;SYSTEM,DEBUG;VALIDATION,INFO;VISUALFORCE,INFO;WAVE,INFO;WORKFLOW,INFO
01:21:32.0 (69722)|USER_INFO|[EXTERNAL]|0050O0000072vcM|himanshu232@hotmail.com|Greenwich Mean Time|GMT+01:00
01:21:32.0 (118182)|EXECUTION_STARTED
01:21:32.0 (122951)|CODE_UNIT_STARTED|[EXTERNAL]|Aura
01:21:32.0 (660541)|HEAP_ALLOCATE|[72]|Bytes:3
01:21:32.0 (702388)|HEAP_ALLOCATE|[77]|Bytes:152
01:21:32.0 (718347)|HEAP_ALLOCATE|[342]|Bytes:408
01:21:32.0 (733966)|HEAP_ALLOCATE|[355]|Bytes:408
01:21:32.0 (746428)|HEAP_ALLOCATE|[467]|Bytes:48
01:21:32.0 (767412)|HEAP_ALLOCATE|[139]|Bytes:6
01:21:32.0 (784430)|HEAP_ALLOCATE|[EXTERNAL]|Bytes:3
01:21:32.0 (791151)|HEAP_ALLOCATE|[EXTERNAL]|Bytes:3
01:21:32.0 (1763100)|CODE_UNIT_STARTED|[EXTERNAL]|01p0O00000BMBHd|HotFoodBrandController.findByBrandName(String)
01:21:32.0 (1839010)|HEAP_ALLOCATE|[EXTERNAL]|Bytes:3
01:21:32.0 (1851153)|METHOD_ENTRY|[1]|01p0O00000BMBHd|HotFoodBrandController.HotFoodBrandController()
01:21:32.0 (1857531)|STATEMENT_EXECUTE|[1]
01:21:32.0 (1861904)|STATEMENT_EXECUTE|[1]
01:21:32.0 (1866269)|METHOD_EXIT|[1]|HotFoodBrandController
01:21:32.0 (1871306)|HEAP_ALLOCATE|[EXTERNAL]|Bytes:3
01:21:32.0 (1880318)|SYSTEM_MODE_ENTER|false
01:21:32.0 (1886816)|VARIABLE_SCOPE_BEGIN|[9]|searchKey|String|false|false
01:21:32.0 (1905179)|VARIABLE_ASSIGNMENT|[9]|searchKey|"gou"
01:21:32.0 (1913277)|STATEMENT_EXECUTE|[9]
01:21:32.0 (1915092)|STATEMENT_EXECUTE|[10]
01:21:32.0 (1918794)|HEAP_ALLOCATE|[10]|Bytes:1
01:21:32.0 (1930295)|HEAP_ALLOCATE|[10]|Bytes:5
01:21:32.0 (1936363)|VARIABLE_SCOPE_BEGIN|[10]|brandname|String|false|false
01:21:32.0 (1948289)|VARIABLE_ASSIGNMENT|[10]|brandname|"%gou%"
01:21:32.0 (1952641)|STATEMENT_EXECUTE|[11]
01:21:32.0 (1954817)|HEAP_ALLOCATE|[11]|Bytes:61
01:21:32.0 (1971793)|HEAP_ALLOCATE|[11]|Bytes:4
01:21:32.0 (1981207)|HEAP_ALLOCATE|[11]|Bytes:7
01:21:32.0 (2018148)|HEAP_ALLOCATE|[50]|Bytes:5
01:21:32.0 (2040038)|HEAP_ALLOCATE|[56]|Bytes:5
01:21:32.0 (2047731)|HEAP_ALLOCATE|[64]|Bytes:7
01:21:32.0 (2319066)|SOQL_EXECUTE_BEGIN|[11]|Aggregations:0|SELECT id, name FROM HotFoodBrand__c WHERE name LIKE :tmpVar1
01:21:32.0 (6346852)|SOQL_EXECUTE_END|[11]|Rows:1
01:21:32.0 (6373423)|HEAP_ALLOCATE|[11]|Bytes:8
01:21:32.0 (6390550)|HEAP_ALLOCATE|[11]|Bytes:68
01:21:32.0 (6461554)|HEAP_ALLOCATE|[11]|Bytes:8
01:21:32.0 (6474144)|SYSTEM_MODE_EXIT|false
01:21:32.6 (6493807)|CUMULATIVE_LIMIT_USAGE
01:21:32.6 (6493807)|LIMIT_USAGE_FOR_NS|(default)|
  Number of SOQL queries: 1 out of 100
  Number of query rows: 1 out of 50000
  Number of SOSL queries: 0 out of 20
  Number of DML statements: 0 out of 150
  Number of DML rows: 0 out of 10000
  Maximum CPU time: 0 out of 10000
  Maximum heap size: 0 out of 6000000
  Number of callouts: 0 out of 100
  Number of Email Invocations: 0 out of 10
  Number of future calls: 0 out of 50
  Number of queueable jobs added to the queue: 0 out of 50
  Number of Mobile Apex push calls: 0 out of 10

01:21:32.6 (6493807)|CUMULATIVE_LIMIT_USAGE_END

01:21:32.0 (6522788)|CODE_UNIT_FINISHED|HotFoodBrandController.findByBrandName(String)
01:21:32.0 (6574999)|CODE_UNIT_FINISHED|Aura
01:21:32.0 (7890021)|EXECUTION_FINISHED
