43.0 APEX_CODE,FINEST;APEX_PROFILING,INFO;CALLOUT,INFO;DB,INFO;NBA,INFO;SYSTEM,DEBUG;VALIDATION,INFO;VISUALFORCE,INFO;WAVE,INFO;WORKFLOW,INFO
00:37:06.0 (350031)|USER_INFO|[EXTERNAL]|0050O0000072vcM|himanshu232@hotmail.com|Greenwich Mean Time|GMT+01:00
00:37:06.0 (409507)|EXECUTION_STARTED
00:37:06.0 (415386)|CODE_UNIT_STARTED|[EXTERNAL]|Aura
00:37:06.0 (2959440)|CODE_UNIT_STARTED|[EXTERNAL]|01p0O00000BMBHd|HotFoodBrandController.getBrands()
00:37:06.0 (3293102)|HEAP_ALLOCATE|[72]|Bytes:3
00:37:06.0 (3350082)|HEAP_ALLOCATE|[77]|Bytes:152
00:37:06.0 (3367118)|HEAP_ALLOCATE|[342]|Bytes:408
00:37:06.0 (3383489)|HEAP_ALLOCATE|[355]|Bytes:408
00:37:06.0 (3395613)|HEAP_ALLOCATE|[467]|Bytes:48
00:37:06.0 (3427641)|HEAP_ALLOCATE|[139]|Bytes:6
00:37:06.0 (3444336)|HEAP_ALLOCATE|[EXTERNAL]|Bytes:1
00:37:06.0 (3479900)|METHOD_ENTRY|[1]|01p0O00000BMBHd|HotFoodBrandController.HotFoodBrandController()
00:37:06.0 (3487840)|STATEMENT_EXECUTE|[1]
00:37:06.0 (3493928)|STATEMENT_EXECUTE|[1]
00:37:06.0 (3498700)|METHOD_EXIT|[1]|HotFoodBrandController
00:37:06.0 (3511317)|SYSTEM_MODE_ENTER|false
00:37:06.0 (3520813)|STATEMENT_EXECUTE|[3]
00:37:06.0 (3522749)|STATEMENT_EXECUTE|[5]
00:37:06.0 (3526433)|HEAP_ALLOCATE|[5]|Bytes:66
00:37:06.0 (3548967)|HEAP_ALLOCATE|[5]|Bytes:4
00:37:06.0 (3590729)|HEAP_ALLOCATE|[50]|Bytes:5
00:37:06.0 (3614406)|HEAP_ALLOCATE|[56]|Bytes:5
00:37:06.0 (3622883)|HEAP_ALLOCATE|[64]|Bytes:7
00:37:06.0 (3881577)|SOQL_EXECUTE_BEGIN|[5]|Aggregations:0|SELECT Id, name FROM HotFoodBrand__c ORDER BY name ASC NULLS FIRST
00:37:06.0 (20109256)|SOQL_EXECUTE_END|[5]|Rows:8
00:37:06.0 (20135533)|HEAP_ALLOCATE|[5]|Bytes:36
00:37:06.0 (20161738)|HEAP_ALLOCATE|[5]|Bytes:389
00:37:06.0 (20197502)|HEAP_ALLOCATE|[5]|Bytes:36
00:37:06.0 (20231555)|SYSTEM_MODE_EXIT|false
00:37:06.20 (20263526)|CUMULATIVE_LIMIT_USAGE
00:37:06.20 (20263526)|LIMIT_USAGE_FOR_NS|(default)|
  Number of SOQL queries: 1 out of 100
  Number of query rows: 8 out of 50000
  Number of SOSL queries: 0 out of 20
  Number of DML statements: 0 out of 150
  Number of DML rows: 0 out of 10000
  Maximum CPU time: 0 out of 10000
  Maximum heap size: 0 out of 6000000
  Number of callouts: 0 out of 100
  Number of Email Invocations: 0 out of 10
  Number of future calls: 0 out of 50
  Number of queueable jobs added to the queue: 0 out of 50
  Number of Mobile Apex push calls: 0 out of 10

00:37:06.20 (20263526)|CUMULATIVE_LIMIT_USAGE_END

00:37:06.0 (20305284)|CODE_UNIT_FINISHED|HotFoodBrandController.getBrands()
00:37:06.0 (20388978)|CODE_UNIT_FINISHED|Aura
00:37:06.0 (21491606)|EXECUTION_FINISHED
