43.0 APEX_CODE,FINEST;APEX_PROFILING,INFO;CALLOUT,INFO;DB,INFO;NBA,INFO;SYSTEM,DEBUG;VALIDATION,INFO;VISUALFORCE,INFO;WAVE,INFO;WORKFLOW,INFO
01:23:18.0 (87117)|USER_INFO|[EXTERNAL]|0050O0000072vcM|himanshu232@hotmail.com|Greenwich Mean Time|GMT+01:00
01:23:18.0 (147157)|EXECUTION_STARTED
01:23:18.0 (152123)|CODE_UNIT_STARTED|[EXTERNAL]|Aura
01:23:18.0 (802528)|HEAP_ALLOCATE|[72]|Bytes:3
01:23:18.0 (852492)|HEAP_ALLOCATE|[77]|Bytes:152
01:23:18.0 (867457)|HEAP_ALLOCATE|[342]|Bytes:408
01:23:18.0 (883390)|HEAP_ALLOCATE|[355]|Bytes:408
01:23:18.0 (895572)|HEAP_ALLOCATE|[467]|Bytes:48
01:23:18.0 (919225)|HEAP_ALLOCATE|[139]|Bytes:6
01:23:18.0 (937443)|HEAP_ALLOCATE|[EXTERNAL]|Bytes:2
01:23:18.0 (944726)|HEAP_ALLOCATE|[EXTERNAL]|Bytes:2
01:23:18.0 (1675860)|CODE_UNIT_STARTED|[EXTERNAL]|01p0O00000BMBHd|HotFoodBrandController.findByBrandName(String)
01:23:18.0 (1782713)|HEAP_ALLOCATE|[EXTERNAL]|Bytes:3
01:23:18.0 (1796236)|METHOD_ENTRY|[1]|01p0O00000BMBHd|HotFoodBrandController.HotFoodBrandController()
01:23:18.0 (1802770)|STATEMENT_EXECUTE|[1]
01:23:18.0 (1808035)|STATEMENT_EXECUTE|[1]
01:23:18.0 (1812510)|METHOD_EXIT|[1]|HotFoodBrandController
01:23:18.0 (1817812)|HEAP_ALLOCATE|[EXTERNAL]|Bytes:2
01:23:18.0 (1828556)|SYSTEM_MODE_ENTER|false
01:23:18.0 (1836096)|VARIABLE_SCOPE_BEGIN|[9]|searchKey|String|false|false
01:23:18.0 (1860060)|VARIABLE_ASSIGNMENT|[9]|searchKey|"wa"
01:23:18.0 (1868887)|STATEMENT_EXECUTE|[9]
01:23:18.0 (1870657)|STATEMENT_EXECUTE|[10]
01:23:18.0 (1874572)|HEAP_ALLOCATE|[10]|Bytes:1
01:23:18.0 (1888146)|HEAP_ALLOCATE|[10]|Bytes:4
01:23:18.0 (1894739)|VARIABLE_SCOPE_BEGIN|[10]|brandname|String|false|false
01:23:18.0 (1906089)|VARIABLE_ASSIGNMENT|[10]|brandname|"%wa%"
01:23:18.0 (1910618)|STATEMENT_EXECUTE|[11]
01:23:18.0 (1913291)|HEAP_ALLOCATE|[11]|Bytes:61
01:23:18.0 (1928546)|HEAP_ALLOCATE|[11]|Bytes:4
01:23:18.0 (1938437)|HEAP_ALLOCATE|[11]|Bytes:7
01:23:18.0 (1976486)|HEAP_ALLOCATE|[50]|Bytes:5
01:23:18.0 (1997395)|HEAP_ALLOCATE|[56]|Bytes:5
01:23:18.0 (2006076)|HEAP_ALLOCATE|[64]|Bytes:7
01:23:18.0 (2323065)|SOQL_EXECUTE_BEGIN|[11]|Aggregations:0|SELECT id, name FROM HotFoodBrand__c WHERE name LIKE :tmpVar1
01:23:18.0 (6459368)|SOQL_EXECUTE_END|[11]|Rows:1
01:23:18.0 (6481959)|HEAP_ALLOCATE|[11]|Bytes:8
01:23:18.0 (6498266)|HEAP_ALLOCATE|[11]|Bytes:45
01:23:18.0 (6574886)|HEAP_ALLOCATE|[11]|Bytes:8
01:23:18.0 (6588402)|SYSTEM_MODE_EXIT|false
01:23:18.6 (6614727)|CUMULATIVE_LIMIT_USAGE
01:23:18.6 (6614727)|LIMIT_USAGE_FOR_NS|(default)|
  Number of SOQL queries: 1 out of 100
  Number of query rows: 1 out of 50000
  Number of SOSL queries: 0 out of 20
  Number of DML statements: 0 out of 150
  Number of DML rows: 0 out of 10000
  Maximum CPU time: 0 out of 10000
  Maximum heap size: 0 out of 6000000
  Number of callouts: 0 out of 100
  Number of Email Invocations: 0 out of 10
  Number of future calls: 0 out of 50
  Number of queueable jobs added to the queue: 0 out of 50
  Number of Mobile Apex push calls: 0 out of 10

01:23:18.6 (6614727)|CUMULATIVE_LIMIT_USAGE_END

01:23:18.0 (6655289)|CODE_UNIT_FINISHED|HotFoodBrandController.findByBrandName(String)
01:23:18.0 (6729036)|CODE_UNIT_FINISHED|Aura
01:23:18.0 (7823611)|EXECUTION_FINISHED
