43.0 APEX_CODE,FINEST;APEX_PROFILING,INFO;CALLOUT,INFO;DB,INFO;NBA,INFO;SYSTEM,DEBUG;VALIDATION,INFO;VISUALFORCE,INFO;WAVE,INFO;WORKFLOW,INFO
00:39:47.0 (78285)|USER_INFO|[EXTERNAL]|0050O0000072vcM|himanshu232@hotmail.com|Greenwich Mean Time|GMT+01:00
00:39:47.0 (137951)|EXECUTION_STARTED
00:39:47.0 (143508)|CODE_UNIT_STARTED|[EXTERNAL]|Aura
00:39:47.0 (1129729)|CODE_UNIT_STARTED|[EXTERNAL]|01p0O00000BMBHd|HotFoodBrandController.getBrands()
00:39:47.0 (1286889)|HEAP_ALLOCATE|[72]|Bytes:3
00:39:47.0 (1345268)|HEAP_ALLOCATE|[77]|Bytes:152
00:39:47.0 (1367023)|HEAP_ALLOCATE|[342]|Bytes:408
00:39:47.0 (1383141)|HEAP_ALLOCATE|[355]|Bytes:408
00:39:47.0 (1395601)|HEAP_ALLOCATE|[467]|Bytes:48
00:39:47.0 (1422281)|HEAP_ALLOCATE|[139]|Bytes:6
00:39:47.0 (1482859)|HEAP_ALLOCATE|[EXTERNAL]|Bytes:1
00:39:47.0 (1495558)|METHOD_ENTRY|[1]|01p0O00000BMBHd|HotFoodBrandController.HotFoodBrandController()
00:39:47.0 (1502384)|STATEMENT_EXECUTE|[1]
00:39:47.0 (1508742)|STATEMENT_EXECUTE|[1]
00:39:47.0 (1513252)|METHOD_EXIT|[1]|HotFoodBrandController
00:39:47.0 (1526242)|SYSTEM_MODE_ENTER|false
00:39:47.0 (1536012)|STATEMENT_EXECUTE|[3]
00:39:47.0 (1537944)|STATEMENT_EXECUTE|[5]
00:39:47.0 (1541532)|HEAP_ALLOCATE|[5]|Bytes:66
00:39:47.0 (1566618)|HEAP_ALLOCATE|[5]|Bytes:4
00:39:47.0 (1606582)|HEAP_ALLOCATE|[50]|Bytes:5
00:39:47.0 (1630347)|HEAP_ALLOCATE|[56]|Bytes:5
00:39:47.0 (1638383)|HEAP_ALLOCATE|[64]|Bytes:7
00:39:47.0 (1924555)|SOQL_EXECUTE_BEGIN|[5]|Aggregations:0|SELECT Id, name FROM HotFoodBrand__c ORDER BY name ASC NULLS FIRST
00:39:47.0 (3714470)|SOQL_EXECUTE_END|[5]|Rows:8
00:39:47.0 (3736853)|HEAP_ALLOCATE|[5]|Bytes:36
00:39:47.0 (3762927)|HEAP_ALLOCATE|[5]|Bytes:389
00:39:47.0 (3856074)|HEAP_ALLOCATE|[5]|Bytes:36
00:39:47.0 (3870369)|SYSTEM_MODE_EXIT|false
00:39:47.3 (3895305)|CUMULATIVE_LIMIT_USAGE
00:39:47.3 (3895305)|LIMIT_USAGE_FOR_NS|(default)|
  Number of SOQL queries: 1 out of 100
  Number of query rows: 8 out of 50000
  Number of SOSL queries: 0 out of 20
  Number of DML statements: 0 out of 150
  Number of DML rows: 0 out of 10000
  Maximum CPU time: 0 out of 10000
  Maximum heap size: 0 out of 6000000
  Number of callouts: 0 out of 100
  Number of Email Invocations: 0 out of 10
  Number of future calls: 0 out of 50
  Number of queueable jobs added to the queue: 0 out of 50
  Number of Mobile Apex push calls: 0 out of 10

00:39:47.3 (3895305)|CUMULATIVE_LIMIT_USAGE_END

00:39:47.0 (3934956)|CODE_UNIT_FINISHED|HotFoodBrandController.getBrands()
00:39:47.0 (4024063)|CODE_UNIT_FINISHED|Aura
00:39:47.0 (5022125)|EXECUTION_FINISHED
