36.0 APEX_CODE,FINEST;APEX_PROFILING,INFO;CALLOUT,INFO;DB,INFO;NBA,INFO;SYSTEM,DEBUG;VALIDATION,INFO;VISUALFORCE,INFO;WAVE,INFO;WORKFLOW,INFO
20:47:49.0 (722053)|USER_INFO|[EXTERNAL]|0050O0000072vcM|himanshu232@hotmail.com|Greenwich Mean Time|GMT+01:00
20:47:49.0 (904021)|EXECUTION_STARTED
20:47:49.0 (911204)|CODE_UNIT_STARTED|[EXTERNAL]|01p0O00000BMBGp|HFO_HotFoodBrandTriggerTest.updateHotFoodBrandName()
20:47:49.0 (1712362)|HEAP_ALLOCATE|[72]|Bytes:3
20:47:49.0 (1765682)|HEAP_ALLOCATE|[77]|Bytes:152
20:47:49.0 (1784125)|HEAP_ALLOCATE|[342]|Bytes:408
20:47:49.0 (1800551)|HEAP_ALLOCATE|[355]|Bytes:408
20:47:49.0 (1812229)|HEAP_ALLOCATE|[467]|Bytes:48
20:47:49.0 (1841315)|HEAP_ALLOCATE|[139]|Bytes:6
20:47:49.0 (1857298)|HEAP_ALLOCATE|[EXTERNAL]|Bytes:17
20:47:49.0 (1898147)|METHOD_ENTRY|[9]|01p0O00000BMBGp|HFO_HotFoodBrandTriggerTest.HFO_HotFoodBrandTriggerTest()
20:47:49.0 (1905456)|STATEMENT_EXECUTE|[9]
20:47:49.0 (1911368)|STATEMENT_EXECUTE|[9]
20:47:49.0 (1922558)|METHOD_EXIT|[9]|HFO_HotFoodBrandTriggerTest
20:47:49.0 (1959919)|HEAP_ALLOCATE|[50]|Bytes:5
20:47:49.0 (1983857)|HEAP_ALLOCATE|[56]|Bytes:5
20:47:49.0 (1991860)|HEAP_ALLOCATE|[64]|Bytes:7
20:47:49.0 (2028162)|STATEMENT_EXECUTE|[12]
20:47:49.0 (2030664)|STATEMENT_EXECUTE|[14]
20:47:49.0 (2103077)|HEAP_ALLOCATE|[14]|Bytes:4
20:47:49.0 (2216566)|VARIABLE_SCOPE_BEGIN|[14]|hfb|HotFoodBrand__c|true|false
20:47:49.0 (2317683)|VARIABLE_ASSIGNMENT|[14]|hfb|{}|0xe28469a
20:47:49.0 (2325037)|STATEMENT_EXECUTE|[15]
20:47:49.0 (2328378)|HEAP_ALLOCATE|[15]|Bytes:10
20:47:49.0 (3006442)|VARIABLE_ASSIGNMENT|[15]|this.Name|"Test Brand"|0xe28469a
20:47:49.0 (3016136)|STATEMENT_EXECUTE|[16]
20:47:49.0 (3047613)|HEAP_ALLOCATE|[16]|Bytes:8
20:47:49.0 (3061296)|DML_BEGIN|[16]|Op:Insert|Type:HotFoodBrand__c|Rows:1
20:47:49.0 (3092356)|HEAP_ALLOCATE|[EXTERNAL]|Bytes:8
20:47:49.0 (30085299)|DML_END|[16]
20:47:49.0 (30101388)|STATEMENT_EXECUTE|[17]
20:47:49.0 (30106641)|HEAP_ALLOCATE|[17]|Bytes:13
20:47:49.0 (30152428)|VARIABLE_ASSIGNMENT|[17]|this.Name|"My Test Brand"|0xe28469a
20:47:49.0 (30160111)|STATEMENT_EXECUTE|[18]
20:47:49.0 (30182854)|HEAP_ALLOCATE|[18]|Bytes:8
20:47:49.0 (30190838)|DML_BEGIN|[18]|Op:Update|Type:HotFoodBrand__c|Rows:1
20:47:49.0 (30213086)|HEAP_ALLOCATE|[EXTERNAL]|Bytes:8
20:47:49.0 (94614746)|CODE_UNIT_STARTED|[EXTERNAL]|01q0O000000ScpE|HFO_HotFoodBrandTrigger on HotFoodBrand trigger event BeforeUpdate|__sfdc_trigger/HFO_HotFoodBrandTrigger
20:47:49.0 (94678281)|HEAP_ALLOCATE|[EXTERNAL]|Bytes:8
20:47:49.0 (94713025)|HEAP_ALLOCATE|[EXTERNAL]|Bytes:8
20:47:49.0 (94824260)|HEAP_ALLOCATE|[EXTERNAL]|Bytes:4
20:47:49.0 (94840077)|VARIABLE_SCOPE_BEGIN|[7]|this|HFO_HotFoodBrandTrigger|true|false
20:47:49.0 (94903949)|VARIABLE_ASSIGNMENT|[7]|this|{}|0x7cc01fc8
20:47:49.0 (94975410)|HEAP_ALLOCATE|[EXTERNAL]|Bytes:4
20:47:49.0 (94995251)|VARIABLE_SCOPE_BEGIN|[7]|this|HFO_HotFoodBrandTrigger|true|false
20:47:49.0 (95010678)|VARIABLE_ASSIGNMENT|[7]|this|{}|0x7cc01fc8
20:47:49.0 (95019471)|STATEMENT_EXECUTE|[7]
20:47:49.0 (95021604)|STATEMENT_EXECUTE|[8]
20:47:49.0 (98767897)|VARIABLE_SCOPE_BEGIN|[9]|HFO_HotFoodBrandTriggerHandler.TriggerDisabled|Boolean|false|true
20:47:49.0 (101778206)|HEAP_ALLOCATE|[8]|Bytes:23
20:47:49.0 (101791646)|HEAP_ALLOCATE|[8]|Bytes:2
20:47:49.0 (101825685)|METHOD_ENTRY|[7]|01p0O00000BMBGa|HFO_HotFoodBrandTriggerHandler.HFO_HotFoodBrandTriggerHandler()
20:47:49.0 (101833109)|STATEMENT_EXECUTE|[7]
20:47:49.0 (101836787)|STATEMENT_EXECUTE|[7]
20:47:49.0 (101838470)|STATEMENT_EXECUTE|[9]
20:47:49.0 (101854544)|HEAP_ALLOCATE|[9]|Bytes:5
20:47:49.0 (101869151)|VARIABLE_ASSIGNMENT|[9]|HFO_HotFoodBrandTriggerHandler.TriggerDisabled|false
20:47:49.0 (101878247)|METHOD_EXIT|[7]|HFO_HotFoodBrandTriggerHandler
20:47:49.0 (101891365)|HEAP_ALLOCATE|[8]|Bytes:4
20:47:49.0 (101936128)|CONSTRUCTOR_ENTRY|[8]|01p0O00000BMBGa|<init>()|HFO_HotFoodBrandTriggerHandler
20:47:49.0 (101966027)|VARIABLE_SCOPE_BEGIN|[7]|this|HFO_HotFoodBrandTriggerHandler|true|false
20:47:49.0 (102009436)|VARIABLE_ASSIGNMENT|[7]|this|{}|0x7121b9fa
20:47:49.0 (102023129)|HEAP_ALLOCATE|[EXTERNAL]|Bytes:6
20:47:49.0 (102302375)|STATEMENT_EXECUTE|[7]
20:47:49.0 (102329489)|CONSTRUCTOR_EXIT|[8]|01p0O00000BMBGa|<init>()|HFO_HotFoodBrandTriggerHandler
20:47:49.0 (103309472)|HEAP_ALLOCATE|[8]|Bytes:2
20:47:49.0 (103328976)|METHOD_ENTRY|[7]|01p0O00000BMBGQ|HFO_TriggerDispatcher.HFO_TriggerDispatcher()
20:47:49.0 (103335468)|STATEMENT_EXECUTE|[7]
20:47:49.0 (103338979)|STATEMENT_EXECUTE|[7]
20:47:49.0 (103342731)|METHOD_EXIT|[7]|HFO_TriggerDispatcher
20:47:49.0 (103383438)|METHOD_ENTRY|[8]|01p0O00000BMBGQ|HFO_TriggerDispatcher.Run(HFO_ITriggerHandler)
20:47:49.0 (103398587)|VARIABLE_SCOPE_BEGIN|[13]|handler|HFO_ITriggerHandler|true|false
20:47:49.0 (103419794)|VARIABLE_ASSIGNMENT|[13]|handler|{}|0x7121b9fa
20:47:49.0 (103441140)|STATEMENT_EXECUTE|[13]
20:47:49.0 (103459429)|METHOD_ENTRY|[15]|01p0O00000BMBGa|HFO_HotFoodBrandTriggerHandler.IsDisabled()
20:47:49.0 (103486863)|VARIABLE_SCOPE_BEGIN|[50]|this|HFO_HotFoodBrandTriggerHandler|true|false
20:47:49.0 (103501791)|VARIABLE_ASSIGNMENT|[50]|this|{}|0x7121b9fa
20:47:49.0 (103511758)|STATEMENT_EXECUTE|[50]
20:47:49.0 (103513471)|STATEMENT_EXECUTE|[55]
20:47:49.0 (103541093)|METHOD_EXIT|[15]|01p0O00000BMBGa|HFO_HotFoodBrandTriggerHandler.IsDisabled()
20:47:49.0 (103554311)|STATEMENT_EXECUTE|[16]
20:47:49.0 (103558813)|METHOD_EXIT|[8]|01p0O00000BMBGQ|HFO_TriggerDispatcher.Run(HFO_ITriggerHandler)
20:47:49.103 (103568421)|CUMULATIVE_LIMIT_USAGE
20:47:49.103 (103568421)|LIMIT_USAGE_FOR_NS|(default)|
  Number of SOQL queries: 0 out of 100
  Number of query rows: 0 out of 50000
  Number of SOSL queries: 0 out of 20
  Number of DML statements: 2 out of 150
  Number of DML rows: 2 out of 10000
  Maximum CPU time: 0 out of 10000
  Maximum heap size: 0 out of 6000000
  Number of callouts: 0 out of 100
  Number of Email Invocations: 0 out of 10
  Number of future calls: 0 out of 50
  Number of queueable jobs added to the queue: 0 out of 50
  Number of Mobile Apex push calls: 0 out of 10

20:47:49.103 (103568421)|CUMULATIVE_LIMIT_USAGE_END

20:47:49.0 (104374386)|CODE_UNIT_FINISHED|HFO_HotFoodBrandTrigger on HotFoodBrand trigger event BeforeUpdate|__sfdc_trigger/HFO_HotFoodBrandTrigger
20:47:49.0 (114437453)|DML_END|[18]
20:47:49.0 (114455542)|STATEMENT_EXECUTE|[19]
20:47:49.0 (114461859)|HEAP_ALLOCATE|[19]|Bytes:42
20:47:49.0 (114557887)|HEAP_ALLOCATE|[19]|Bytes:18
20:47:49.0 (114578137)|HEAP_ALLOCATE|[19]|Bytes:60
20:47:49.0 (114599938)|USER_DEBUG|[19]|DEBUG|Test HotFoodBrand record has been created a010O00002EWKuAQAX
20:47:49.114 (114612757)|CUMULATIVE_LIMIT_USAGE
20:47:49.114 (114612757)|LIMIT_USAGE_FOR_NS|(default)|
  Number of SOQL queries: 0 out of 100
  Number of query rows: 0 out of 50000
  Number of SOSL queries: 0 out of 20
  Number of DML statements: 2 out of 150
  Number of DML rows: 2 out of 10000
  Maximum CPU time: 0 out of 10000
  Maximum heap size: 0 out of 6000000
  Number of callouts: 0 out of 100
  Number of Email Invocations: 0 out of 10
  Number of future calls: 0 out of 50
  Number of queueable jobs added to the queue: 0 out of 50
  Number of Mobile Apex push calls: 0 out of 10

20:47:49.114 (114612757)|CUMULATIVE_LIMIT_USAGE_END

20:47:49.0 (114637644)|CODE_UNIT_FINISHED|HFO_HotFoodBrandTriggerTest.updateHotFoodBrandName()
20:47:49.0 (115362929)|EXECUTION_FINISHED
