43.0 APEX_CODE,FINEST;APEX_PROFILING,INFO;CALLOUT,INFO;DB,INFO;NBA,INFO;SYSTEM,DEBUG;VALIDATION,INFO;VISUALFORCE,INFO;WAVE,INFO;WORKFLOW,INFO
00:39:32.0 (83524)|USER_INFO|[EXTERNAL]|0050O0000072vcM|himanshu232@hotmail.com|Greenwich Mean Time|GMT+01:00
00:39:32.0 (140670)|EXECUTION_STARTED
00:39:32.0 (146804)|CODE_UNIT_STARTED|[EXTERNAL]|Aura
00:39:32.0 (1163834)|CODE_UNIT_STARTED|[EXTERNAL]|01p0O00000BMBHd|HotFoodBrandController.getBrands()
00:39:32.0 (1319856)|HEAP_ALLOCATE|[72]|Bytes:3
00:39:32.0 (1383659)|HEAP_ALLOCATE|[77]|Bytes:152
00:39:32.0 (1401270)|HEAP_ALLOCATE|[342]|Bytes:408
00:39:32.0 (1417773)|HEAP_ALLOCATE|[355]|Bytes:408
00:39:32.0 (1430580)|HEAP_ALLOCATE|[467]|Bytes:48
00:39:32.0 (1457639)|HEAP_ALLOCATE|[139]|Bytes:6
00:39:32.0 (1512063)|HEAP_ALLOCATE|[EXTERNAL]|Bytes:1
00:39:32.0 (1524995)|METHOD_ENTRY|[1]|01p0O00000BMBHd|HotFoodBrandController.HotFoodBrandController()
00:39:32.0 (1532383)|STATEMENT_EXECUTE|[1]
00:39:32.0 (1537869)|STATEMENT_EXECUTE|[1]
00:39:32.0 (1542009)|METHOD_EXIT|[1]|HotFoodBrandController
00:39:32.0 (1555134)|SYSTEM_MODE_ENTER|false
00:39:32.0 (1564738)|STATEMENT_EXECUTE|[3]
00:39:32.0 (1567039)|STATEMENT_EXECUTE|[5]
00:39:32.0 (1570466)|HEAP_ALLOCATE|[5]|Bytes:66
00:39:32.0 (1595362)|HEAP_ALLOCATE|[5]|Bytes:4
00:39:32.0 (1636087)|HEAP_ALLOCATE|[50]|Bytes:5
00:39:32.0 (1659834)|HEAP_ALLOCATE|[56]|Bytes:5
00:39:32.0 (1668010)|HEAP_ALLOCATE|[64]|Bytes:7
00:39:32.0 (1937835)|SOQL_EXECUTE_BEGIN|[5]|Aggregations:0|SELECT Id, name FROM HotFoodBrand__c ORDER BY name ASC NULLS FIRST
00:39:32.0 (3670642)|SOQL_EXECUTE_END|[5]|Rows:8
00:39:32.0 (3693248)|HEAP_ALLOCATE|[5]|Bytes:36
00:39:32.0 (3719211)|HEAP_ALLOCATE|[5]|Bytes:389
00:39:32.0 (3808068)|HEAP_ALLOCATE|[5]|Bytes:36
00:39:32.0 (3821877)|SYSTEM_MODE_EXIT|false
00:39:32.3 (3848498)|CUMULATIVE_LIMIT_USAGE
00:39:32.3 (3848498)|LIMIT_USAGE_FOR_NS|(default)|
  Number of SOQL queries: 1 out of 100
  Number of query rows: 8 out of 50000
  Number of SOSL queries: 0 out of 20
  Number of DML statements: 0 out of 150
  Number of DML rows: 0 out of 10000
  Maximum CPU time: 0 out of 10000
  Maximum heap size: 0 out of 6000000
  Number of callouts: 0 out of 100
  Number of Email Invocations: 0 out of 10
  Number of future calls: 0 out of 50
  Number of queueable jobs added to the queue: 0 out of 50
  Number of Mobile Apex push calls: 0 out of 10

00:39:32.3 (3848498)|CUMULATIVE_LIMIT_USAGE_END

00:39:32.0 (3888300)|CODE_UNIT_FINISHED|HotFoodBrandController.getBrands()
00:39:32.0 (3976119)|CODE_UNIT_FINISHED|Aura
00:39:32.0 (5094145)|EXECUTION_FINISHED
