36.0 APEX_CODE,FINEST;APEX_PROFILING,INFO;CALLOUT,INFO;DB,INFO;NBA,INFO;SYSTEM,DEBUG;VALIDATION,INFO;VISUALFORCE,INFO;WAVE,INFO;WORKFLOW,INFO
21:34:42.0 (102761)|USER_INFO|[EXTERNAL]|0050O0000072vcM|himanshu232@hotmail.com|Greenwich Mean Time|GMT+01:00
21:34:42.0 (143846)|EXECUTION_STARTED
21:34:42.0 (149176)|CODE_UNIT_STARTED|[EXTERNAL]|TRIGGERS
21:34:42.0 (874480)|CODE_UNIT_STARTED|[EXTERNAL]|01q0O000000ScpE|HFO_HotFoodBrandTrigger on HotFoodBrand trigger event BeforeUpdate|__sfdc_trigger/HFO_HotFoodBrandTrigger
21:34:42.0 (929147)|HEAP_ALLOCATE|[EXTERNAL]|Bytes:8
21:34:42.0 (980671)|HEAP_ALLOCATE|[EXTERNAL]|Bytes:8
21:34:42.0 (1438333)|HEAP_ALLOCATE|[72]|Bytes:3
21:34:42.0 (1501789)|HEAP_ALLOCATE|[77]|Bytes:152
21:34:42.0 (1519377)|HEAP_ALLOCATE|[342]|Bytes:408
21:34:42.0 (1534594)|HEAP_ALLOCATE|[355]|Bytes:408
21:34:42.0 (1546608)|HEAP_ALLOCATE|[467]|Bytes:48
21:34:42.0 (1576348)|HEAP_ALLOCATE|[139]|Bytes:6
21:34:42.0 (1592747)|HEAP_ALLOCATE|[EXTERNAL]|Bytes:8
21:34:42.0 (1709441)|HEAP_ALLOCATE|[EXTERNAL]|Bytes:12
21:34:42.0 (1720628)|VARIABLE_SCOPE_BEGIN|[7]|this|HFO_HotFoodBrandTrigger|true|false
21:34:42.0 (1772691)|VARIABLE_ASSIGNMENT|[7]|this|{}|0x6d742de6
21:34:42.0 (1836593)|HEAP_ALLOCATE|[EXTERNAL]|Bytes:12
21:34:42.0 (1845100)|VARIABLE_SCOPE_BEGIN|[7]|this|HFO_HotFoodBrandTrigger|true|false
21:34:42.0 (1860764)|VARIABLE_ASSIGNMENT|[7]|this|{}|0x6d742de6
21:34:42.0 (1868986)|STATEMENT_EXECUTE|[7]
21:34:42.0 (1871718)|STATEMENT_EXECUTE|[11]
21:34:42.0 (1887742)|HEAP_ALLOCATE|[11]|Bytes:4
21:34:42.0 (1993607)|HEAP_ALLOCATE|[50]|Bytes:5
21:34:42.0 (2021270)|HEAP_ALLOCATE|[56]|Bytes:5
21:34:42.0 (2031095)|HEAP_ALLOCATE|[64]|Bytes:7
21:34:42.0 (2077104)|HEAP_ALLOCATE|[EXTERNAL]|Bytes:4
21:34:42.0 (2093745)|VARIABLE_ASSIGNMENT|[11]|this.accountsWithBrands|[]|0x6d742de6
21:34:42.0 (2099629)|STATEMENT_EXECUTE|[12]
21:34:42.0 (2108260)|HEAP_ALLOCATE|[12]|Bytes:4
21:34:42.0 (2133433)|HEAP_ALLOCATE|[EXTERNAL]|Bytes:4
21:34:42.0 (2141550)|VARIABLE_ASSIGNMENT|[12]|this.updateAccountName|[]|0x6d742de6
21:34:42.0 (2389105)|HEAP_ALLOCATE|[15]|Bytes:5
21:34:42.0 (2431886)|HEAP_ALLOCATE|[15]|Bytes:4
21:34:42.0 (2443337)|VARIABLE_SCOPE_BEGIN|[15]|hotfood|HotFoodBrand__c|true|false
21:34:42.0 (2630955)|VARIABLE_ASSIGNMENT|[15]|hotfood|{"LastModifiedDate":"2018-08-31T19:27:22.000Z","IsDeleted":false,"OwnerId":"0050O0000072vcMQAQ","CreatedById":"0050O0000072vcMQAQ","CreatedDate":"2018-08-31T19:27:22.000Z","Id":"a010O00002EVy73QAD","LastModifiedById":"0050O0000072vcMQAQ","Name":"Gourmet Burger Kitch (11 more) ...","SystemModstamp":"2018-08-31T19:27:22.000Z"}|0x2667f5b3
21:34:42.0 (2643640)|STATEMENT_EXECUTE|[15]
21:34:42.0 (2646042)|STATEMENT_EXECUTE|[17]
21:34:42.0 (2671122)|VARIABLE_SCOPE_BEGIN|[17]|hotFoodBrandName|String|false|false
21:34:42.0 (2685481)|VARIABLE_ASSIGNMENT|[17]|hotFoodBrandName|"Gourmet Burger Kitch (11 more) ..."
21:34:42.0 (2689806)|STATEMENT_EXECUTE|[18]
21:34:42.0 (2693388)|HEAP_ALLOCATE|[18]|Bytes:18
21:34:42.0 (2715622)|HEAP_ALLOCATE|[18]|Bytes:49
21:34:42.0 (2881786)|USER_DEBUG|[18]|DEBUG|HotFoodBrandName :Gourmet Burger Kitchen - update
21:34:42.0 (2894916)|STATEMENT_EXECUTE|[21]
21:34:42.0 (2898787)|HEAP_ALLOCATE|[21]|Bytes:68
21:34:42.0 (2918224)|HEAP_ALLOCATE|[21]|Bytes:4
21:34:42.0 (2929691)|HEAP_ALLOCATE|[21]|Bytes:7
21:34:42.0 (3445191)|SOQL_EXECUTE_BEGIN|[21]|Aggregations:0|SELECT Id, BillingStreet FROM Account WHERE Brand_Name__c = :tmpVar1
21:34:42.0 (16381747)|SOQL_EXECUTE_END|[21]|Rows:4
21:34:42.0 (16409879)|HEAP_ALLOCATE|[21]|Bytes:20
21:34:42.0 (16431559)|HEAP_ALLOCATE|[21]|Bytes:152
21:34:42.0 (16468151)|HEAP_ALLOCATE|[21]|Bytes:20
21:34:42.0 (16527050)|VARIABLE_ASSIGNMENT|[21]|this.accountsWithBrands|[{"Id":"0010O000026pxWhQAI"},{"Id":"0010O000026pxWiQAI"},{"Id":"0010O000026pxWjQAI"},{"Id":"0010O000026pxWkQAI","BillingStreet":"Beeston High Street"}]|0x6d742de6
21:34:42.0 (16536245)|STATEMENT_EXECUTE|[22]
21:34:42.0 (16541363)|HEAP_ALLOCATE|[22]|Bytes:32
21:34:42.0 (16650062)|HEAP_ALLOCATE|[22]|Bytes:167
21:34:42.0 (16671207)|HEAP_ALLOCATE|[22]|Bytes:199
21:34:42.0 (16684036)|USER_DEBUG|[22]|DEBUG|Accounts Related to the Brands :(Account:{Id=0010O000026pxWhQAI}, Account:{Id=0010O000026pxWiQAI}, Account:{Id=0010O000026pxWjQAI}, Account:{Id=0010O000026pxWkQAI, BillingStreet=Beeston High Street})
21:34:42.0 (16823097)|HEAP_ALLOCATE|[26]|Bytes:5
21:34:42.0 (16858342)|HEAP_ALLOCATE|[26]|Bytes:8
21:34:42.0 (16869774)|VARIABLE_SCOPE_BEGIN|[26]|acc|Account|true|false
21:34:42.0 (16889104)|VARIABLE_ASSIGNMENT|[26]|acc|{"Id":"0010O000026pxWhQAI"}|0x78307ba1
21:34:42.0 (16895724)|STATEMENT_EXECUTE|[26]
21:34:42.0 (16904473)|STATEMENT_EXECUTE|[29]
21:34:42.0 (16906355)|STATEMENT_EXECUTE|[30]
21:34:42.0 (16910110)|HEAP_ALLOCATE|[30]|Bytes:18
21:34:42.0 (16918083)|HEAP_ALLOCATE|[30]|Bytes:49
21:34:42.0 (16969500)|HEAP_ALLOCATE|[30]|Bytes:-4
21:34:42.0 (16984605)|VARIABLE_ASSIGNMENT|[30]|this.Name|"Gourmet Burger Kitch (29 more) ..."|0x78307ba1
21:34:42.0 (16990402)|STATEMENT_EXECUTE|[32]
21:34:42.0 (17047061)|HEAP_ALLOCATE|[EXTERNAL]|Bytes:4
21:34:42.0 (17070252)|HEAP_ALLOCATE|[26]|Bytes:5
21:34:42.0 (17083532)|HEAP_ALLOCATE|[26]|Bytes:8
21:34:42.0 (17091464)|VARIABLE_SCOPE_BEGIN|[26]|acc|Account|true|false
21:34:42.0 (17108190)|VARIABLE_ASSIGNMENT|[26]|acc|{"Id":"0010O000026pxWiQAI"}|0x430ad0e2
21:34:42.0 (17114388)|STATEMENT_EXECUTE|[26]
21:34:42.0 (17119994)|STATEMENT_EXECUTE|[29]
21:34:42.0 (17121771)|STATEMENT_EXECUTE|[30]
21:34:42.0 (17127884)|HEAP_ALLOCATE|[30]|Bytes:49
21:34:42.0 (17157591)|HEAP_ALLOCATE|[30]|Bytes:-4
21:34:42.0 (17180888)|VARIABLE_ASSIGNMENT|[30]|this.Name|"Gourmet Burger Kitch (29 more) ..."|0x430ad0e2
21:34:42.0 (17187110)|STATEMENT_EXECUTE|[32]
21:34:42.0 (17202497)|HEAP_ALLOCATE|[EXTERNAL]|Bytes:4
21:34:42.0 (17216539)|HEAP_ALLOCATE|[26]|Bytes:5
21:34:42.0 (17227541)|HEAP_ALLOCATE|[26]|Bytes:8
21:34:42.0 (17234369)|VARIABLE_SCOPE_BEGIN|[26]|acc|Account|true|false
21:34:42.0 (17247915)|VARIABLE_ASSIGNMENT|[26]|acc|{"Id":"0010O000026pxWjQAI"}|0x16d02437
21:34:42.0 (17253672)|STATEMENT_EXECUTE|[26]
21:34:42.0 (17258325)|STATEMENT_EXECUTE|[29]
21:34:42.0 (17259976)|STATEMENT_EXECUTE|[30]
21:34:42.0 (17265063)|HEAP_ALLOCATE|[30]|Bytes:49
21:34:42.0 (17285218)|HEAP_ALLOCATE|[30]|Bytes:-4
21:34:42.0 (17296015)|VARIABLE_ASSIGNMENT|[30]|this.Name|"Gourmet Burger Kitch (29 more) ..."|0x16d02437
21:34:42.0 (17301227)|STATEMENT_EXECUTE|[32]
21:34:42.0 (17313191)|HEAP_ALLOCATE|[EXTERNAL]|Bytes:4
21:34:42.0 (17326024)|HEAP_ALLOCATE|[26]|Bytes:5
21:34:42.0 (17336695)|HEAP_ALLOCATE|[26]|Bytes:12
21:34:42.0 (17342651)|VARIABLE_SCOPE_BEGIN|[26]|acc|Account|true|false
21:34:42.0 (17358207)|VARIABLE_ASSIGNMENT|[26]|acc|{"Id":"0010O000026pxWkQAI","BillingStreet":"Beeston High Street"}|0x6f1ff877
21:34:42.0 (17363717)|STATEMENT_EXECUTE|[26]
21:34:42.0 (17382882)|STATEMENT_EXECUTE|[27]
21:34:42.0 (17384796)|STATEMENT_EXECUTE|[28]
21:34:42.0 (17388039)|HEAP_ALLOCATE|[28]|Bytes:1
21:34:42.0 (17404617)|HEAP_ALLOCATE|[28]|Bytes:51
21:34:42.0 (17422118)|HEAP_ALLOCATE|[28]|Bytes:-4
21:34:42.0 (17433191)|VARIABLE_ASSIGNMENT|[28]|this.Name|"Gourmet Burger Kitch (31 more) ..."|0x6f1ff877
21:34:42.0 (17438675)|STATEMENT_EXECUTE|[32]
21:34:42.0 (17450590)|HEAP_ALLOCATE|[EXTERNAL]|Bytes:4
21:34:42.0 (17463908)|HEAP_ALLOCATE|[26]|Bytes:5
21:34:42.0 (17475888)|VARIABLE_ASSIGNMENT|[26]|acc|null|
21:34:42.0 (17481456)|STATEMENT_EXECUTE|[36]
21:34:42.0 (17536205)|DML_BEGIN|[36]|Op:Update|Type:Account|Rows:4
21:34:42.0 (17567522)|HEAP_ALLOCATE|[EXTERNAL]|Bytes:20
21:34:42.0 (31322761)|CODE_UNIT_STARTED|[EXTERNAL]|DuplicateDetector
21:34:42.0 (31342775)|DUPLICATE_DETECTION_BEGIN
21:34:42.0 (31404368)|DUPLICATE_DETECTION_RULE_INVOCATION|DuplicateRuleId:0Bm0O000001ZJEo|DuplicateRuleName:Standard Account Duplicate Rule|DmlType:UPDATE
21:34:42.0 (31454885)|DUPLICATE_DETECTION_END
21:34:42.0 (31460474)|CODE_UNIT_FINISHED|DuplicateDetector
21:34:42.0 (58005127)|DML_END|[36]
21:34:42.0 (58088733)|HEAP_ALLOCATE|[EXTERNAL]|Bytes:20
21:34:42.0 (58114159)|STATEMENT_EXECUTE|[37]
21:34:42.0 (58125351)|HEAP_ALLOCATE|[37]|Bytes:36
21:34:42.0 (58294653)|HEAP_ALLOCATE|[37]|Bytes:393
21:34:42.0 (58318650)|HEAP_ALLOCATE|[37]|Bytes:429
21:34:42.0 (58334410)|USER_DEBUG|[37]|DEBUG|Account name is updated for accounts(Account:{Id=0010O000026pxWhQAI, Name=Gourmet Burger Kitchen - update-Dummy street name}, Account:{Id=0010O000026pxWiQAI, Name=Gourmet Burger Kitchen - update-Dummy street name}, Account:{Id=0010O000026pxWjQAI, Name=Gourmet Burger Kitchen - update-Dummy street name}, Account:{Id=0010O000026pxWkQAI, BillingStreet=Beeston High Street, Name=Gourmet Burger Kitchen - update-Beeston High Street})
21:34:42.0 (58370569)|HEAP_ALLOCATE|[15]|Bytes:5
21:34:42.0 (58400119)|VARIABLE_ASSIGNMENT|[15]|hotfood|null|
21:34:42.58 (58414908)|CUMULATIVE_LIMIT_USAGE
21:34:42.58 (58414908)|LIMIT_USAGE_FOR_NS|(default)|
  Number of SOQL queries: 1 out of 100
  Number of query rows: 4 out of 50000
  Number of SOSL queries: 0 out of 20
  Number of DML statements: 1 out of 150
  Number of DML rows: 4 out of 10000
  Maximum CPU time: 0 out of 10000
  Maximum heap size: 0 out of 6000000
  Number of callouts: 0 out of 100
  Number of Email Invocations: 0 out of 10
  Number of future calls: 0 out of 50
  Number of queueable jobs added to the queue: 0 out of 50
  Number of Mobile Apex push calls: 0 out of 10

21:34:42.58 (58414908)|CUMULATIVE_LIMIT_USAGE_END

21:34:42.0 (59292818)|CODE_UNIT_FINISHED|HFO_HotFoodBrandTrigger on HotFoodBrand trigger event BeforeUpdate|__sfdc_trigger/HFO_HotFoodBrandTrigger
21:34:42.0 (135847103)|CODE_UNIT_STARTED|[EXTERNAL]|DuplicateDetector
21:34:42.0 (135870377)|DUPLICATE_DETECTION_BEGIN
21:34:42.0 (135948003)|DUPLICATE_DETECTION_RULE_INVOCATION|DuplicateRuleId:0Bm0O000001ZJEo|DuplicateRuleName:Standard Account Duplicate Rule|DmlType:UPDATE
21:34:42.0 (158452171)|DUPLICATE_DETECTION_MATCH_INVOCATION_DETAILS|EntityId:0010O000026pxWi|ActionTaken:Allow_[Report]|DuplicateRecordIds:
21:34:42.0 (158470485)|DUPLICATE_DETECTION_MATCH_INVOCATION_DETAILS|EntityId:0010O000026pxWh|ActionTaken:Allow_[Report]|DuplicateRecordIds:
21:34:42.0 (158479557)|DUPLICATE_DETECTION_MATCH_INVOCATION_DETAILS|EntityId:0010O000026pxWk|ActionTaken:Allow_[Report]|DuplicateRecordIds:
21:34:42.0 (158487696)|DUPLICATE_DETECTION_MATCH_INVOCATION_DETAILS|EntityId:0010O000026pxWj|ActionTaken:Allow_[Report]|DuplicateRecordIds:
21:34:42.0 (158507896)|DUPLICATE_DETECTION_MATCH_INVOCATION_SUMMARY|EntityType:Account|NumRecordsToBeSaved:4|NumRecordsToBeSavedWithDuplicates:0|NumDuplicateRecordsFound:0
21:34:42.0 (158681485)|DUPLICATE_DETECTION_END
21:34:42.0 (158692908)|CODE_UNIT_FINISHED|DuplicateDetector
21:34:42.0 (187418571)|CODE_UNIT_FINISHED|TRIGGERS
21:34:42.0 (187433956)|EXECUTION_FINISHED
