43.0 APEX_CODE,FINEST;APEX_PROFILING,INFO;CALLOUT,INFO;DB,INFO;NBA,INFO;SYSTEM,DEBUG;VALIDATION,INFO;VISUALFORCE,INFO;WAVE,INFO;WORKFLOW,INFO
01:21:01.0 (87746)|USER_INFO|[EXTERNAL]|0050O0000072vcM|himanshu232@hotmail.com|Greenwich Mean Time|GMT+01:00
01:21:01.0 (147458)|EXECUTION_STARTED
01:21:01.0 (153186)|CODE_UNIT_STARTED|[EXTERNAL]|Aura
01:21:01.0 (1771378)|CODE_UNIT_STARTED|[EXTERNAL]|01p0O00000BMBHd|HotFoodBrandController.getBrands()
01:21:01.0 (1959695)|HEAP_ALLOCATE|[72]|Bytes:3
01:21:01.0 (2029842)|HEAP_ALLOCATE|[77]|Bytes:152
01:21:01.0 (2047473)|HEAP_ALLOCATE|[342]|Bytes:408
01:21:01.0 (2064617)|HEAP_ALLOCATE|[355]|Bytes:408
01:21:01.0 (2076654)|HEAP_ALLOCATE|[467]|Bytes:48
01:21:01.0 (2104253)|HEAP_ALLOCATE|[139]|Bytes:6
01:21:01.0 (2178853)|HEAP_ALLOCATE|[EXTERNAL]|Bytes:3
01:21:01.0 (2192367)|METHOD_ENTRY|[1]|01p0O00000BMBHd|HotFoodBrandController.HotFoodBrandController()
01:21:01.0 (2199796)|STATEMENT_EXECUTE|[1]
01:21:01.0 (2205697)|STATEMENT_EXECUTE|[1]
01:21:01.0 (2210255)|METHOD_EXIT|[1]|HotFoodBrandController
01:21:01.0 (2224291)|SYSTEM_MODE_ENTER|false
01:21:01.0 (2232994)|STATEMENT_EXECUTE|[3]
01:21:01.0 (2234907)|STATEMENT_EXECUTE|[4]
01:21:01.0 (2238818)|HEAP_ALLOCATE|[4]|Bytes:66
01:21:01.0 (2266269)|HEAP_ALLOCATE|[4]|Bytes:4
01:21:01.0 (2310985)|HEAP_ALLOCATE|[50]|Bytes:5
01:21:01.0 (2333742)|HEAP_ALLOCATE|[56]|Bytes:5
01:21:01.0 (2341932)|HEAP_ALLOCATE|[64]|Bytes:7
01:21:01.0 (2642864)|SOQL_EXECUTE_BEGIN|[4]|Aggregations:0|SELECT Id, name FROM HotFoodBrand__c ORDER BY name ASC NULLS FIRST
01:21:01.0 (4656492)|SOQL_EXECUTE_END|[4]|Rows:8
01:21:01.0 (4680797)|HEAP_ALLOCATE|[4]|Bytes:36
01:21:01.0 (4709034)|HEAP_ALLOCATE|[4]|Bytes:389
01:21:01.0 (4819029)|HEAP_ALLOCATE|[4]|Bytes:36
01:21:01.0 (4836011)|SYSTEM_MODE_EXIT|false
01:21:01.4 (4863549)|CUMULATIVE_LIMIT_USAGE
01:21:01.4 (4863549)|LIMIT_USAGE_FOR_NS|(default)|
  Number of SOQL queries: 1 out of 100
  Number of query rows: 8 out of 50000
  Number of SOSL queries: 0 out of 20
  Number of DML statements: 0 out of 150
  Number of DML rows: 0 out of 10000
  Maximum CPU time: 0 out of 10000
  Maximum heap size: 0 out of 6000000
  Number of callouts: 0 out of 100
  Number of Email Invocations: 0 out of 10
  Number of future calls: 0 out of 50
  Number of queueable jobs added to the queue: 0 out of 50
  Number of Mobile Apex push calls: 0 out of 10

01:21:01.4 (4863549)|CUMULATIVE_LIMIT_USAGE_END

01:21:01.0 (4973277)|CODE_UNIT_FINISHED|HotFoodBrandController.getBrands()
01:21:01.0 (5082308)|CODE_UNIT_FINISHED|Aura
01:21:01.0 (6328344)|EXECUTION_FINISHED
