43.0 APEX_CODE,FINEST;APEX_PROFILING,INFO;CALLOUT,INFO;DB,INFO;NBA,INFO;SYSTEM,DEBUG;VALIDATION,INFO;VISUALFORCE,INFO;WAVE,INFO;WORKFLOW,INFO
00:50:33.0 (94448)|USER_INFO|[EXTERNAL]|0050O0000072vcM|himanshu232@hotmail.com|Greenwich Mean Time|GMT+01:00
00:50:33.0 (157051)|EXECUTION_STARTED
00:50:33.0 (162962)|CODE_UNIT_STARTED|[EXTERNAL]|Aura
00:50:33.0 (1195880)|CODE_UNIT_STARTED|[EXTERNAL]|01p0O00000BMBHd|HotFoodBrandController.getBrands()
00:50:33.0 (1359920)|HEAP_ALLOCATE|[72]|Bytes:3
00:50:33.0 (1417421)|HEAP_ALLOCATE|[77]|Bytes:152
00:50:33.0 (1434759)|HEAP_ALLOCATE|[342]|Bytes:408
00:50:33.0 (1451038)|HEAP_ALLOCATE|[355]|Bytes:408
00:50:33.0 (1463630)|HEAP_ALLOCATE|[467]|Bytes:48
00:50:33.0 (1489138)|HEAP_ALLOCATE|[139]|Bytes:6
00:50:33.0 (1559507)|HEAP_ALLOCATE|[EXTERNAL]|Bytes:1
00:50:33.0 (1572463)|METHOD_ENTRY|[1]|01p0O00000BMBHd|HotFoodBrandController.HotFoodBrandController()
00:50:33.0 (1578863)|STATEMENT_EXECUTE|[1]
00:50:33.0 (1584765)|STATEMENT_EXECUTE|[1]
00:50:33.0 (1589220)|METHOD_EXIT|[1]|HotFoodBrandController
00:50:33.0 (1604172)|SYSTEM_MODE_ENTER|false
00:50:33.0 (1613841)|STATEMENT_EXECUTE|[3]
00:50:33.0 (1615694)|STATEMENT_EXECUTE|[5]
00:50:33.0 (1618948)|HEAP_ALLOCATE|[5]|Bytes:66
00:50:33.0 (1644647)|HEAP_ALLOCATE|[5]|Bytes:4
00:50:33.0 (1688337)|HEAP_ALLOCATE|[50]|Bytes:5
00:50:33.0 (1712091)|HEAP_ALLOCATE|[56]|Bytes:5
00:50:33.0 (1719510)|HEAP_ALLOCATE|[64]|Bytes:7
00:50:33.0 (1993712)|SOQL_EXECUTE_BEGIN|[5]|Aggregations:0|SELECT Id, name FROM HotFoodBrand__c ORDER BY name ASC NULLS FIRST
00:50:33.0 (3749362)|SOQL_EXECUTE_END|[5]|Rows:8
00:50:33.0 (3774004)|HEAP_ALLOCATE|[5]|Bytes:36
00:50:33.0 (3799738)|HEAP_ALLOCATE|[5]|Bytes:389
00:50:33.0 (3893963)|HEAP_ALLOCATE|[5]|Bytes:36
00:50:33.0 (3908934)|SYSTEM_MODE_EXIT|false
00:50:33.3 (3936997)|CUMULATIVE_LIMIT_USAGE
00:50:33.3 (3936997)|LIMIT_USAGE_FOR_NS|(default)|
  Number of SOQL queries: 1 out of 100
  Number of query rows: 8 out of 50000
  Number of SOSL queries: 0 out of 20
  Number of DML statements: 0 out of 150
  Number of DML rows: 0 out of 10000
  Maximum CPU time: 0 out of 10000
  Maximum heap size: 0 out of 6000000
  Number of callouts: 0 out of 100
  Number of Email Invocations: 0 out of 10
  Number of future calls: 0 out of 50
  Number of queueable jobs added to the queue: 0 out of 50
  Number of Mobile Apex push calls: 0 out of 10

00:50:33.3 (3936997)|CUMULATIVE_LIMIT_USAGE_END

00:50:33.0 (3977522)|CODE_UNIT_FINISHED|HotFoodBrandController.getBrands()
00:50:33.0 (4072075)|CODE_UNIT_FINISHED|Aura
00:50:33.0 (5061811)|EXECUTION_FINISHED
