43.0 APEX_CODE,FINEST;APEX_PROFILING,INFO;CALLOUT,INFO;DB,INFO;NBA,INFO;SYSTEM,DEBUG;VALIDATION,INFO;VISUALFORCE,INFO;WAVE,INFO;WORKFLOW,INFO
01:23:21.0 (85408)|USER_INFO|[EXTERNAL]|0050O0000072vcM|himanshu232@hotmail.com|Greenwich Mean Time|GMT+01:00
01:23:21.0 (148733)|EXECUTION_STARTED
01:23:21.0 (153613)|CODE_UNIT_STARTED|[EXTERNAL]|Aura
01:23:21.0 (779526)|HEAP_ALLOCATE|[72]|Bytes:3
01:23:21.0 (830265)|HEAP_ALLOCATE|[77]|Bytes:152
01:23:21.0 (846067)|HEAP_ALLOCATE|[342]|Bytes:408
01:23:21.0 (861452)|HEAP_ALLOCATE|[355]|Bytes:408
01:23:21.0 (873547)|HEAP_ALLOCATE|[467]|Bytes:48
01:23:21.0 (895947)|HEAP_ALLOCATE|[139]|Bytes:6
01:23:21.0 (1632121)|CODE_UNIT_STARTED|[EXTERNAL]|01p0O00000BMBHd|HotFoodBrandController.findByBrandName(String)
01:23:21.0 (1730016)|HEAP_ALLOCATE|[EXTERNAL]|Bytes:3
01:23:21.0 (1744701)|METHOD_ENTRY|[1]|01p0O00000BMBHd|HotFoodBrandController.HotFoodBrandController()
01:23:21.0 (1751135)|STATEMENT_EXECUTE|[1]
01:23:21.0 (1756616)|STATEMENT_EXECUTE|[1]
01:23:21.0 (1761665)|METHOD_EXIT|[1]|HotFoodBrandController
01:23:21.0 (1773528)|SYSTEM_MODE_ENTER|false
01:23:21.0 (1781328)|VARIABLE_SCOPE_BEGIN|[9]|searchKey|String|false|false
01:23:21.0 (1804166)|VARIABLE_ASSIGNMENT|[9]|searchKey|""
01:23:21.0 (1813903)|STATEMENT_EXECUTE|[9]
01:23:21.0 (1815739)|STATEMENT_EXECUTE|[10]
01:23:21.0 (1819796)|HEAP_ALLOCATE|[10]|Bytes:1
01:23:21.0 (1833614)|HEAP_ALLOCATE|[10]|Bytes:2
01:23:21.0 (1840022)|VARIABLE_SCOPE_BEGIN|[10]|brandname|String|false|false
01:23:21.0 (1852690)|VARIABLE_ASSIGNMENT|[10]|brandname|"%%"
01:23:21.0 (1856892)|STATEMENT_EXECUTE|[11]
01:23:21.0 (1859706)|HEAP_ALLOCATE|[11]|Bytes:61
01:23:21.0 (1879744)|HEAP_ALLOCATE|[11]|Bytes:4
01:23:21.0 (1891923)|HEAP_ALLOCATE|[11]|Bytes:7
01:23:21.0 (1930765)|HEAP_ALLOCATE|[50]|Bytes:5
01:23:21.0 (1952001)|HEAP_ALLOCATE|[56]|Bytes:5
01:23:21.0 (1959622)|HEAP_ALLOCATE|[64]|Bytes:7
01:23:21.0 (2266617)|SOQL_EXECUTE_BEGIN|[11]|Aggregations:0|SELECT id, name FROM HotFoodBrand__c WHERE name LIKE :tmpVar1
01:23:21.0 (3985729)|SOQL_EXECUTE_END|[11]|Rows:8
01:23:21.0 (4007491)|HEAP_ALLOCATE|[11]|Bytes:36
01:23:21.0 (4032093)|HEAP_ALLOCATE|[11]|Bytes:389
01:23:21.0 (4108764)|HEAP_ALLOCATE|[11]|Bytes:36
01:23:21.0 (4122282)|SYSTEM_MODE_EXIT|false
01:23:21.4 (4150018)|CUMULATIVE_LIMIT_USAGE
01:23:21.4 (4150018)|LIMIT_USAGE_FOR_NS|(default)|
  Number of SOQL queries: 1 out of 100
  Number of query rows: 8 out of 50000
  Number of SOSL queries: 0 out of 20
  Number of DML statements: 0 out of 150
  Number of DML rows: 0 out of 10000
  Maximum CPU time: 0 out of 10000
  Maximum heap size: 0 out of 6000000
  Number of callouts: 0 out of 100
  Number of Email Invocations: 0 out of 10
  Number of future calls: 0 out of 50
  Number of queueable jobs added to the queue: 0 out of 50
  Number of Mobile Apex push calls: 0 out of 10

01:23:21.4 (4150018)|CUMULATIVE_LIMIT_USAGE_END

01:23:21.0 (4191167)|CODE_UNIT_FINISHED|HotFoodBrandController.findByBrandName(String)
01:23:21.0 (4283828)|CODE_UNIT_FINISHED|Aura
01:23:21.0 (5551887)|EXECUTION_FINISHED
