43.0 APEX_CODE,FINEST;APEX_PROFILING,INFO;CALLOUT,INFO;DB,INFO;NBA,INFO;SYSTEM,DEBUG;VALIDATION,INFO;VISUALFORCE,INFO;WAVE,INFO;WORKFLOW,INFO
00:46:15.0 (83552)|USER_INFO|[EXTERNAL]|0050O0000072vcM|himanshu232@hotmail.com|Greenwich Mean Time|GMT+01:00
00:46:15.0 (138823)|EXECUTION_STARTED
00:46:15.0 (144226)|CODE_UNIT_STARTED|[EXTERNAL]|Aura
00:46:15.0 (1185786)|CODE_UNIT_STARTED|[EXTERNAL]|01p0O00000BMBHd|HotFoodBrandController.getBrands()
00:46:15.0 (1336546)|HEAP_ALLOCATE|[72]|Bytes:3
00:46:15.0 (1393166)|HEAP_ALLOCATE|[77]|Bytes:152
00:46:15.0 (1410175)|HEAP_ALLOCATE|[342]|Bytes:408
00:46:15.0 (1426485)|HEAP_ALLOCATE|[355]|Bytes:408
00:46:15.0 (1438357)|HEAP_ALLOCATE|[467]|Bytes:48
00:46:15.0 (1463908)|HEAP_ALLOCATE|[139]|Bytes:6
00:46:15.0 (1517250)|HEAP_ALLOCATE|[EXTERNAL]|Bytes:1
00:46:15.0 (1530346)|METHOD_ENTRY|[1]|01p0O00000BMBHd|HotFoodBrandController.HotFoodBrandController()
00:46:15.0 (1537309)|STATEMENT_EXECUTE|[1]
00:46:15.0 (1543000)|STATEMENT_EXECUTE|[1]
00:46:15.0 (1547589)|METHOD_EXIT|[1]|HotFoodBrandController
00:46:15.0 (1560557)|SYSTEM_MODE_ENTER|false
00:46:15.0 (1569753)|STATEMENT_EXECUTE|[3]
00:46:15.0 (1571787)|STATEMENT_EXECUTE|[5]
00:46:15.0 (1575136)|HEAP_ALLOCATE|[5]|Bytes:66
00:46:15.0 (1600148)|HEAP_ALLOCATE|[5]|Bytes:4
00:46:15.0 (1637891)|HEAP_ALLOCATE|[50]|Bytes:5
00:46:15.0 (1662097)|HEAP_ALLOCATE|[56]|Bytes:5
00:46:15.0 (1670287)|HEAP_ALLOCATE|[64]|Bytes:7
00:46:15.0 (1957437)|SOQL_EXECUTE_BEGIN|[5]|Aggregations:0|SELECT Id, name FROM HotFoodBrand__c ORDER BY name ASC NULLS FIRST
00:46:15.0 (3676434)|SOQL_EXECUTE_END|[5]|Rows:8
00:46:15.0 (3697735)|HEAP_ALLOCATE|[5]|Bytes:36
00:46:15.0 (3722807)|HEAP_ALLOCATE|[5]|Bytes:389
00:46:15.0 (3816311)|HEAP_ALLOCATE|[5]|Bytes:36
00:46:15.0 (3830285)|SYSTEM_MODE_EXIT|false
00:46:15.3 (3860121)|CUMULATIVE_LIMIT_USAGE
00:46:15.3 (3860121)|LIMIT_USAGE_FOR_NS|(default)|
  Number of SOQL queries: 1 out of 100
  Number of query rows: 8 out of 50000
  Number of SOSL queries: 0 out of 20
  Number of DML statements: 0 out of 150
  Number of DML rows: 0 out of 10000
  Maximum CPU time: 0 out of 10000
  Maximum heap size: 0 out of 6000000
  Number of callouts: 0 out of 100
  Number of Email Invocations: 0 out of 10
  Number of future calls: 0 out of 50
  Number of queueable jobs added to the queue: 0 out of 50
  Number of Mobile Apex push calls: 0 out of 10

00:46:15.3 (3860121)|CUMULATIVE_LIMIT_USAGE_END

00:46:15.0 (3899705)|CODE_UNIT_FINISHED|HotFoodBrandController.getBrands()
00:46:15.0 (3987190)|CODE_UNIT_FINISHED|Aura
00:46:15.0 (5044155)|EXECUTION_FINISHED
